Log file open, 02/28/22 20:31:50
LogWindows: Failed to load 'aqProf.dll' (GetLastError=126)
LogWindows: File 'aqProf.dll' does not exist
LogWindows: Failed to load 'VtuneApi.dll' (GetLastError=126)
LogWindows: File 'VtuneApi.dll' does not exist
LogWindows: Failed to load 'VtuneApi32e.dll' (GetLastError=126)
LogWindows: File 'VtuneApi32e.dll' does not exist
LogConsoleResponse: Display: Failed to find resolution value strings in scalability ini. Falling back to default.
LogConsoleResponse: Display: Failed to find resolution value strings in scalability ini. Falling back to default.
LogInit: Display: Running engine for game: Safari_Snapshot
LogPlatformFile: Not using cached read wrapper
LogTaskGraph: Started task graph with 5 named threads and 47 total threads with 3 sets of task threads.
LogStats: Stats thread started at 0.182051
LogICUInternationalization: ICU TimeZone Detection - Raw Offset: -5:00, Platform Override: ''
LogInit: Display: Loading text-based GConfig....
LogPluginManager: Mounting plugin MeshPainting
LogPluginManager: Mounting plugin XGEController
LogPluginManager: Mounting plugin Paper2D
LogPluginManager: Mounting plugin LiveLink
LogPluginManager: Mounting plugin AISupport
LogPluginManager: Mounting plugin EnvironmentQueryEditor
LogPluginManager: Mounting plugin GameplayCameras
LogPluginManager: Mounting plugin LightPropagationVolume
LogPluginManager: Mounting plugin CameraShakePreviewer
LogPluginManager: Mounting plugin OodleData
LogPluginManager: Mounting plugin CLionSourceCodeAccess
LogPluginManager: Mounting plugin OodleNetwork
LogPluginManager: Mounting plugin CodeLiteSourceCodeAccess
LogPluginManager: Mounting plugin GitSourceControl
LogPluginManager: Mounting plugin KDevelopSourceCodeAccess
LogPluginManager: Mounting plugin AnimationSharing
LogPluginManager: Mounting plugin PluginUtils
LogPluginManager: Mounting plugin PropertyAccessNode
LogPluginManager: Mounting plugin PlasticSourceControl
LogPluginManager: Mounting plugin RiderSourceCodeAccess
LogPluginManager: Mounting plugin NullSourceCodeAccess
LogPluginManager: Mounting plugin SubversionSourceControl
LogPluginManager: Mounting plugin TextureFormatOodle
LogPluginManager: Mounting plugin PixWinPlugin
LogPluginManager: Mounting plugin UObjectPlugin
LogPluginManager: Mounting plugin VisualStudioCodeSourceCodeAccess
LogPluginManager: Mounting plugin VisualStudioSourceCodeAccess
LogPluginManager: Mounting plugin XCodeSourceCodeAccess
LogPluginManager: Mounting plugin PerforceSourceControl
LogPluginManager: Mounting plugin DatasmithContent
LogPluginManager: Mounting plugin VariantManagerContent
LogPluginManager: Mounting plugin Niagara
LogPluginManager: Mounting plugin AlembicImporter
LogPluginManager: Mounting plugin AutomationUtils
LogPluginManager: Mounting plugin BackChannel
LogPluginManager: Mounting plugin ChaosCloth
LogPluginManager: Mounting plugin ChaosClothEditor
LogPluginManager: Mounting plugin ChaosEditor
LogPluginManager: Mounting plugin ChaosSolverPlugin
LogPluginManager: Mounting plugin ChaosNiagara
LogPluginManager: Mounting plugin CharacterAI
LogPluginManager: Mounting plugin GeometryCache
LogPluginManager: Mounting plugin GeometryCollectionPlugin
LogPluginManager: Mounting plugin LuminPlatformFeatures
LogPluginManager: Mounting plugin MagicLeap
LogPluginManager: Mounting plugin MagicLeapLightEstimation
LogPluginManager: Mounting plugin MagicLeapMedia
LogPluginManager: Mounting plugin MagicLeapPassableWorld
LogPluginManager: Mounting plugin MLSDK
LogPluginManager: Mounting plugin AssetManagerEditor
LogPluginManager: Mounting plugin AndroidMedia
LogPluginManager: Mounting plugin AvfMedia
LogPluginManager: Mounting plugin CryptoKeys
LogPluginManager: Mounting plugin DataValidation
LogPluginManager: Mounting plugin CurveEditorTools
LogPluginManager: Mounting plugin ImgMedia
LogPluginManager: Mounting plugin MediaCompositing
LogPluginManager: Mounting plugin MediaPlayerEditor
LogPluginManager: Mounting plugin FacialAnimation
LogPluginManager: Mounting plugin GeometryMode
LogPluginManager: Mounting plugin MacGraphicsSwitching
LogPluginManager: Mounting plugin WebMMedia
LogPluginManager: Mounting plugin WmfMedia
LogPluginManager: Mounting plugin MaterialAnalyzer
LogPluginManager: Mounting plugin GameplayTagsEditor
LogPluginManager: Mounting plugin MobileLauncherProfileWizard
LogPluginManager: Mounting plugin PluginBrowser
LogPluginManager: Mounting plugin GeometryProcessing
LogPluginManager: Mounting plugin SpeedTreeImporter
LogPluginManager: Mounting plugin OpenImageDenoise
LogPluginManager: Mounting plugin MotoSynth
LogPluginManager: Mounting plugin PlanarCut
LogPluginManager: Mounting plugin PlatformCrypto
LogPluginManager: Mounting plugin ProxyLODPlugin
LogPluginManager: Mounting plugin PythonScriptPlugin
LogPluginManager: Mounting plugin SkeletalReduction
LogPluginManager: Mounting plugin ActorSequence
LogPluginManager: Mounting plugin LevelSequenceEditor
LogPluginManager: Mounting plugin MatineeToLevelSequence
LogPluginManager: Mounting plugin TemplateSequence
LogPluginManager: Mounting plugin LauncherChunkInstaller
LogPluginManager: Mounting plugin TcpMessaging
LogPluginManager: Mounting plugin UdpMessaging
LogPluginManager: Mounting plugin OnlineSubsystem
LogPluginManager: Mounting plugin OnlineSubsystemNull
LogPluginManager: Mounting plugin OnlineSubsystemUtils
LogPluginManager: Mounting plugin ActorLayerUtilities
LogPluginManager: Mounting plugin AndroidDeviceProfileSelector
LogPluginManager: Mounting plugin AndroidMoviePlayer
LogPluginManager: Mounting plugin AndroidPermission
LogPluginManager: Mounting plugin AppleMoviePlayer
LogPluginManager: Mounting plugin AppleImageUtils
LogPluginManager: Mounting plugin AssetTags
LogPluginManager: Mounting plugin ArchVisCharacter
LogPluginManager: Mounting plugin AudioCapture
LogPluginManager: Mounting plugin AudioSynesthesia
LogPluginManager: Mounting plugin ChunkDownloader
LogPluginManager: Mounting plugin CableComponent
LogPluginManager: Mounting plugin CustomMeshComponent
LogPluginManager: Mounting plugin ExampleDeviceProfileSelector
LogPluginManager: Mounting plugin EditableMesh
LogPluginManager: Mounting plugin GooglePAD
LogPluginManager: Mounting plugin GoogleCloudMessaging
LogPluginManager: Mounting plugin ScreenshotTools
LogPluginManager: Mounting plugin IOSDeviceProfileSelector
LogPluginManager: Mounting plugin LinuxDeviceProfileSelector
LogPluginManager: Mounting plugin LocationServicesBPLibrary
LogPluginManager: Mounting plugin Takes
LogPluginManager: Mounting plugin MobilePatchingUtils
LogPluginManager: Mounting plugin OpenXR
LogPluginManager: Mounting plugin OpenXRHandTracking
LogPluginManager: Mounting plugin OpenXREyeTracker
LogPluginManager: Mounting plugin PhysXVehicles
LogPluginManager: Mounting plugin PostSplashScreen
LogPluginManager: Mounting plugin ProceduralMeshComponent
LogPluginManager: Mounting plugin RuntimePhysXCooking
LogPluginManager: Mounting plugin SignificanceManager
LogPluginManager: Mounting plugin PropertyAccessEditor
LogPluginManager: Mounting plugin SoundFields
LogPluginManager: Mounting plugin Synthesis
LogPluginManager: Mounting plugin WebMMoviePlayer
LogPluginManager: Mounting plugin WindowsMoviePlayer
LogPluginManager: Mounting plugin ContentBrowserAssetDataSource
LogPluginManager: Mounting plugin ContentBrowserClassDataSource
LogPluginManager: Mounting plugin ContentBrowserFileDataSource
LogPluginManager: Mounting plugin OnlineSubsystemGooglePlay
LogPluginManager: Mounting plugin OnlineSubsystemIOS
LogPluginManager: Mounting plugin OculusVR
LogPluginManager: Mounting plugin SteamVR
PixWinPlugin: PIX capture plugin failed to initialize! Check that the process is launched from PIX.
LogInit: Using libcurl 7.55.1-DEV
LogInit:  - built for x86_64-pc-win32
LogInit:  - supports SSL with OpenSSL/1.1.1
LogInit:  - supports HTTP deflate (compression) using libz 1.2.8
LogInit:  - other features:
LogInit:      CURL_VERSION_SSL
LogInit:      CURL_VERSION_LIBZ
LogInit:      CURL_VERSION_IPV6
LogInit:      CURL_VERSION_ASYNCHDNS
LogInit:      CURL_VERSION_LARGEFILE
LogInit:      CURL_VERSION_IDN
LogInit:  CurlRequestOptions (configurable via config and command line):
LogInit:  - bVerifyPeer = true  - Libcurl will verify peer certificate
LogInit:  - bUseHttpProxy = false  - Libcurl will NOT use HTTP proxy
LogInit:  - bDontReuseConnections = false  - Libcurl will reuse connections
LogInit:  - MaxHostConnections = 16  - Libcurl will limit the number of connections to a host
LogInit:  - LocalHostAddr = Default
LogInit:  - BufferSize = 65536
LogOnline: OSS: Creating online subsystem instance for: NULL
LogInit: WinSock: version 1.1 (2.2), MaxSocks=32767, MaxUdp=65467
LogOnline: OSS: TryLoadSubsystemAndSetDefault: Loaded subsystem for module [NULL]
LogOculusPluginWrapper: OculusPlugin initialized successfully
LogHMD: Failed initializing OVRPlugin 1.59.0
LogInit: Build: ++UE4+Release-4.27-CL-18319896
LogInit: Engine Version: 4.27.2-18319896+++UE4+Release-4.27
LogInit: Compatible Engine Version: 4.27.0-17155196+++UE4+Release-4.27
LogInit: Net CL: 17155196
LogInit: OS: Windows 10 (Release 2009) (), CPU: AMD Ryzen 9 5900HS with Radeon Graphics        , GPU: AMD Radeon(TM) Graphics
LogInit: Compiled (64-bit): Nov 30 2021 07:12:08
LogInit: Compiled with Visual C++: 19.24.28315.00
LogInit: Build Configuration: Development
LogInit: Branch Name: ++UE4+Release-4.27
LogInit: Command Line:  -EpicPortal -epicusername=jamesos333 -epicuserid=e4c4335781a64ca5bf890ddfb8175f6f -epiclocale=en -epicsandboxid=ue
LogInit: Base Directory: C:/Program Files/Epic Games/UE_4.27/Engine/Binaries/Win64/
LogInit: Allocator: TBB
LogInit: Installed Engine Build: 1
LogDevObjectVersion: Number of dev versions registered: 29
LogDevObjectVersion:   Dev-Blueprints (B0D832E4-1F89-4F0D-ACCF-7EB736FD4AA2): 10
LogDevObjectVersion:   Dev-Build (E1C64328-A22C-4D53-A36C-8E866417BD8C): 0
LogDevObjectVersion:   Dev-Core (375EC13C-06E4-48FB-B500-84F0262A717E): 4
LogDevObjectVersion:   Dev-Editor (E4B068ED-F494-42E9-A231-DA0B2E46BB41): 40
LogDevObjectVersion:   Dev-Framework (CFFC743F-43B0-4480-9391-14DF171D2073): 37
LogDevObjectVersion:   Dev-Mobile (B02B49B5-BB20-44E9-A304-32B752E40360): 3
LogDevObjectVersion:   Dev-Networking (A4E4105C-59A1-49B5-A7C5-40C4547EDFEE): 0
LogDevObjectVersion:   Dev-Online (39C831C9-5AE6-47DC-9A44-9C173E1C8E7C): 0
LogDevObjectVersion:   Dev-Physics (78F01B33-EBEA-4F98-B9B4-84EACCB95AA2): 14
LogDevObjectVersion:   Dev-Platform (6631380F-2D4D-43E0-8009-CF276956A95A): 0
LogDevObjectVersion:   Dev-Rendering (12F88B9F-8875-4AFC-A67C-D90C383ABD29): 45
LogDevObjectVersion:   Dev-Sequencer (7B5AE74C-D270-4C10-A958-57980B212A5A): 13
LogDevObjectVersion:   Dev-VR (D7296918-1DD6-4BDD-9DE2-64A83CC13884): 3
LogDevObjectVersion:   Dev-LoadTimes (C2A15278-BFE7-4AFE-6C17-90FF531DF755): 1
LogDevObjectVersion:   Private-Geometry (6EACA3D4-40EC-4CC1-B786-8BED09428FC5): 3
LogDevObjectVersion:   Dev-AnimPhys (29E575DD-E0A3-4627-9D10-D276232CDCEA): 17
LogDevObjectVersion:   Dev-Anim (AF43A65D-7FD3-4947-9873-3E8ED9C1BB05): 15
LogDevObjectVersion:   Dev-ReflectionCapture (6B266CEC-1EC7-4B8F-A30B-E4D90942FC07): 1
LogDevObjectVersion:   Dev-Automation (0DF73D61-A23F-47EA-B727-89E90C41499A): 1
LogDevObjectVersion:   FortniteMain (601D1886-AC64-4F84-AA16-D3DE0DEAC7D6): 47
LogDevObjectVersion:   FortniteRelease (E7086368-6B23-4C58-8439-1B7016265E91): 1
LogDevObjectVersion:   Dev-Enterprise (9DFFBCD6-494F-0158-E221-12823C92A888): 10
LogDevObjectVersion:   Dev-Niagara (F2AED0AC-9AFE-416F-8664-AA7FFA26D6FC): 1
LogDevObjectVersion:   Dev-Destruction (174F1F0B-B4C6-45A5-B13F-2EE8D0FB917D): 10
LogDevObjectVersion:   Dev-Physics-Ext (35F94A83-E258-406C-A318-09F59610247C): 41
LogDevObjectVersion:   Dev-PhysicsMaterial-Chaos (B68FC16E-8B1B-42E2-B453-215C058844FE): 1
LogDevObjectVersion:   Dev-CineCamera (B2E18506-4273-CFC2-A54E-F4BB758BBA07): 1
LogDevObjectVersion:   Dev-VirtualProduction (64F58936-FD1B-42BA-BA96-7289D5D0FA4E): 1
LogDevObjectVersion:   Dev-MediaFramework (6F0ED827-A609-4895-9C91-998D90180EA4): 2
LogInit: Presizing for max 25165824 objects, including 0 objects not considered by GC, pre-allocating 0 bytes for permanent pool.
LogConfig: Applying CVar settings from Section [/Script/Engine.StreamingSettings] File [C:/Users/James/Documents/Unreal Projects/Safari_Snapshot/Saved/Config/Windows/Engine.ini]
LogConfig: Setting CVar [[s.MinBulkDataSizeForAsyncLoading:131072]]
LogConfig: Setting CVar [[s.AsyncLoadingThreadEnabled:0]]
LogConfig: Setting CVar [[s.EventDrivenLoaderEnabled:1]]
LogConfig: Setting CVar [[s.WarnIfTimeLimitExceeded:0]]
LogConfig: Setting CVar [[s.TimeLimitExceededMultiplier:1.5]]
LogConfig: Setting CVar [[s.TimeLimitExceededMinTime:0.005]]
LogConfig: Setting CVar [[s.UseBackgroundLevelStreaming:1]]
LogConfig: Setting CVar [[s.PriorityAsyncLoadingExtraTime:15.0]]
LogConfig: Setting CVar [[s.LevelStreamingActorsUpdateTimeLimit:5.0]]
LogConfig: Setting CVar [[s.PriorityLevelStreamingActorsUpdateExtraTime:5.0]]
LogConfig: Setting CVar [[s.LevelStreamingComponentsRegistrationGranularity:10]]
LogConfig: Setting CVar [[s.UnregisterComponentsTimeLimit:1.0]]
LogConfig: Setting CVar [[s.LevelStreamingComponentsUnregistrationGranularity:5]]
LogConfig: Setting CVar [[s.FlushStreamingOnExit:1]]
LogInit: Object subsystem initialized
LogConfig: Setting CVar [[con.DebugEarlyDefault:1]]
LogConfig: Setting CVar [[r.setres:1280x720]]
[2022.03.01-01.31.50:646][  0]LogConfig: Setting CVar [[r.VSync:0]]
[2022.03.01-01.31.50:646][  0]LogConfig: Setting CVar [[r.RHICmdBypass:0]]
[2022.03.01-01.31.50:646][  0]LogConfig: Applying CVar settings from Section [/Script/Engine.RendererSettings] File [C:/Users/James/Documents/Unreal Projects/Safari_Snapshot/Saved/Config/Windows/Engine.ini]
[2022.03.01-01.31.50:646][  0]LogConfig: Setting CVar [[r.GPUCrashDebugging:0]]
[2022.03.01-01.31.50:646][  0]LogConfig: Applying CVar settings from Section [/Script/Engine.RendererOverrideSettings] File [C:/Users/James/Documents/Unreal Projects/Safari_Snapshot/Saved/Config/Windows/Engine.ini]
[2022.03.01-01.31.50:646][  0]LogConfig: Applying CVar settings from Section [/Script/Engine.StreamingSettings] File [C:/Users/James/Documents/Unreal Projects/Safari_Snapshot/Saved/Config/Windows/Engine.ini]
[2022.03.01-01.31.50:646][  0]LogConfig: Setting CVar [[s.MinBulkDataSizeForAsyncLoading:131072]]
[2022.03.01-01.31.50:646][  0]LogConfig: Setting CVar [[s.AsyncLoadingThreadEnabled:0]]
[2022.03.01-01.31.50:646][  0]LogConfig: Setting CVar [[s.EventDrivenLoaderEnabled:1]]
[2022.03.01-01.31.50:646][  0]LogConfig: Setting CVar [[s.WarnIfTimeLimitExceeded:0]]
[2022.03.01-01.31.50:646][  0]LogConfig: Setting CVar [[s.TimeLimitExceededMultiplier:1.5]]
[2022.03.01-01.31.50:646][  0]LogConfig: Setting CVar [[s.TimeLimitExceededMinTime:0.005]]
[2022.03.01-01.31.50:646][  0]LogConfig: Setting CVar [[s.UseBackgroundLevelStreaming:1]]
[2022.03.01-01.31.50:646][  0]LogConfig: Setting CVar [[s.PriorityAsyncLoadingExtraTime:15.0]]
[2022.03.01-01.31.50:646][  0]LogConfig: Setting CVar [[s.LevelStreamingActorsUpdateTimeLimit:5.0]]
[2022.03.01-01.31.50:646][  0]LogConfig: Setting CVar [[s.PriorityLevelStreamingActorsUpdateExtraTime:5.0]]
[2022.03.01-01.31.50:646][  0]LogConfig: Setting CVar [[s.LevelStreamingComponentsRegistrationGranularity:10]]
[2022.03.01-01.31.50:646][  0]LogConfig: Setting CVar [[s.UnregisterComponentsTimeLimit:1.0]]
[2022.03.01-01.31.50:646][  0]LogConfig: Setting CVar [[s.LevelStreamingComponentsUnregistrationGranularity:5]]
[2022.03.01-01.31.50:646][  0]LogConfig: Setting CVar [[s.FlushStreamingOnExit:1]]
[2022.03.01-01.31.50:646][  0]LogConfig: Applying CVar settings from Section [/Script/Engine.GarbageCollectionSettings] File [C:/Users/James/Documents/Unreal Projects/Safari_Snapshot/Saved/Config/Windows/Engine.ini]
[2022.03.01-01.31.50:646][  0]LogConfig: Setting CVar [[gc.MaxObjectsNotConsideredByGC:1]]
[2022.03.01-01.31.50:646][  0]LogConfig: Setting CVar [[gc.SizeOfPermanentObjectPool:0]]
[2022.03.01-01.31.50:646][  0]LogConfig: Setting CVar [[gc.FlushStreamingOnGC:0]]
[2022.03.01-01.31.50:646][  0]LogConfig: Setting CVar [[gc.NumRetriesBeforeForcingGC:10]]
[2022.03.01-01.31.50:646][  0]LogConfig: Setting CVar [[gc.AllowParallelGC:1]]
[2022.03.01-01.31.50:646][  0]LogConfig: Setting CVar [[gc.TimeBetweenPurgingPendingKillObjects:61.1]]
[2022.03.01-01.31.50:646][  0]LogConfig: Setting CVar [[gc.MaxObjectsInEditor:25165824]]
[2022.03.01-01.31.50:646][  0]LogConfig: Setting CVar [[gc.IncrementalBeginDestroyEnabled:1]]
[2022.03.01-01.31.50:646][  0]LogConfig: Setting CVar [[gc.CreateGCClusters:1]]
[2022.03.01-01.31.50:646][  0]LogConfig: Setting CVar [[gc.MinGCClusterSize:5]]
[2022.03.01-01.31.50:646][  0]LogConfig: Setting CVar [[gc.ActorClusteringEnabled:0]]
[2022.03.01-01.31.50:646][  0]LogConfig: Setting CVar [[gc.BlueprintClusteringEnabled:0]]
[2022.03.01-01.31.50:646][  0]LogConfig: Setting CVar [[gc.UseDisregardForGCOnDedicatedServers:0]]
[2022.03.01-01.31.50:646][  0]LogConfig: Setting CVar [[gc.MultithreadedDestructionEnabled:1]]
[2022.03.01-01.31.50:646][  0]LogConfig: Applying CVar settings from Section [/Script/Engine.NetworkSettings] File [C:/Users/James/Documents/Unreal Projects/Safari_Snapshot/Saved/Config/Windows/Engine.ini]
[2022.03.01-01.31.50:646][  0]LogConfig: Applying CVar settings from Section [/Script/UnrealEd.CookerSettings] File [C:/Users/James/Documents/Unreal Projects/Safari_Snapshot/Saved/Config/Windows/Engine.ini]
[2022.03.01-01.31.50:651][  0]LogConfig: Applying CVar settings from Section [ViewDistanceQuality@3] File [C:/Users/James/Documents/Unreal Projects/Safari_Snapshot/Saved/Config/Windows/Scalability.ini]
[2022.03.01-01.31.50:651][  0]LogConfig: Setting CVar [[r.SkeletalMeshLODBias:0]]
[2022.03.01-01.31.50:651][  0]LogConfig: Setting CVar [[r.ViewDistanceScale:1.0]]
[2022.03.01-01.31.50:651][  0]LogConfig: Applying CVar settings from Section [AntiAliasingQuality@3] File [C:/Users/James/Documents/Unreal Projects/Safari_Snapshot/Saved/Config/Windows/Scalability.ini]
[2022.03.01-01.31.50:651][  0]LogConfig: Setting CVar [[r.PostProcessAAQuality:4]]
[2022.03.01-01.31.50:651][  0]LogConfig: Applying CVar settings from Section [ShadowQuality@3] File [C:/Users/James/Documents/Unreal Projects/Safari_Snapshot/Saved/Config/Windows/Scalability.ini]
[2022.03.01-01.31.50:651][  0]LogConfig: Setting CVar [[r.LightFunctionQuality:1]]
[2022.03.01-01.31.50:651][  0]LogConfig: Setting CVar [[r.ShadowQuality:5]]
[2022.03.01-01.31.50:651][  0]LogConfig: Setting CVar [[r.Shadow.CSM.MaxCascades:10]]
[2022.03.01-01.31.50:651][  0]LogConfig: Setting CVar [[r.Shadow.MaxResolution:2048]]
[2022.03.01-01.31.50:651][  0]LogConfig: Setting CVar [[r.Shadow.MaxCSMResolution:2048]]
[2022.03.01-01.31.50:651][  0]LogConfig: Setting CVar [[r.Shadow.RadiusThreshold:0.01]]
[2022.03.01-01.31.50:651][  0]LogConfig: Setting CVar [[r.Shadow.DistanceScale:1.0]]
[2022.03.01-01.31.50:651][  0]LogConfig: Setting CVar [[r.Shadow.CSM.TransitionScale:1.0]]
[2022.03.01-01.31.50:651][  0]LogConfig: Setting CVar [[r.Shadow.PreShadowResolutionFactor:1.0]]
[2022.03.01-01.31.50:651][  0]LogConfig: Setting CVar [[r.DistanceFieldShadowing:1]]
[2022.03.01-01.31.50:651][  0]LogConfig: Setting CVar [[r.DistanceFieldAO:1]]
[2022.03.01-01.31.50:651][  0]LogConfig: Setting CVar [[r.AOQuality:2]]
[2022.03.01-01.31.50:651][  0]LogConfig: Setting CVar [[r.VolumetricFog:1]]
[2022.03.01-01.31.50:651][  0]LogConfig: Setting CVar [[r.VolumetricFog.GridPixelSize:8]]
[2022.03.01-01.31.50:651][  0]LogConfig: Setting CVar [[r.VolumetricFog.GridSizeZ:128]]
[2022.03.01-01.31.50:651][  0]LogConfig: Setting CVar [[r.VolumetricFog.HistoryMissSupersampleCount:4]]
[2022.03.01-01.31.50:651][  0]LogConfig: Setting CVar [[r.LightMaxDrawDistanceScale:1]]
[2022.03.01-01.31.50:651][  0]LogConfig: Setting CVar [[r.CapsuleShadows:1]]
[2022.03.01-01.31.50:651][  0]LogConfig: Applying CVar settings from Section [PostProcessQuality@3] File [C:/Users/James/Documents/Unreal Projects/Safari_Snapshot/Saved/Config/Windows/Scalability.ini]
[2022.03.01-01.31.50:651][  0]LogConfig: Setting CVar [[r.MotionBlurQuality:4]]
[2022.03.01-01.31.50:651][  0]LogConfig: Setting CVar [[r.AmbientOcclusionMipLevelFactor:0.4]]
[2022.03.01-01.31.50:651][  0]LogConfig: Setting CVar [[r.AmbientOcclusionMaxQuality:100]]
[2022.03.01-01.31.50:651][  0]LogConfig: Setting CVar [[r.AmbientOcclusionLevels:-1]]
[2022.03.01-01.31.50:651][  0]LogConfig: Setting CVar [[r.AmbientOcclusionRadiusScale:1.0]]
[2022.03.01-01.31.50:651][  0]LogConfig: Setting CVar [[r.DepthOfFieldQuality:2]]
[2022.03.01-01.31.50:651][  0]LogConfig: Setting CVar [[r.RenderTargetPoolMin:400]]
[2022.03.01-01.31.50:651][  0]LogConfig: Setting CVar [[r.LensFlareQuality:2]]
[2022.03.01-01.31.50:651][  0]LogConfig: Setting CVar [[r.SceneColorFringeQuality:1]]
[2022.03.01-01.31.50:651][  0]LogConfig: Setting CVar [[r.EyeAdaptationQuality:2]]
[2022.03.01-01.31.50:651][  0]LogConfig: Setting CVar [[r.BloomQuality:5]]
[2022.03.01-01.31.50:651][  0]LogConfig: Setting CVar [[r.FastBlurThreshold:100]]
[2022.03.01-01.31.50:651][  0]LogConfig: Setting CVar [[r.Upscale.Quality:3]]
[2022.03.01-01.31.50:651][  0]LogConfig: Setting CVar [[r.Tonemapper.GrainQuantization:1]]
[2022.03.01-01.31.50:651][  0]LogConfig: Setting CVar [[r.LightShaftQuality:1]]
[2022.03.01-01.31.50:651][  0]LogConfig: Setting CVar [[r.Filter.SizeScale:1]]
[2022.03.01-01.31.50:651][  0]LogConfig: Setting CVar [[r.Tonemapper.Quality:5]]
[2022.03.01-01.31.50:651][  0]LogConfig: Setting CVar [[r.DOF.Gather.AccumulatorQuality:1        ; higher gathering accumulator quality]]
[2022.03.01-01.31.50:651][  0]LogConfig: Setting CVar [[r.DOF.Gather.PostfilterMethod:1          ; Median3x3 postfilering method]]
[2022.03.01-01.31.50:651][  0]LogConfig: Setting CVar [[r.DOF.Gather.EnableBokehSettings:0       ; no bokeh simulation when gathering]]
[2022.03.01-01.31.50:651][  0]LogConfig: Setting CVar [[r.DOF.Gather.RingCount:4                 ; medium number of samples when gathering]]
[2022.03.01-01.31.50:651][  0]LogConfig: Setting CVar [[r.DOF.Scatter.ForegroundCompositing:1    ; additive foreground scattering]]
[2022.03.01-01.31.50:651][  0]LogConfig: Setting CVar [[r.DOF.Scatter.BackgroundCompositing:2    ; additive background scattering]]
[2022.03.01-01.31.50:651][  0]LogConfig: Setting CVar [[r.DOF.Scatter.EnableBokehSettings:1      ; bokeh simulation when scattering]]
[2022.03.01-01.31.50:651][  0]LogConfig: Setting CVar [[r.DOF.Scatter.MaxSpriteRatio:0.1         ; only a maximum of 10% of scattered bokeh]]
[2022.03.01-01.31.50:651][  0]LogConfig: Setting CVar [[r.DOF.Recombine.Quality:1                ; cheap slight out of focus]]
[2022.03.01-01.31.50:651][  0]LogConfig: Setting CVar [[r.DOF.Recombine.EnableBokehSettings:0    ; no bokeh simulation on slight out of focus]]
[2022.03.01-01.31.50:651][  0]LogConfig: Setting CVar [[r.DOF.TemporalAAQuality:1                ; more stable temporal accumulation]]
[2022.03.01-01.31.50:651][  0]LogConfig: Setting CVar [[r.DOF.Kernel.MaxForegroundRadius:0.025]]
[2022.03.01-01.31.50:651][  0]LogConfig: Setting CVar [[r.DOF.Kernel.MaxBackgroundRadius:0.025]]
[2022.03.01-01.31.50:651][  0]LogConfig: Applying CVar settings from Section [TextureQuality@3] File [C:/Users/James/Documents/Unreal Projects/Safari_Snapshot/Saved/Config/Windows/Scalability.ini]
[2022.03.01-01.31.50:651][  0]LogConfig: Setting CVar [[r.Streaming.MipBias:0]]
[2022.03.01-01.31.50:651][  0]LogConfig: Setting CVar [[r.Streaming.AmortizeCPUToGPUCopy:0]]
[2022.03.01-01.31.50:651][  0]LogConfig: Setting CVar [[r.Streaming.MaxNumTexturesToStreamPerFrame:0]]
[2022.03.01-01.31.50:651][  0]LogConfig: Setting CVar [[r.Streaming.Boost:1]]
[2022.03.01-01.31.50:651][  0]LogConfig: Setting CVar [[r.MaxAnisotropy:8]]
[2022.03.01-01.31.50:651][  0]LogConfig: Setting CVar [[r.VT.MaxAnisotropy:8]]
[2022.03.01-01.31.50:651][  0]LogConfig: Setting CVar [[r.Streaming.LimitPoolSizeToVRAM:0]]
[2022.03.01-01.31.50:651][  0]LogConfig: Setting CVar [[r.Streaming.PoolSize:1000]]
[2022.03.01-01.31.50:651][  0]LogConfig: Setting CVar [[r.Streaming.MaxEffectiveScreenSize:0]]
[2022.03.01-01.31.50:651][  0]LogConfig: Applying CVar settings from Section [EffectsQuality@3] File [C:/Users/James/Documents/Unreal Projects/Safari_Snapshot/Saved/Config/Windows/Scalability.ini]
[2022.03.01-01.31.50:651][  0]LogConfig: Setting CVar [[r.TranslucencyLightingVolumeDim:64]]
[2022.03.01-01.31.50:651][  0]LogConfig: Setting CVar [[r.RefractionQuality:2]]
[2022.03.01-01.31.50:651][  0]LogConfig: Setting CVar [[r.SSR.Quality:3]]
[2022.03.01-01.31.50:651][  0]LogConfig: Setting CVar [[r.SSR.HalfResSceneColor:0]]
[2022.03.01-01.31.50:651][  0]LogConfig: Setting CVar [[r.SceneColorFormat:4]]
[2022.03.01-01.31.50:651][  0]LogConfig: Setting CVar [[r.DetailMode:2]]
[2022.03.01-01.31.50:651][  0]LogConfig: Setting CVar [[r.TranslucencyVolumeBlur:1]]
[2022.03.01-01.31.50:651][  0]LogConfig: Setting CVar [[r.MaterialQualityLevel:1 ; High quality]]
[2022.03.01-01.31.50:651][  0]LogConfig: Setting CVar [[r.AnisotropicMaterials:1]]
[2022.03.01-01.31.50:651][  0]LogConfig: Setting CVar [[r.SSS.Scale:1]]
[2022.03.01-01.31.50:651][  0]LogConfig: Setting CVar [[r.SSS.SampleSet:2]]
[2022.03.01-01.31.50:651][  0]LogConfig: Setting CVar [[r.SSS.Quality:1]]
[2022.03.01-01.31.50:651][  0]LogConfig: Setting CVar [[r.SSS.HalfRes:0]]
[2022.03.01-01.31.50:651][  0]LogConfig: Setting CVar [[r.SSGI.Quality:3]]
[2022.03.01-01.31.50:651][  0]LogConfig: Setting CVar [[r.EmitterSpawnRateScale:1.0]]
[2022.03.01-01.31.50:651][  0]LogConfig: Setting CVar [[r.ParticleLightQuality:2]]
[2022.03.01-01.31.50:651][  0]LogConfig: Setting CVar [[r.SkyAtmosphere.AerialPerspectiveLUT.FastApplyOnOpaque:1 ; Always have FastSkyLUT 1 in this case to avoid wrong sky]]
[2022.03.01-01.31.50:652][  0]LogConfig: Setting CVar [[r.SkyAtmosphere.AerialPerspectiveLUT.SampleCountMaxPerSlice:4]]
[2022.03.01-01.31.50:652][  0]LogConfig: Setting CVar [[r.SkyAtmosphere.AerialPerspectiveLUT.DepthResolution:16.0]]
[2022.03.01-01.31.50:652][  0]LogConfig: Setting CVar [[r.SkyAtmosphere.FastSkyLUT:1]]
[2022.03.01-01.31.50:652][  0]LogConfig: Setting CVar [[r.SkyAtmosphere.FastSkyLUT.SampleCountMin:4.0]]
[2022.03.01-01.31.50:652][  0]LogConfig: Setting CVar [[r.SkyAtmosphere.FastSkyLUT.SampleCountMax:128.0]]
[2022.03.01-01.31.50:652][  0]LogConfig: Setting CVar [[r.SkyAtmosphere.SampleCountMin:4.0]]
[2022.03.01-01.31.50:652][  0]LogConfig: Setting CVar [[r.SkyAtmosphere.SampleCountMax:128.0]]
[2022.03.01-01.31.50:652][  0]LogConfig: Setting CVar [[r.SkyAtmosphere.TransmittanceLUT.UseSmallFormat:0]]
[2022.03.01-01.31.50:652][  0]LogConfig: Setting CVar [[r.SkyAtmosphere.TransmittanceLUT.SampleCount:10.0]]
[2022.03.01-01.31.50:652][  0]LogConfig: Setting CVar [[r.SkyAtmosphere.MultiScatteringLUT.SampleCount:15.0]]
[2022.03.01-01.31.50:652][  0]LogConfig: Setting CVar [[r.SkyLight.RealTimeReflectionCapture:1]]
[2022.03.01-01.31.50:652][  0]LogConfig: Applying CVar settings from Section [FoliageQuality@3] File [C:/Users/James/Documents/Unreal Projects/Safari_Snapshot/Saved/Config/Windows/Scalability.ini]
[2022.03.01-01.31.50:652][  0]LogConfig: Setting CVar [[foliage.DensityScale:1.0]]
[2022.03.01-01.31.50:652][  0]LogConfig: Setting CVar [[grass.DensityScale:1.0]]
[2022.03.01-01.31.50:652][  0]LogConfig: Applying CVar settings from Section [ShadingQuality@3] File [C:/Users/James/Documents/Unreal Projects/Safari_Snapshot/Saved/Config/Windows/Scalability.ini]
[2022.03.01-01.31.50:652][  0]LogConfig: Setting CVar [[r.HairStrands.SkyLighting.IntegrationType:2]]
[2022.03.01-01.31.50:652][  0]LogConfig: Setting CVar [[r.HairStrands.SkyAO.SampleCount:4]]
[2022.03.01-01.31.50:652][  0]LogConfig: Setting CVar [[r.HairStrands.Visibility.MSAA.SamplePerPixel:4]]
[2022.03.01-01.31.50:652][  0]LogInit: Selected Device Profile: [Windows]
[2022.03.01-01.31.50:652][  0]LogInit: Applying CVar settings loaded from the selected device profile: [Windows]
[2022.03.01-01.31.50:652][  0]LogHAL: Display: Platform has ~ 16 GB [16542711808 / 17179869184 / 16], which maps to Larger [LargestMinGB=32, LargerMinGB=12, DefaultMinGB=8, SmallerMinGB=6, SmallestMinGB=0)
[2022.03.01-01.31.50:652][  0]LogInit: Going up to parent DeviceProfile []
[2022.03.01-01.31.50:652][  0]LogConfig: Applying CVar settings from Section [ViewDistanceQuality@3] File [C:/Users/James/Documents/Unreal Projects/Safari_Snapshot/Saved/Config/Windows/Scalability.ini]
[2022.03.01-01.31.50:652][  0]LogConfig: Setting CVar [[r.SkeletalMeshLODBias:0]]
[2022.03.01-01.31.50:652][  0]LogConfig: Setting CVar [[r.ViewDistanceScale:1.0]]
[2022.03.01-01.31.50:652][  0]LogConfig: Applying CVar settings from Section [AntiAliasingQuality@3] File [C:/Users/James/Documents/Unreal Projects/Safari_Snapshot/Saved/Config/Windows/Scalability.ini]
[2022.03.01-01.31.50:652][  0]LogConfig: Setting CVar [[r.PostProcessAAQuality:4]]
[2022.03.01-01.31.50:652][  0]LogConfig: Applying CVar settings from Section [ShadowQuality@3] File [C:/Users/James/Documents/Unreal Projects/Safari_Snapshot/Saved/Config/Windows/Scalability.ini]
[2022.03.01-01.31.50:652][  0]LogConfig: Setting CVar [[r.LightFunctionQuality:1]]
[2022.03.01-01.31.50:652][  0]LogConfig: Setting CVar [[r.ShadowQuality:5]]
[2022.03.01-01.31.50:652][  0]LogConfig: Setting CVar [[r.Shadow.CSM.MaxCascades:10]]
[2022.03.01-01.31.50:652][  0]LogConfig: Setting CVar [[r.Shadow.MaxResolution:2048]]
[2022.03.01-01.31.50:652][  0]LogConfig: Setting CVar [[r.Shadow.MaxCSMResolution:2048]]
[2022.03.01-01.31.50:652][  0]LogConfig: Setting CVar [[r.Shadow.RadiusThreshold:0.01]]
[2022.03.01-01.31.50:652][  0]LogConfig: Setting CVar [[r.Shadow.DistanceScale:1.0]]
[2022.03.01-01.31.50:652][  0]LogConfig: Setting CVar [[r.Shadow.CSM.TransitionScale:1.0]]
[2022.03.01-01.31.50:652][  0]LogConfig: Setting CVar [[r.Shadow.PreShadowResolutionFactor:1.0]]
[2022.03.01-01.31.50:652][  0]LogConfig: Setting CVar [[r.DistanceFieldShadowing:1]]
[2022.03.01-01.31.50:652][  0]LogConfig: Setting CVar [[r.DistanceFieldAO:1]]
[2022.03.01-01.31.50:652][  0]LogConfig: Setting CVar [[r.AOQuality:2]]
[2022.03.01-01.31.50:652][  0]LogConfig: Setting CVar [[r.VolumetricFog:1]]
[2022.03.01-01.31.50:652][  0]LogConfig: Setting CVar [[r.VolumetricFog.GridPixelSize:8]]
[2022.03.01-01.31.50:652][  0]LogConfig: Setting CVar [[r.VolumetricFog.GridSizeZ:128]]
[2022.03.01-01.31.50:652][  0]LogConfig: Setting CVar [[r.VolumetricFog.HistoryMissSupersampleCount:4]]
[2022.03.01-01.31.50:652][  0]LogConfig: Setting CVar [[r.LightMaxDrawDistanceScale:1]]
[2022.03.01-01.31.50:652][  0]LogConfig: Setting CVar [[r.CapsuleShadows:1]]
[2022.03.01-01.31.50:652][  0]LogConfig: Applying CVar settings from Section [PostProcessQuality@3] File [C:/Users/James/Documents/Unreal Projects/Safari_Snapshot/Saved/Config/Windows/Scalability.ini]
[2022.03.01-01.31.50:652][  0]LogConfig: Setting CVar [[r.MotionBlurQuality:4]]
[2022.03.01-01.31.50:652][  0]LogConfig: Setting CVar [[r.AmbientOcclusionMipLevelFactor:0.4]]
[2022.03.01-01.31.50:652][  0]LogConfig: Setting CVar [[r.AmbientOcclusionMaxQuality:100]]
[2022.03.01-01.31.50:652][  0]LogConfig: Setting CVar [[r.AmbientOcclusionLevels:-1]]
[2022.03.01-01.31.50:652][  0]LogConfig: Setting CVar [[r.AmbientOcclusionRadiusScale:1.0]]
[2022.03.01-01.31.50:652][  0]LogConfig: Setting CVar [[r.DepthOfFieldQuality:2]]
[2022.03.01-01.31.50:652][  0]LogConfig: Setting CVar [[r.RenderTargetPoolMin:400]]
[2022.03.01-01.31.50:652][  0]LogConfig: Setting CVar [[r.LensFlareQuality:2]]
[2022.03.01-01.31.50:652][  0]LogConfig: Setting CVar [[r.SceneColorFringeQuality:1]]
[2022.03.01-01.31.50:652][  0]LogConfig: Setting CVar [[r.EyeAdaptationQuality:2]]
[2022.03.01-01.31.50:652][  0]LogConfig: Setting CVar [[r.BloomQuality:5]]
[2022.03.01-01.31.50:652][  0]LogConfig: Setting CVar [[r.FastBlurThreshold:100]]
[2022.03.01-01.31.50:652][  0]LogConfig: Setting CVar [[r.Upscale.Quality:3]]
[2022.03.01-01.31.50:652][  0]LogConfig: Setting CVar [[r.Tonemapper.GrainQuantization:1]]
[2022.03.01-01.31.50:652][  0]LogConfig: Setting CVar [[r.LightShaftQuality:1]]
[2022.03.01-01.31.50:652][  0]LogConfig: Setting CVar [[r.Filter.SizeScale:1]]
[2022.03.01-01.31.50:652][  0]LogConfig: Setting CVar [[r.Tonemapper.Quality:5]]
[2022.03.01-01.31.50:652][  0]LogConfig: Setting CVar [[r.DOF.Gather.AccumulatorQuality:1        ; higher gathering accumulator quality]]
[2022.03.01-01.31.50:652][  0]LogConfig: Setting CVar [[r.DOF.Gather.PostfilterMethod:1          ; Median3x3 postfilering method]]
[2022.03.01-01.31.50:652][  0]LogConfig: Setting CVar [[r.DOF.Gather.EnableBokehSettings:0       ; no bokeh simulation when gathering]]
[2022.03.01-01.31.50:652][  0]LogConfig: Setting CVar [[r.DOF.Gather.RingCount:4                 ; medium number of samples when gathering]]
[2022.03.01-01.31.50:652][  0]LogConfig: Setting CVar [[r.DOF.Scatter.ForegroundCompositing:1    ; additive foreground scattering]]
[2022.03.01-01.31.50:652][  0]LogConfig: Setting CVar [[r.DOF.Scatter.BackgroundCompositing:2    ; additive background scattering]]
[2022.03.01-01.31.50:652][  0]LogConfig: Setting CVar [[r.DOF.Scatter.EnableBokehSettings:1      ; bokeh simulation when scattering]]
[2022.03.01-01.31.50:652][  0]LogConfig: Setting CVar [[r.DOF.Scatter.MaxSpriteRatio:0.1         ; only a maximum of 10% of scattered bokeh]]
[2022.03.01-01.31.50:652][  0]LogConfig: Setting CVar [[r.DOF.Recombine.Quality:1                ; cheap slight out of focus]]
[2022.03.01-01.31.50:652][  0]LogConfig: Setting CVar [[r.DOF.Recombine.EnableBokehSettings:0    ; no bokeh simulation on slight out of focus]]
[2022.03.01-01.31.50:652][  0]LogConfig: Setting CVar [[r.DOF.TemporalAAQuality:1                ; more stable temporal accumulation]]
[2022.03.01-01.31.50:652][  0]LogConfig: Setting CVar [[r.DOF.Kernel.MaxForegroundRadius:0.025]]
[2022.03.01-01.31.50:652][  0]LogConfig: Setting CVar [[r.DOF.Kernel.MaxBackgroundRadius:0.025]]
[2022.03.01-01.31.50:652][  0]LogConfig: Applying CVar settings from Section [TextureQuality@3] File [C:/Users/James/Documents/Unreal Projects/Safari_Snapshot/Saved/Config/Windows/Scalability.ini]
[2022.03.01-01.31.50:652][  0]LogConfig: Setting CVar [[r.Streaming.MipBias:0]]
[2022.03.01-01.31.50:652][  0]LogConfig: Setting CVar [[r.Streaming.AmortizeCPUToGPUCopy:0]]
[2022.03.01-01.31.50:652][  0]LogConfig: Setting CVar [[r.Streaming.MaxNumTexturesToStreamPerFrame:0]]
[2022.03.01-01.31.50:652][  0]LogConfig: Setting CVar [[r.Streaming.Boost:1]]
[2022.03.01-01.31.50:652][  0]LogConfig: Setting CVar [[r.MaxAnisotropy:8]]
[2022.03.01-01.31.50:652][  0]LogConfig: Setting CVar [[r.VT.MaxAnisotropy:8]]
[2022.03.01-01.31.50:652][  0]LogConfig: Setting CVar [[r.Streaming.LimitPoolSizeToVRAM:0]]
[2022.03.01-01.31.50:652][  0]LogConfig: Setting CVar [[r.Streaming.PoolSize:1000]]
[2022.03.01-01.31.50:652][  0]LogConfig: Setting CVar [[r.Streaming.MaxEffectiveScreenSize:0]]
[2022.03.01-01.31.50:652][  0]LogConfig: Applying CVar settings from Section [EffectsQuality@3] File [C:/Users/James/Documents/Unreal Projects/Safari_Snapshot/Saved/Config/Windows/Scalability.ini]
[2022.03.01-01.31.50:652][  0]LogConfig: Setting CVar [[r.TranslucencyLightingVolumeDim:64]]
[2022.03.01-01.31.50:652][  0]LogConfig: Setting CVar [[r.RefractionQuality:2]]
[2022.03.01-01.31.50:652][  0]LogConfig: Setting CVar [[r.SSR.Quality:3]]
[2022.03.01-01.31.50:652][  0]LogConfig: Setting CVar [[r.SSR.HalfResSceneColor:0]]
[2022.03.01-01.31.50:652][  0]LogConfig: Setting CVar [[r.SceneColorFormat:4]]
[2022.03.01-01.31.50:652][  0]LogConfig: Setting CVar [[r.DetailMode:2]]
[2022.03.01-01.31.50:652][  0]LogConfig: Setting CVar [[r.TranslucencyVolumeBlur:1]]
[2022.03.01-01.31.50:652][  0]LogConfig: Setting CVar [[r.MaterialQualityLevel:1 ; High quality]]
[2022.03.01-01.31.50:652][  0]LogConfig: Setting CVar [[r.AnisotropicMaterials:1]]
[2022.03.01-01.31.50:652][  0]LogConfig: Setting CVar [[r.SSS.Scale:1]]
[2022.03.01-01.31.50:652][  0]LogConfig: Setting CVar [[r.SSS.SampleSet:2]]
[2022.03.01-01.31.50:652][  0]LogConfig: Setting CVar [[r.SSS.Quality:1]]
[2022.03.01-01.31.50:652][  0]LogConfig: Setting CVar [[r.SSS.HalfRes:0]]
[2022.03.01-01.31.50:652][  0]LogConfig: Setting CVar [[r.SSGI.Quality:3]]
[2022.03.01-01.31.50:652][  0]LogConfig: Setting CVar [[r.EmitterSpawnRateScale:1.0]]
[2022.03.01-01.31.50:652][  0]LogConfig: Setting CVar [[r.ParticleLightQuality:2]]
[2022.03.01-01.31.50:652][  0]LogConfig: Setting CVar [[r.SkyAtmosphere.AerialPerspectiveLUT.FastApplyOnOpaque:1 ; Always have FastSkyLUT 1 in this case to avoid wrong sky]]
[2022.03.01-01.31.50:652][  0]LogConfig: Setting CVar [[r.SkyAtmosphere.AerialPerspectiveLUT.SampleCountMaxPerSlice:4]]
[2022.03.01-01.31.50:652][  0]LogConfig: Setting CVar [[r.SkyAtmosphere.AerialPerspectiveLUT.DepthResolution:16.0]]
[2022.03.01-01.31.50:652][  0]LogConfig: Setting CVar [[r.SkyAtmosphere.FastSkyLUT:1]]
[2022.03.01-01.31.50:652][  0]LogConfig: Setting CVar [[r.SkyAtmosphere.FastSkyLUT.SampleCountMin:4.0]]
[2022.03.01-01.31.50:652][  0]LogConfig: Setting CVar [[r.SkyAtmosphere.FastSkyLUT.SampleCountMax:128.0]]
[2022.03.01-01.31.50:652][  0]LogConfig: Setting CVar [[r.SkyAtmosphere.SampleCountMin:4.0]]
[2022.03.01-01.31.50:652][  0]LogConfig: Setting CVar [[r.SkyAtmosphere.SampleCountMax:128.0]]
[2022.03.01-01.31.50:652][  0]LogConfig: Setting CVar [[r.SkyAtmosphere.TransmittanceLUT.UseSmallFormat:0]]
[2022.03.01-01.31.50:652][  0]LogConfig: Setting CVar [[r.SkyAtmosphere.TransmittanceLUT.SampleCount:10.0]]
[2022.03.01-01.31.50:652][  0]LogConfig: Setting CVar [[r.SkyAtmosphere.MultiScatteringLUT.SampleCount:15.0]]
[2022.03.01-01.31.50:652][  0]LogConfig: Setting CVar [[r.SkyLight.RealTimeReflectionCapture:1]]
[2022.03.01-01.31.50:652][  0]LogConfig: Applying CVar settings from Section [FoliageQuality@3] File [C:/Users/James/Documents/Unreal Projects/Safari_Snapshot/Saved/Config/Windows/Scalability.ini]
[2022.03.01-01.31.50:652][  0]LogConfig: Setting CVar [[foliage.DensityScale:1.0]]
[2022.03.01-01.31.50:652][  0]LogConfig: Setting CVar [[grass.DensityScale:1.0]]
[2022.03.01-01.31.50:652][  0]LogConfig: Applying CVar settings from Section [ShadingQuality@3] File [C:/Users/James/Documents/Unreal Projects/Safari_Snapshot/Saved/Config/Windows/Scalability.ini]
[2022.03.01-01.31.50:652][  0]LogConfig: Setting CVar [[r.HairStrands.SkyLighting.IntegrationType:2]]
[2022.03.01-01.31.50:652][  0]LogConfig: Setting CVar [[r.HairStrands.SkyAO.SampleCount:4]]
[2022.03.01-01.31.50:652][  0]LogConfig: Setting CVar [[r.HairStrands.Visibility.MSAA.SamplePerPixel:4]]
[2022.03.01-01.31.50:652][  0]LogConfig: Applying CVar settings from Section [Startup] File [../../../Engine/Config/ConsoleVariables.ini]
[2022.03.01-01.31.50:653][  0]LogConfig: Setting CVar [[net.UseAdaptiveNetUpdateFrequency:0]]
[2022.03.01-01.31.50:653][  0]LogConfig: Setting CVar [[p.chaos.AllowCreatePhysxBodies:1]]
[2022.03.01-01.31.50:653][  0]LogConfig: Setting CVar [[fx.SkipVectorVMBackendOptimizations:1]]
[2022.03.01-01.31.50:653][  0]LogConfig: Applying CVar settings from Section [ConsoleVariables] File [C:/Users/James/Documents/Unreal Projects/Safari_Snapshot/Saved/Config/Windows/Engine.ini]
[2022.03.01-01.31.50:653][  0]LogConfig: Applying CVar settings from Section [ConsoleVariables] File [C:/Users/James/Documents/Unreal Projects/Safari_Snapshot/Saved/Config/Windows/Editor.ini]
[2022.03.01-01.31.50:653][  0]LogInit: Computer: LAPTOP-5D4ARRQ6
[2022.03.01-01.31.50:653][  0]LogInit: User: James
[2022.03.01-01.31.50:653][  0]LogInit: CPU Page size=4096, Cores=8
[2022.03.01-01.31.50:653][  0]LogInit: High frequency timer resolution =10.000000 MHz
[2022.03.01-01.31.50:653][  0]LogMemory: Memory total: Physical=15.4GB (16GB approx)
[2022.03.01-01.31.50:653][  0]LogMemory: Platform Memory Stats for Windows
[2022.03.01-01.31.50:653][  0]LogMemory: Process Physical Memory: 149.01 MB used, 149.01 MB peak
[2022.03.01-01.31.50:653][  0]LogMemory: Process Virtual Memory: 123.29 MB used, 123.29 MB peak
[2022.03.01-01.31.50:653][  0]LogMemory: Physical Memory: 9290.84 MB used,  6485.52 MB free, 15776.36 MB total
[2022.03.01-01.31.50:653][  0]LogMemory: Virtual Memory: 134213216.00 MB used,  4514.29 MB free, 134217728.00 MB total
[2022.03.01-01.31.50:657][  0]LogWindows: WindowsPlatformFeatures enabled
[2022.03.01-01.31.50:684][  0]LogInit: Physics initialised using underlying interface: PhysX
[2022.03.01-01.31.50:684][  0]LogInit: Using OS detected language (en-US).
[2022.03.01-01.31.50:684][  0]LogInit: Using OS detected locale (en-US).
[2022.03.01-01.31.50:686][  0]LogTextLocalizationManager: No specific localization for 'en-US' exists, so the 'en' localization will be used.
[2022.03.01-01.31.50:825][  0]LogInit: Setting process to per monitor DPI aware
[2022.03.01-01.31.50:833][  0]LogWindowsTextInputMethodSystem: Display: IME system deactivated.
[2022.03.01-01.31.50:843][  0]LogSlate: New Slate User Created.  User Index 0, Is Virtual User: 0
[2022.03.01-01.31.50:843][  0]LogSlate: Slate User Registered.  User Index 0, Is Virtual User: 0
[2022.03.01-01.31.50:926][  0]LogD3D11RHI: Loaded GFSDK_Aftermath_Lib.x64.dll
[2022.03.01-01.31.50:954][  0]LogHMD: Failed to initialize OpenVR with code 110
[2022.03.01-01.31.50:954][  0]LogD3D11RHI: D3D11 min allowed feature level: 11_0
[2022.03.01-01.31.50:954][  0]LogD3D11RHI: D3D11 max allowed feature level: 11_0
[2022.03.01-01.31.50:954][  0]LogD3D11RHI: D3D11 adapters:
[2022.03.01-01.31.51:023][  0]LogD3D11RHI:    0. 'NVIDIA GeForce RTX 3060 Laptop GPU' (Feature Level 11_0)
[2022.03.01-01.31.51:023][  0]LogD3D11RHI:       6023/0/7888 MB DedicatedVideo/DedicatedSystem/SharedSystem, Outputs:2, VendorId:0x10de
[2022.03.01-01.31.51:042][  0]LogD3D11RHI:    1. 'AMD Radeon(TM) Graphics' (Feature Level 11_0)
[2022.03.01-01.31.51:042][  0]LogD3D11RHI:       496/0/7888 MB DedicatedVideo/DedicatedSystem/SharedSystem, Outputs:0, VendorId:0x1002
[2022.03.01-01.31.51:044][  0]LogD3D11RHI:    2. 'Microsoft Basic Render Driver' (Feature Level 11_0)
[2022.03.01-01.31.51:044][  0]LogD3D11RHI:       0/0/7888 MB DedicatedVideo/DedicatedSystem/SharedSystem, Outputs:0, VendorId:0x1414
[2022.03.01-01.31.51:044][  0]LogD3D11RHI: Chosen D3D11 Adapter:
[2022.03.01-01.31.51:044][  0]LogD3D11RHI:     Description : NVIDIA GeForce RTX 3060 Laptop GPU
[2022.03.01-01.31.51:044][  0]LogD3D11RHI:     VendorId    : 10de
[2022.03.01-01.31.51:044][  0]LogD3D11RHI:     DeviceId    : 2520
[2022.03.01-01.31.51:044][  0]LogD3D11RHI:     SubSysId    : 17221043
[2022.03.01-01.31.51:044][  0]LogD3D11RHI:     Revision    : 00a1
[2022.03.01-01.31.51:044][  0]LogD3D11RHI:     DedicatedVideoMemory : 6315573248 bytes
[2022.03.01-01.31.51:044][  0]LogD3D11RHI:     DedicatedSystemMemory : 0 bytes
[2022.03.01-01.31.51:044][  0]LogD3D11RHI:     SharedSystemMemory : 8271355904 bytes
[2022.03.01-01.31.51:044][  0]LogD3D11RHI:     AdapterLuid : 0 57695
[2022.03.01-01.31.51:052][  0]LogD3D11RHI: Creating new Direct3DDevice
[2022.03.01-01.31.51:052][  0]LogD3D11RHI:     GPU DeviceId: 0x2520 (for the marketing name, search the web for "GPU Device Id")
[2022.03.01-01.31.51:052][  0]LogWindows: EnumDisplayDevices:
[2022.03.01-01.31.51:052][  0]LogWindows:    0. 'AMD Radeon(TM) Graphics' (P:1 D:1)
[2022.03.01-01.31.51:052][  0]LogWindows:    1. 'AMD Radeon(TM) Graphics' (P:0 D:1)
[2022.03.01-01.31.51:052][  0]LogWindows:    2. 'AMD Radeon(TM) Graphics' (P:0 D:0)
[2022.03.01-01.31.51:053][  0]LogWindows:    3. 'AMD Radeon(TM) Graphics' (P:0 D:0)
[2022.03.01-01.31.51:053][  0]LogWindows:    4. 'NVIDIA GeForce RTX 3060 Laptop GPU' (P:0 D:0)
[2022.03.01-01.31.51:053][  0]LogWindows:    5. 'NVIDIA GeForce RTX 3060 Laptop GPU' (P:0 D:0)
[2022.03.01-01.31.51:053][  0]LogWindows:    6. 'NVIDIA GeForce RTX 3060 Laptop GPU' (P:0 D:0)
[2022.03.01-01.31.51:053][  0]LogWindows:    7. 'NVIDIA GeForce RTX 3060 Laptop GPU' (P:0 D:0)
[2022.03.01-01.31.51:053][  0]LogWindows: DebugString: PrimaryIsNotTheChoosenAdapter PrimaryIsNotTheChoosenAdapter PrimaryIsNotTheChoosenAdapter PrimaryIsNotTheChoosenAdapter FoundDriverCount:4 
[2022.03.01-01.31.51:053][  0]LogD3D11RHI:     Adapter Name: NVIDIA GeForce RTX 3060 Laptop GPU
[2022.03.01-01.31.51:053][  0]LogD3D11RHI:   Driver Version: 496.49 (internal:30.0.14.9649, unified:496.49)
[2022.03.01-01.31.51:053][  0]LogD3D11RHI:      Driver Date: 10-20-2021
[2022.03.01-01.31.51:053][  0]LogRHI: Texture pool is 4216 MB (70% of 6023 MB)
[2022.03.01-01.31.51:053][  0]LogD3D11RHI: Creating D3DDevice using adapter:
[2022.03.01-01.31.51:053][  0]LogD3D11RHI:     Description : NVIDIA GeForce RTX 3060 Laptop GPU
[2022.03.01-01.31.51:053][  0]LogD3D11RHI:     VendorId    : 10de
[2022.03.01-01.31.51:053][  0]LogD3D11RHI:     DeviceId    : 2520
[2022.03.01-01.31.51:053][  0]LogD3D11RHI:     SubSysId    : 17221043
[2022.03.01-01.31.51:053][  0]LogD3D11RHI:     Revision    : 00a1
[2022.03.01-01.31.51:053][  0]LogD3D11RHI:     DedicatedVideoMemory : 6315573248 bytes
[2022.03.01-01.31.51:053][  0]LogD3D11RHI:     DedicatedSystemMemory : 0 bytes
[2022.03.01-01.31.51:053][  0]LogD3D11RHI:     SharedSystemMemory : 8271355904 bytes
[2022.03.01-01.31.51:053][  0]LogD3D11RHI:     AdapterLuid : 0 57695
[2022.03.01-01.31.51:093][  0]LogD3D11RHI: RHI has support for 64 bit atomics
[2022.03.01-01.31.51:093][  0]LogD3D11RHI: Async texture creation enabled
[2022.03.01-01.31.51:093][  0]LogD3D11RHI: Array index from any shader is supported
[2022.03.01-01.31.51:107][  0]LogD3D11RHI: GPU Timing Frequency: 1000.000000 (Debug: 2 1)
[2022.03.01-01.31.51:126][  0]LogRHI: GeForceNow SDK initialized: 1
[2022.03.01-01.31.51:311][  0]LogTargetPlatformManager: Display: Loaded TargetPlatform 'AllDesktop'
[2022.03.01-01.31.51:327][  0]LogTargetPlatformManager: Display: Loaded TargetPlatform 'Android'
[2022.03.01-01.31.51:327][  0]LogTargetPlatformManager: Display: Loaded TargetPlatform 'Android_ASTC'
[2022.03.01-01.31.51:327][  0]LogTargetPlatformManager: Display: Loaded TargetPlatform 'Android_DXT'
[2022.03.01-01.31.51:327][  0]LogTargetPlatformManager: Display: Loaded TargetPlatform 'Android_ETC2'
[2022.03.01-01.31.51:327][  0]LogTargetPlatformManager: Display: Loaded TargetPlatform 'AndroidClient'
[2022.03.01-01.31.51:327][  0]LogTargetPlatformManager: Display: Loaded TargetPlatform 'Android_ASTCClient'
[2022.03.01-01.31.51:327][  0]LogTargetPlatformManager: Display: Loaded TargetPlatform 'Android_DXTClient'
[2022.03.01-01.31.51:327][  0]LogTargetPlatformManager: Display: Loaded TargetPlatform 'Android_ETC2Client'
[2022.03.01-01.31.51:327][  0]LogTargetPlatformManager: Display: Loaded TargetPlatform 'Android_Multi'
[2022.03.01-01.31.51:327][  0]LogTargetPlatformManager: Display: Loaded TargetPlatform 'Android_MultiClient'
[2022.03.01-01.31.51:340][  0]LogTargetPlatformManager: Display: Loaded TargetPlatform 'IOSClient'
[2022.03.01-01.31.51:340][  0]LogTargetPlatformManager: Display: Loaded TargetPlatform 'IOS'
[2022.03.01-01.31.51:347][  0]LogTargetPlatformManager: Display: Loaded TargetPlatform 'Linux'
[2022.03.01-01.31.51:351][  0]LogTargetPlatformManager: Display: Loaded TargetPlatform 'LinuxNoEditor'
[2022.03.01-01.31.51:354][  0]LogTargetPlatformManager: Display: Loaded TargetPlatform 'LinuxClient'
[2022.03.01-01.31.51:357][  0]LogTargetPlatformManager: Display: Loaded TargetPlatform 'LinuxServer'
[2022.03.01-01.31.51:364][  0]LogTargetPlatformManager: Display: Loaded TargetPlatform 'LinuxAArch64NoEditor'
[2022.03.01-01.31.51:368][  0]LogTargetPlatformManager: Display: Loaded TargetPlatform 'LinuxAArch64Client'
[2022.03.01-01.31.51:371][  0]LogTargetPlatformManager: Display: Loaded TargetPlatform 'LinuxAArch64Server'
[2022.03.01-01.31.51:388][  0]LogTargetPlatformManager: Display: Loaded TargetPlatform 'Lumin'
[2022.03.01-01.31.51:388][  0]LogTargetPlatformManager: Display: Loaded TargetPlatform 'LuminClient'
[2022.03.01-01.31.51:394][  0]LogTargetPlatformManager: Display: Loaded TargetPlatform 'MacNoEditor'
[2022.03.01-01.31.51:398][  0]LogTargetPlatformManager: Display: Loaded TargetPlatform 'Mac'
[2022.03.01-01.31.51:401][  0]LogTargetPlatformManager: Display: Loaded TargetPlatform 'MacClient'
[2022.03.01-01.31.51:405][  0]LogTargetPlatformManager: Display: Loaded TargetPlatform 'MacServer'
[2022.03.01-01.31.51:412][  0]LogTargetPlatformManager: Display: Loaded TargetPlatform 'TVOSClient'
[2022.03.01-01.31.51:412][  0]LogTargetPlatformManager: Display: Loaded TargetPlatform 'TVOS'
[2022.03.01-01.31.51:419][  0]LogTargetPlatformManager: Display: Loaded TargetPlatform 'WindowsNoEditor'
[2022.03.01-01.31.51:422][  0]LogTargetPlatformManager: Display: Loaded TargetPlatform 'Windows'
[2022.03.01-01.31.51:425][  0]LogTargetPlatformManager: Display: Loaded TargetPlatform 'WindowsClient'
[2022.03.01-01.31.51:429][  0]LogTargetPlatformManager: Display: Loaded TargetPlatform 'WindowsServer'
[2022.03.01-01.31.51:429][  0]LogTargetPlatformManager: Display: Building Assets For Windows
[2022.03.01-01.31.51:433][  0]LogAudioDebug: Display: Lib vorbis DLL was dynamically loaded.
[2022.03.01-01.31.51:455][  0]LogTextureFormatOodle: Display: Oodle Texture 2.9.0 init RDO Off
[2022.03.01-01.31.51:476][  0]LogRendererCore: Ray tracing is disabled. Reason: r.RayTracing=0.
[2022.03.01-01.31.51:476][  0]LogShaderCompilers: Guid format shader working directory is -26 characters bigger than the processId version (../../../../../../Users/James/Documents/Unreal Projects/Safari_Snapshot/Intermediate/Shaders/WorkingDirectory/17400/).
[2022.03.01-01.31.51:476][  0]LogShaderCompilers: Cleaned the shader compiler working directory 'C:/Users/James/AppData/Local/Temp/UnrealShaderWorkingDir/52A0B014422796999DC053A230CB4C21/'.
[2022.03.01-01.31.51:476][  0]LogXGEController: Cannot use XGE Controller as Incredibuild is not installed on this machine.
[2022.03.01-01.31.51:476][  0]LogShaderCompilers: Cannot use XGE Shader Compiler as Incredibuild is not installed on this machine.
[2022.03.01-01.31.51:476][  0]LogShaderCompilers: Display: Using Local Shader Compiler.
[2022.03.01-01.31.52:017][  0]LogDerivedDataCache: Display: Max Cache Size: 512 MB
[2022.03.01-01.31.52:055][  0]LogDerivedDataCache: Loaded boot cache 0.04s 94MB C:/Users/James/AppData/Local/UnrealEngine/4.27/DerivedDataCache/Boot.ddc.
[2022.03.01-01.31.52:055][  0]LogDerivedDataCache: Display: Loaded Boot cache: C:/Users/James/AppData/Local/UnrealEngine/4.27/DerivedDataCache/Boot.ddc
[2022.03.01-01.31.52:056][  0]LogDerivedDataCache: FDerivedDataBackendGraph:  Pak pak cache file ../../../../../../Users/James/Documents/Unreal Projects/Safari_Snapshot/DerivedDataCache/DDC.ddp not found, will not use a pak cache.
[2022.03.01-01.31.52:056][  0]LogDerivedDataCache: Unable to find inner node Pak for hierarchical cache Hierarchy.
[2022.03.01-01.31.52:056][  0]LogDerivedDataCache: FDerivedDataBackendGraph:  CompressedPak pak cache file ../../../../../../Users/James/Documents/Unreal Projects/Safari_Snapshot/DerivedDataCache/Compressed.ddp not found, will not use a pak cache.
[2022.03.01-01.31.52:056][  0]LogDerivedDataCache: Unable to find inner node CompressedPak for hierarchical cache Hierarchy.
[2022.03.01-01.31.52:070][  0]LogDerivedDataCache: Display: Pak cache opened for reading ../../../Engine/DerivedDataCache/Compressed.ddp.
[2022.03.01-01.31.52:070][  0]LogDerivedDataCache: FDerivedDataBackendGraph:  EnterprisePak pak cache file ../../../Enterprise/DerivedDataCache/Compressed.ddp not found, will not use a pak cache.
[2022.03.01-01.31.52:070][  0]LogDerivedDataCache: Unable to find inner node EnterprisePak for hierarchical cache Hierarchy.
[2022.03.01-01.31.52:076][  0]LogDerivedDataCache: Speed tests for C:/Users/James/AppData/Local/UnrealEngine/Common/DerivedDataCache took 0.01 seconds
[2022.03.01-01.31.52:076][  0]LogDerivedDataCache: Display: Performance to C:/Users/James/AppData/Local/UnrealEngine/Common/DerivedDataCache: Latency=0.02ms. RandomReadSpeed=1870.22MBs, RandomWriteSpeed=192.97MBs. Assigned SpeedClass 'Local'
[2022.03.01-01.31.52:076][  0]LogDerivedDataCache: Using Local data cache path C:/Users/James/AppData/Local/UnrealEngine/Common/DerivedDataCache: Writable
[2022.03.01-01.31.52:077][  0]LogDerivedDataCache: Shared data cache path not found in *engine.ini, will not use an Shared cache.
[2022.03.01-01.31.52:077][  0]LogDerivedDataCache: Unable to find inner node Shared for hierarchical cache Hierarchy.
[2022.03.01-01.31.52:113][  0]LogSlate: Using FreeType 2.10.0
[2022.03.01-01.31.52:113][  0]LogSlate: SlateFontServices - WITH_FREETYPE: 1, WITH_HARFBUZZ: 1
[2022.03.01-01.31.52:130][  0]LogAssetRegistry: FAssetRegistry took 0.0021 seconds to start up
[2022.03.01-01.31.52:312][  0]LogInit: Selected Device Profile: [Windows]
[2022.03.01-01.31.52:312][  0]LogInit: Active device profile: [00000200022F0D00][00000200007E0A40 49] Windows
[2022.03.01-01.31.52:312][  0]LogInit: Profiles: [00000200022F0D00][00000200007E0A40 49] Windows, [00000200022BA300][00000200007E4B80 49] WindowsNoEditor, [00000200022F1C00][00000200007ECD00 49] WindowsServer, [00000200022BB100][00000200007F0E80 49] WindowsClient, [00000200022F2900][00000200007FD000 49] IOS, [00000200022B9A00][0000020077869180 49] iPadAir, [00000200022F3E00][0000020077871300 49] iPadAir2, [0000020002019100][000002007787D5C0 49] IPadPro, [0000020002019200][000002007E431600 49] iPadAir3, [00000200022B8C00][000002007A4DD780 49] iPadAir4, [0000020002019E00][000002007A4E1900 49] iPadMini2, [00000200022BB300][000002007A4E5A80 49] iPadMini3, [000002000201B900][000002007A4E9C00 49] iPadMini4, [00000200022B9000][000002007A4EC200 49] iPadMini5, [0000020002070A00][000002007A4FC4C0 49] iPhone6, [0000020002070B00][000002007A4F4500 49] iPodTouch6, [00000200022F2D00][000002007A5087C0 49] iPhone7, [00000200022F2E00][000002007A504800 49] iPodTouch7, [000002000201BE00][00000200007E8940 49] iPhone5S, [00000200022F0E00][000002007A50CA80 49] iPhone6Plus, [0000020002070100][000002007A514BC0 49] iPhone6S, [0000020002018300][000002007A524D00 49] iPhone6SPlus, [0000020002072900][000002007782AE80 49] iPhone7Plus, [000002000201A200][000002007782F000 49] iPhoneSE, [0000020002072700][0000020077833180 49] iPhone8, [0000020002018700][0000020077837300 49] iPhone8Plus, [0000020002073200][000002007785B480 49] iPhoneX, [00000200022F1500][000002007785F600 49] iPhoneXS, [0000020002072C00][0000020077863780 49] iPhoneXSMax, [00000200022F1A00][000002007E415900 49] iPhoneXR, [0000020002070600][0000020003019A80 49] iPhone11, [00000200022F0F00][000002000301DC00 49] iPhone11Pro, [0000020002071B00][000002007E418200 49] iPhone11ProMax, [00000200022F3300][000002007E41C380 49] iPhoneSE2, [0000020002073B00][000002007E420500 49] iPhone12Mini, [00000200022F2300][000002007E424680 49] iPhone12, [0000020002071000][000002007A496800 49] iPhone12Pro, [00000200022F3F00][000002007A49A980 49] iPhone12ProMax, [0000020002071600][000002007A4A2B00 49] iPadPro105, [00000200022F0900][000002007A530C40 49] iPadPro129, [0000020002073E00][0000020077C38D80 49] iPadPro97, [00000200022F3700][0000020077C40EC0 49] iPadPro2_129, [0000020002070D00][0000020077C5F040 49] iPad5, [00000200022F1F00][0000020077C631C0 49] iPad6, [0000020002071200][0000020077C67340 49] iPad7, [00000200022F1100][0000020077C8D4C0 49] iPad8, [0000020002070200][0000020002C2D640 49] iPadPro11, [00000200022F3200][0000020002C417C0 49] iPadPro2_11, [0000020002071700][0000020002C45940 49] iPadPro3_129, [00000200022F3800][0000020002C49AC0 49] iPadPro4_129, [0000020002070F00][0000020002C4C0C0 49] AppleTV, [00000200022F2600][0000020002C50240 49] AppleTV4K, [0000020002072200][000002000331C3C0 49] TVOS, [00000200022F3B00][000002007E400540 49] Mac, [0000020002071400][000002007E4046C0 49] MacClient, [00000200022F2100][000002007E408840 49] MacNoEditor, [0000020002072F00][000002007E40C9C0 49] MacServer, [00000200022F1000][000002007E410B40 49] Linux, [0000020002071F00][0000020003340CC0 49] LinuxAArch64, [00000200022F3C00][0000020077C5AE00 49] LinuxNoEditor, [0000020002073300][0000020003380F40 49] LinuxAArch64NoEditor, [00000200022F1B00][00000200033CD080 49] LinuxClient, [0000020002070800][00000200033D11C0 49] LinuxAArch64Client, [00000200022F1400][00000200033D9340 49] LinuxServer, [0000020002071100][00000200033DD4C0 49] LinuxAArch64Server, [00000200022F2F00][000002000342D640 49] Android, [0000020002072400][0000020002C557C0 49] Android_Low, [00000200022F3D00][000002007783B940 49] Android_Mid, [0000020002073900][0000020077849AC0 49] Android_High, [00000200022F3400][000002007784C0C0 49] Android_Default, [0000020002072A00][000002007783E240 49] Android_Adreno4xx, [00000200022F0300][00000200033E03C0 49] Android_Adreno5xx_Low, [0000020002073700][0000020077850540 49] Android_Adreno5xx, [00000200022F1300][00000200778546C0 49] Android_Adreno6xx, [00000200022B8500][000002007A47C840 49] Android_Adreno6xx_Vulkan, [0000020002019F00][000002007A4809C0 49] Android_Mali_T6xx, [00000200022B8600][000002007A484B40 49] Android_Mali_T7xx, [000002000201BA00][000002007A488CC0 49] Android_Mali_T8xx, [00000200022B8100][000002007A48CE40 49] Android_Mali_G71, [000002000201B500][00000200033D4F80 49] Android_Mali_G72, [00000200022B8400][000002007A4910C0 49] Android_Mali_G72_Vulkan, [0000020002019800][0000020002977200 49] Android_Mali_G76, [00000200022BB800][0000020077C57340 49] Android_Mali_G76_Vulkan, [000002000201AA00][0000020077C3D4C0 49] Android_Mali_G77, [00000200022BB200][000002007A519640 49] Android_Mali_G77_Vulkan, [0000020002019600][000002000299B7C0 49] Android_Mali_G78, [00000200022BA200][000002007A4A7940 49] Android_Mali_G78_Vulkan, [0000020002018600][000002007A511AC0 49] Android_Mali_G710, [00000200022B8300][0000020077C1C0C0 49] Android_Mali_G710_Vulkan, [0000020002018200][000002007780A240 49] Android_Vulkan_SM5, [00000200022B8200][000002007780E3C0 49] Android_PowerVR_G6xxx, [000002000201A500][0000020077812540 49] Android_PowerVR_GT7xxx, [00000200022BA600][00000200778166C0 49] Android_PowerVR_GE8xxx, [0000020002019300][000002007781A840 49] Android_PowerVR_GM9xxx, [00000200022B8D00][000002007781E9C0 49] Android_PowerVR_GM9xxx_Vulkan, [000002000201BD00][0000020077822B40 49] Android_TegraK1, [00000200022BA900][0000020077826CC0 49] Android_Unknown_Vulkan, [000002000201B200][000002000297AE40 49] Lumin, [00000200022B8A00][000002000297EFC0 49] Lumin_Desktop, [000002000201B300][0000020002983140 49] HoloLens, 
[2022.03.01-01.31.52:401][  0]LogMeshReduction: Using QuadricMeshReduction for automatic static mesh reduction
[2022.03.01-01.31.52:401][  0]LogMeshReduction: Using SimplygonMeshReduction for automatic skeletal mesh reduction
[2022.03.01-01.31.52:401][  0]LogMeshReduction: Using ProxyLODMeshReduction for automatic mesh merging
[2022.03.01-01.31.52:401][  0]LogMeshReduction: No distributed automatic mesh merging module available
[2022.03.01-01.31.52:401][  0]LogMeshMerging: No distributed automatic mesh merging module available
[2022.03.01-01.31.52:412][  0]LogNetVersion: Safari_Snapshot 1.0.0, NetCL: 17155196, EngineNetVer: 17, GameNetVer: 0 (Checksum: 911964087)
[2022.03.01-01.31.52:660][  0]LogTexture: Default maximum texture size for cubemaps generated from long-lat sources has been changed from 512 to unlimited. In order to preserve old behaiour for '/Engine/MapTemplates/Sky/DaylightAmbientCubemap.DaylightAmbientCubemap', its maximum texture size has been explicitly set to 512.
[2022.03.01-01.31.52:698][  0]LogHMD: PokeAHoleMaterial loaded successfully
[2022.03.01-01.31.52:703][  0]LogUObjectArray: 17178 objects as part of root set at end of initial load.
[2022.03.01-01.31.52:703][  0]LogUObjectAllocator: 4302048 out of 0 bytes used by permanent object pool.
[2022.03.01-01.31.52:703][  0]LogUObjectArray: CloseDisregardForGC: 0/0 objects in disregard for GC pool
[2022.03.01-01.31.52:819][  0]LogNiagaraDebuggerClient: Niagara Debugger Client Initialized | Session: 4BF77D2B4415B989EECBA792054562B3 | Instance: 9FB79AEE4493D78523C1F581DA692067 (LAPTOP-5D4ARRQ6-17400).
[2022.03.01-01.31.52:979][  0]LogPython: Using Python 3.7.7
[2022.03.01-01.31.53:367][  0]LogTcpMessaging: Initializing TcpMessaging bridge
[2022.03.01-01.31.53:371][  0]LogUdpMessaging: Initializing bridge on interface 0.0.0.0:0 to multicast group 230.0.0.1:6666.
[2022.03.01-01.31.53:476][  0]SourceControl: Source control is disabled
[2022.03.01-01.31.53:476][  0]SourceControl: Source control is disabled
[2022.03.01-01.31.53:483][  0]SourceControl: Source control is disabled
[2022.03.01-01.31.53:488][  0]SourceControl: Source control is disabled
[2022.03.01-01.31.53:492][  0]LogUProjectInfo: Found projects:
[2022.03.01-01.31.53:499][  0]SourceControl: Source control is disabled
[2022.03.01-01.31.53:656][  0]LogOpenImageDenoise: OIDN starting up
[2022.03.01-01.31.53:672][  0]LogAndroidPermission: UAndroidPermissionCallbackProxy::GetInstance
[2022.03.01-01.31.53:689][  0]LogAudioCaptureCore: Display: No Audio Capture implementations found. Audio input will be silent.
[2022.03.01-01.31.53:689][  0]LogAudioCaptureCore: Display: No Audio Capture implementations found. Audio input will be silent.
[2022.03.01-01.31.53:777][  0]LogCollectionManager: Loaded 0 collections in 0.001160 seconds
[2022.03.01-01.31.53:795][  0]LogFileCache: Scanning file cache for directory 'C:/Users/James/Documents/Unreal Projects/Safari_Snapshot/Saved/Collections/' took 0.00s
[2022.03.01-01.31.53:795][  0]LogFileCache: Scanning file cache for directory 'C:/Users/James/Documents/Unreal Projects/Safari_Snapshot/Content/Developers/James/Collections/' took 0.00s
[2022.03.01-01.31.53:795][  0]LogFileCache: Scanning file cache for directory 'C:/Users/James/Documents/Unreal Projects/Safari_Snapshot/Content/Collections/' took 0.00s
[2022.03.01-01.31.53:795][  0]LogOcInput: OculusInput pre-init called
[2022.03.01-01.31.53:951][  0]LogEngine: Initializing Engine...
[2022.03.01-01.31.53:952][  0]LogHMD: Failed to enumerate extensions. Please check that you have a valid OpenXR runtime installed.
[2022.03.01-01.31.53:953][  0]LogHMD: Failed to initialize OpenVR with code 110
[2022.03.01-01.31.53:953][  0]LogMagicLeap: Warning: VR disabled because ZI is not enabled.  To enable, in the editor, Edit -> Project Settings -> Plugins -> Magic Leap Plugin -> Enable Zero Iteration
[2022.03.01-01.31.53:953][  0]LogStats: UGameplayTagsManager::InitializeManager -  0.000 s
[2022.03.01-01.31.54:032][  0]LogInit: Initializing FReadOnlyCVARCache
[2022.03.01-01.31.54:040][  0]LogAIModule: Creating AISystem for world Untitled
[2022.03.01-01.31.54:043][  0]LogAudio: Display: Initializing Audio Device Manager...
[2022.03.01-01.31.54:046][  0]LogAudio: Display: Loading Default Audio Settings Objects...
[2022.03.01-01.31.54:046][  0]LogAudio: Display: No default SoundConcurrencyObject specified (or failed to load).
[2022.03.01-01.31.54:046][  0]LogAudio: Display: Audio Device Manager Initialized
[2022.03.01-01.31.54:046][  0]LogAudio: Display: Creating Audio Device:                 Id: 1, Scope: Shared, Realtime: True
[2022.03.01-01.31.54:046][  0]LogAudioMixer: Display: Audio Mixer Platform Settings:
[2022.03.01-01.31.54:046][  0]LogAudioMixer: Display: 	Sample Rate:						  48000
[2022.03.01-01.31.54:046][  0]LogAudioMixer: Display: 	Callback Buffer Frame Size Requested: 1024
[2022.03.01-01.31.54:046][  0]LogAudioMixer: Display: 	Callback Buffer Frame Size To Use:	  1024
[2022.03.01-01.31.54:046][  0]LogAudioMixer: Display: 	Number of buffers to queue:			  2
[2022.03.01-01.31.54:046][  0]LogAudioMixer: Display: 	Max Channels (voices):				  32
[2022.03.01-01.31.54:046][  0]LogAudioMixer: Display: 	Number of Async Source Workers:		  0
[2022.03.01-01.31.54:046][  0]LogAudio: Display: AudioDevice MaxSources: 32
[2022.03.01-01.31.54:047][  0]LogAudio: Display: Audio Spatialization Plugin: None (built-in).
[2022.03.01-01.31.54:047][  0]LogAudio: Display: Audio Reverb Plugin: None (built-in).
[2022.03.01-01.31.54:047][  0]LogAudio: Display: Audio Occlusion Plugin: None (built-in).
[2022.03.01-01.31.54:047][  0]LogAudioMixer: Display: Initializing audio mixer.
[2022.03.01-01.31.54:054][  0]LogAudioMixer: Display: 0: FrontLeft
[2022.03.01-01.31.54:054][  0]LogAudioMixer: Display: 1: FrontRight
[2022.03.01-01.31.54:068][  0]LogAudioMixer: Display: Using Audio Device Speakers (2- Razer BlackShark V2 Pro)
[2022.03.01-01.31.54:070][  0]LogAudioMixer: Display: Initializing Sound Submixes...
[2022.03.01-01.31.54:071][  0]LogAudioMixer: Display: Creating Master Submix 'MasterSubmixDefault'
[2022.03.01-01.31.54:071][  0]LogAudioMixer: Display: Creating Master Submix 'MasterReverbSubmixDefault'
[2022.03.01-01.31.54:072][  0]LogAudioMixer: Display: Creating Master Submix 'MasterEQSubmixDefault'
[2022.03.01-01.31.54:072][  0]LogAudioMixer: FMixerPlatformXAudio2::StartAudioStream() called
[2022.03.01-01.31.54:072][  0]LogAudioMixer: Display: Output buffers initialized: Frames=1024, Channels=2, Samples=2048
[2022.03.01-01.31.54:072][  0]LogAudioMixer: Display: Starting AudioMixerPlatformInterface::RunInternal()
[2022.03.01-01.31.54:072][  0]LogAudioMixer: Display: FMixerPlatformXAudio2::SubmitBuffer() called for the first time
[2022.03.01-01.31.54:072][  0]LogInit: FAudioDevice initialized.
[2022.03.01-01.31.54:073][  0]LogAudio: Display: Audio Device (ID: 1) registered with world 'Untitled'.
[2022.03.01-01.31.54:073][  0]LogNetVersion: Set ProjectVersion to 1.0.0.0. Version Checksum will be recalculated on next use.
[2022.03.01-01.31.54:117][  0]LogDerivedDataCache: Saved boot cache 0.04s 94MB C:/Users/James/AppData/Local/UnrealEngine/4.27/DerivedDataCache/Boot.ddc.
[2022.03.01-01.31.54:117][  0]LogInit: Texture streaming: Enabled
[2022.03.01-01.31.54:127][  0]LogAnalytics: Display: [UEEditor.Rocket.Release] APIServer = https://datarouter.ol.epicgames.com/. AppVersion = 4.27.2-18319896+++UE4+Release-4.27
[2022.03.01-01.31.54:129][  0]LogEngineSessionManager: EngineSessionManager initialized
[2022.03.01-01.31.54:129][  0]LogEditorSessionSummary: Verbose: Initializing EditorSessionSummaryWriter for editor session tracking
[2022.03.01-01.31.54:131][  0]LogEditorSessionSummary: EditorSessionSummaryWriter initialized
[2022.03.01-01.31.54:153][  0]LogInit: Transaction tracking system initialized
[2022.03.01-01.31.54:168][  0]BlueprintLog: New page: Editor Load
[2022.03.01-01.31.54:212][  0]LocalizationService: Localization service is disabled
[2022.03.01-01.31.54:228][  0]TimingProfiler: Initialize
[2022.03.01-01.31.54:229][  0]TimingProfiler: OnSessionChanged
[2022.03.01-01.31.54:229][  0]LoadingProfiler: Initialize
[2022.03.01-01.31.54:229][  0]LoadingProfiler: OnSessionChanged
[2022.03.01-01.31.54:229][  0]NetworkingProfiler: Initialize
[2022.03.01-01.31.54:229][  0]NetworkingProfiler: OnSessionChanged
[2022.03.01-01.31.54:229][  0]MemoryProfiler: Initialize
[2022.03.01-01.31.54:229][  0]MemoryProfiler: OnSessionChanged
[2022.03.01-01.31.54:328][  0]LogCook: Display: CookSettings for Memory: MemoryMaxUsedVirtual 0MiB, MemoryMaxUsedPhysical 16384MiB, MemoryMinFreeVirtual 0MiB, MemoryMinFreePhysical 1024MiB
[2022.03.01-01.31.54:328][  0]LogCook: Display: Mobile HDR setting 1
[2022.03.01-01.31.54:457][  0]LogFileCache: Scanning file cache for directory 'C:/Users/James/Documents/Unreal Projects/Safari_Snapshot/Content/' took 0.01s
[2022.03.01-01.31.54:577][  0]LogInit: Display: Engine is initialized. Leaving FEngineLoop::Init()
[2022.03.01-01.31.54:579][  0]SourceControl: Source control is disabled
[2022.03.01-01.31.54:579][  0]LogUnrealEdMisc: Loading editor; pre map load, took 4.618
[2022.03.01-01.31.54:579][  0]Cmd: MAP LOAD FILE="../../../../../../Users/James/Documents/Unreal Projects/Safari_Snapshot/Content/FirstPersonBP/Maps/FirstPersonExampleMap.umap" TEMPLATE=0 SHOWPROGRESS=1 FEATURELEVEL=3
[2022.03.01-01.31.54:580][  0]LightingResults: New page: Lighting Build
[2022.03.01-01.31.54:581][  0]LogWorld: UWorld::CleanupWorld for Untitled, bSessionEnded=true, bCleanupResources=true
[2022.03.01-01.31.54:581][  0]LogSlate: InvalidateAllWidgets triggered.  All widgets were invalidated
[2022.03.01-01.31.54:581][  0]MapCheck: New page: Map Check
[2022.03.01-01.31.54:581][  0]LightingResults: New page: Lighting Build
[2022.03.01-01.31.54:583][  0]LogAudio: Display: Audio Device unregistered from world 'None'.
[2022.03.01-01.31.54:586][  0]LogUObjectHash: Compacting FUObjectHashTables data took   0.66ms
[2022.03.01-01.31.54:864][  0]LogSkeletalMesh: Display: [AssetLog] C:\Users\James\Documents\Unreal Projects\Safari_Snapshot\Content\Vehicle\Sedan\Sedan_SkelMesh.uasset: Find and fix some bad tangent! please re-import this skeletal mesh asset to fix the issue. The shading of the skeletal mesh will be bad and faceted.
[2022.03.01-01.31.54:919][  0]LogAudio: Display: Audio Device (ID: 1) registered with world 'FirstPersonExampleMap'.
[2022.03.01-01.31.54:919][  0]LogAIModule: Creating AISystem for world FirstPersonExampleMap
[2022.03.01-01.31.54:927][  0]LogEditorServer: Finished looking for orphan Actors (0.000 secs)
[2022.03.01-01.31.54:936][  0]LogUObjectHash: Compacting FUObjectHashTables data took   0.89ms
[2022.03.01-01.31.54:937][  0]Cmd: MAP CHECKDEP NOCLEARLOG
[2022.03.01-01.31.54:937][  0]MapCheck: Map check complete: 0 Error(s), 0 Warning(s), took 0.154ms to complete.
[2022.03.01-01.31.54:937][  0]LogFileHelpers: Loading map 'FirstPersonExampleMap' took 0.357
[2022.03.01-01.31.54:939][  0]LogUnrealEdMisc: Total Editor Startup Time, took 4.976
[2022.03.01-01.31.55:040][  0]LogSlate: Updating window title bar state: overlay mode, drag disabled, window buttons hidden, title bar hidden
[2022.03.01-01.31.55:045][  0]LogSlate: Updating window title bar state: overlay mode, drag disabled, window buttons hidden, title bar hidden
[2022.03.01-01.31.55:049][  0]LogSlate: Updating window title bar state: overlay mode, drag disabled, window buttons hidden, title bar hidden
[2022.03.01-01.31.55:054][  0]LogSlate: Updating window title bar state: overlay mode, drag disabled, window buttons hidden, title bar hidden
[2022.03.01-01.31.55:065][  0]LogNativeClassHierarchy: Verbose: Native class hierarchy populated in 0.0085 seconds. Added 3822 classes and 928 folders.
[2022.03.01-01.31.55:067][  0]LogNativeClassHierarchy: Verbose: Native class hierarchy updated for 'WidgetCarousel' in 0.0003 seconds. Added 0 classes and 0 folders.
[2022.03.01-01.31.55:068][  0]LogPakFile: PakFile PrimaryIndexSize=187
[2022.03.01-01.31.55:068][  0]LogPakFile: PakFile PathHashIndexSize=101
[2022.03.01-01.31.55:068][  0]LogPakFile: PakFile FullDirectoryIndexSize=148
[2022.03.01-01.31.55:068][  0]LogShaderLibrary: Display: ShaderCodeLibraryPakFileMountedCallback: PakFile 'C:/Program Files/Epic Games/UE_4.27/FeaturePacks/FP_FirstPerson.upack' (chunk index -1, root 'root:/') mounted
[2022.03.01-01.31.55:068][  0]LogShaderLibrary: Display: ShaderCodeLibraryPakFileMountedCallback: pending pak file info (ChunkID:-1 Root:root:/ File:C:/Program Files/Epic Games/UE_4.27/FeaturePacks/FP_FirstPerson.upack)
[2022.03.01-01.31.55:068][  0]LogPakFile: OnPakFileMounted2Time == 0.000041
[2022.03.01-01.31.55:068][  0]LogPakFile: PakFile PrimaryIndexSize=189
[2022.03.01-01.31.55:068][  0]LogPakFile: PakFile PathHashIndexSize=101
[2022.03.01-01.31.55:068][  0]LogPakFile: PakFile FullDirectoryIndexSize=152
[2022.03.01-01.31.55:068][  0]LogShaderLibrary: Display: ShaderCodeLibraryPakFileMountedCallback: PakFile 'C:/Program Files/Epic Games/UE_4.27/FeaturePacks/FP_FirstPersonBP.upack' (chunk index -1, root 'root:/') mounted
[2022.03.01-01.31.55:068][  0]LogShaderLibrary: Display: ShaderCodeLibraryPakFileMountedCallback: pending pak file info (ChunkID:-1 Root:root:/ File:C:/Program Files/Epic Games/UE_4.27/FeaturePacks/FP_FirstPersonBP.upack)
[2022.03.01-01.31.55:069][  0]LogPakFile: OnPakFileMounted2Time == 0.000025
[2022.03.01-01.31.55:069][  0]LogPakFile: PakFile PrimaryIndexSize=191
[2022.03.01-01.31.55:069][  0]LogPakFile: PakFile PathHashIndexSize=101
[2022.03.01-01.31.55:069][  0]LogPakFile: PakFile FullDirectoryIndexSize=160
[2022.03.01-01.31.55:069][  0]LogShaderLibrary: Display: ShaderCodeLibraryPakFileMountedCallback: PakFile 'C:/Program Files/Epic Games/UE_4.27/FeaturePacks/MobileStarterContent.upack' (chunk index -1, root 'root:/') mounted
[2022.03.01-01.31.55:069][  0]LogShaderLibrary: Display: ShaderCodeLibraryPakFileMountedCallback: pending pak file info (ChunkID:-1 Root:root:/ File:C:/Program Files/Epic Games/UE_4.27/FeaturePacks/MobileStarterContent.upack)
[2022.03.01-01.31.55:069][  0]LogPakFile: OnPakFileMounted2Time == 0.000021
[2022.03.01-01.31.55:069][  0]LogPakFile: PakFile PrimaryIndexSize=185
[2022.03.01-01.31.55:069][  0]LogPakFile: PakFile PathHashIndexSize=101
[2022.03.01-01.31.55:069][  0]LogPakFile: PakFile FullDirectoryIndexSize=148
[2022.03.01-01.31.55:069][  0]LogShaderLibrary: Display: ShaderCodeLibraryPakFileMountedCallback: PakFile 'C:/Program Files/Epic Games/UE_4.27/FeaturePacks/StarterContent.upack' (chunk index -1, root 'root:/') mounted
[2022.03.01-01.31.55:069][  0]LogShaderLibrary: Display: ShaderCodeLibraryPakFileMountedCallback: pending pak file info (ChunkID:-1 Root:root:/ File:C:/Program Files/Epic Games/UE_4.27/FeaturePacks/StarterContent.upack)
[2022.03.01-01.31.55:069][  0]LogPakFile: OnPakFileMounted2Time == 0.000022
[2022.03.01-01.31.55:069][  0]LogPakFile: PakFile PrimaryIndexSize=190
[2022.03.01-01.31.55:069][  0]LogPakFile: PakFile PathHashIndexSize=101
[2022.03.01-01.31.55:070][  0]LogPakFile: PakFile FullDirectoryIndexSize=154
[2022.03.01-01.31.55:070][  0]LogShaderLibrary: Display: ShaderCodeLibraryPakFileMountedCallback: PakFile 'C:/Program Files/Epic Games/UE_4.27/FeaturePacks/TP_2DSideScroller.upack' (chunk index -1, root 'root:/') mounted
[2022.03.01-01.31.55:070][  0]LogShaderLibrary: Display: ShaderCodeLibraryPakFileMountedCallback: pending pak file info (ChunkID:-1 Root:root:/ File:C:/Program Files/Epic Games/UE_4.27/FeaturePacks/TP_2DSideScroller.upack)
[2022.03.01-01.31.55:070][  0]LogPakFile: OnPakFileMounted2Time == 0.000022
[2022.03.01-01.31.55:070][  0]LogPakFile: PakFile PrimaryIndexSize=192
[2022.03.01-01.31.55:070][  0]LogPakFile: PakFile PathHashIndexSize=101
[2022.03.01-01.31.55:070][  0]LogPakFile: PakFile FullDirectoryIndexSize=158
[2022.03.01-01.31.55:070][  0]LogShaderLibrary: Display: ShaderCodeLibraryPakFileMountedCallback: PakFile 'C:/Program Files/Epic Games/UE_4.27/FeaturePacks/TP_2DSideScrollerBP.upack' (chunk index -1, root 'root:/') mounted
[2022.03.01-01.31.55:070][  0]LogShaderLibrary: Display: ShaderCodeLibraryPakFileMountedCallback: pending pak file info (ChunkID:-1 Root:root:/ File:C:/Program Files/Epic Games/UE_4.27/FeaturePacks/TP_2DSideScrollerBP.upack)
[2022.03.01-01.31.55:070][  0]LogPakFile: OnPakFileMounted2Time == 0.000021
[2022.03.01-01.31.55:070][  0]LogPakFile: PakFile PrimaryIndexSize=182
[2022.03.01-01.31.55:070][  0]LogPakFile: PakFile PathHashIndexSize=101
[2022.03.01-01.31.55:070][  0]LogPakFile: PakFile FullDirectoryIndexSize=138
[2022.03.01-01.31.55:070][  0]LogShaderLibrary: Display: ShaderCodeLibraryPakFileMountedCallback: PakFile 'C:/Program Files/Epic Games/UE_4.27/FeaturePacks/TP_Flying.upack' (chunk index -1, root 'root:/') mounted
[2022.03.01-01.31.55:070][  0]LogShaderLibrary: Display: ShaderCodeLibraryPakFileMountedCallback: pending pak file info (ChunkID:-1 Root:root:/ File:C:/Program Files/Epic Games/UE_4.27/FeaturePacks/TP_Flying.upack)
[2022.03.01-01.31.55:070][  0]LogPakFile: OnPakFileMounted2Time == 0.000021
[2022.03.01-01.31.55:071][  0]LogPakFile: PakFile PrimaryIndexSize=184
[2022.03.01-01.31.55:071][  0]LogPakFile: PakFile PathHashIndexSize=101
[2022.03.01-01.31.55:071][  0]LogPakFile: PakFile FullDirectoryIndexSize=142
[2022.03.01-01.31.55:071][  0]LogShaderLibrary: Display: ShaderCodeLibraryPakFileMountedCallback: PakFile 'C:/Program Files/Epic Games/UE_4.27/FeaturePacks/TP_FlyingBP.upack' (chunk index -1, root 'root:/') mounted
[2022.03.01-01.31.55:071][  0]LogShaderLibrary: Display: ShaderCodeLibraryPakFileMountedCallback: pending pak file info (ChunkID:-1 Root:root:/ File:C:/Program Files/Epic Games/UE_4.27/FeaturePacks/TP_FlyingBP.upack)
[2022.03.01-01.31.55:071][  0]LogPakFile: OnPakFileMounted2Time == 0.000021
[2022.03.01-01.31.55:071][  0]LogPakFile: PakFile PrimaryIndexSize=188
[2022.03.01-01.31.55:071][  0]LogPakFile: PakFile PathHashIndexSize=101
[2022.03.01-01.31.55:071][  0]LogPakFile: PakFile FullDirectoryIndexSize=150
[2022.03.01-01.31.55:071][  0]LogShaderLibrary: Display: ShaderCodeLibraryPakFileMountedCallback: PakFile 'C:/Program Files/Epic Games/UE_4.27/FeaturePacks/TP_HandheldARBP.upack' (chunk index -1, root 'root:/') mounted
[2022.03.01-01.31.55:071][  0]LogShaderLibrary: Display: ShaderCodeLibraryPakFileMountedCallback: pending pak file info (ChunkID:-1 Root:root:/ File:C:/Program Files/Epic Games/UE_4.27/FeaturePacks/TP_HandheldARBP.upack)
[2022.03.01-01.31.55:071][  0]LogPakFile: OnPakFileMounted2Time == 0.000021
[2022.03.01-01.31.55:071][  0]LogPakFile: PakFile PrimaryIndexSize=182
[2022.03.01-01.31.55:071][  0]LogPakFile: PakFile PathHashIndexSize=101
[2022.03.01-01.31.55:071][  0]LogPakFile: PakFile FullDirectoryIndexSize=138
[2022.03.01-01.31.55:071][  0]LogShaderLibrary: Display: ShaderCodeLibraryPakFileMountedCallback: PakFile 'C:/Program Files/Epic Games/UE_4.27/FeaturePacks/TP_Puzzle.upack' (chunk index -1, root 'root:/') mounted
[2022.03.01-01.31.55:071][  0]LogShaderLibrary: Display: ShaderCodeLibraryPakFileMountedCallback: pending pak file info (ChunkID:-1 Root:root:/ File:C:/Program Files/Epic Games/UE_4.27/FeaturePacks/TP_Puzzle.upack)
[2022.03.01-01.31.55:071][  0]LogPakFile: OnPakFileMounted2Time == 0.000021
[2022.03.01-01.31.55:072][  0]LogPakFile: PakFile PrimaryIndexSize=184
[2022.03.01-01.31.55:072][  0]LogPakFile: PakFile PathHashIndexSize=101
[2022.03.01-01.31.55:072][  0]LogPakFile: PakFile FullDirectoryIndexSize=142
[2022.03.01-01.31.55:072][  0]LogShaderLibrary: Display: ShaderCodeLibraryPakFileMountedCallback: PakFile 'C:/Program Files/Epic Games/UE_4.27/FeaturePacks/TP_PuzzleBP.upack' (chunk index -1, root 'root:/') mounted
[2022.03.01-01.31.55:072][  0]LogShaderLibrary: Display: ShaderCodeLibraryPakFileMountedCallback: pending pak file info (ChunkID:-1 Root:root:/ File:C:/Program Files/Epic Games/UE_4.27/FeaturePacks/TP_PuzzleBP.upack)
[2022.03.01-01.31.55:072][  0]LogPakFile: OnPakFileMounted2Time == 0.000021
[2022.03.01-01.31.55:072][  0]LogPakFile: PakFile PrimaryIndexSize=183
[2022.03.01-01.31.55:072][  0]LogPakFile: PakFile PathHashIndexSize=101
[2022.03.01-01.31.55:072][  0]LogPakFile: PakFile FullDirectoryIndexSize=140
[2022.03.01-01.31.55:072][  0]LogShaderLibrary: Display: ShaderCodeLibraryPakFileMountedCallback: PakFile 'C:/Program Files/Epic Games/UE_4.27/FeaturePacks/TP_Rolling.upack' (chunk index -1, root 'root:/') mounted
[2022.03.01-01.31.55:072][  0]LogShaderLibrary: Display: ShaderCodeLibraryPakFileMountedCallback: pending pak file info (ChunkID:-1 Root:root:/ File:C:/Program Files/Epic Games/UE_4.27/FeaturePacks/TP_Rolling.upack)
[2022.03.01-01.31.55:072][  0]LogPakFile: OnPakFileMounted2Time == 0.000020
[2022.03.01-01.31.55:072][  0]LogPakFile: PakFile PrimaryIndexSize=185
[2022.03.01-01.31.55:072][  0]LogPakFile: PakFile PathHashIndexSize=101
[2022.03.01-01.31.55:072][  0]LogPakFile: PakFile FullDirectoryIndexSize=144
[2022.03.01-01.31.55:072][  0]LogShaderLibrary: Display: ShaderCodeLibraryPakFileMountedCallback: PakFile 'C:/Program Files/Epic Games/UE_4.27/FeaturePacks/TP_RollingBP.upack' (chunk index -1, root 'root:/') mounted
[2022.03.01-01.31.55:072][  0]LogShaderLibrary: Display: ShaderCodeLibraryPakFileMountedCallback: pending pak file info (ChunkID:-1 Root:root:/ File:C:/Program Files/Epic Games/UE_4.27/FeaturePacks/TP_RollingBP.upack)
[2022.03.01-01.31.55:072][  0]LogPakFile: OnPakFileMounted2Time == 0.000020
[2022.03.01-01.31.55:073][  0]LogPakFile: PakFile PrimaryIndexSize=188
[2022.03.01-01.31.55:073][  0]LogPakFile: PakFile PathHashIndexSize=101
[2022.03.01-01.31.55:073][  0]LogPakFile: PakFile FullDirectoryIndexSize=150
[2022.03.01-01.31.55:073][  0]LogShaderLibrary: Display: ShaderCodeLibraryPakFileMountedCallback: PakFile 'C:/Program Files/Epic Games/UE_4.27/FeaturePacks/TP_SideScroller.upack' (chunk index -1, root 'root:/') mounted
[2022.03.01-01.31.55:073][  0]LogShaderLibrary: Display: ShaderCodeLibraryPakFileMountedCallback: pending pak file info (ChunkID:-1 Root:root:/ File:C:/Program Files/Epic Games/UE_4.27/FeaturePacks/TP_SideScroller.upack)
[2022.03.01-01.31.55:073][  0]LogPakFile: OnPakFileMounted2Time == 0.000021
[2022.03.01-01.31.55:073][  0]LogPakFile: PakFile PrimaryIndexSize=190
[2022.03.01-01.31.55:073][  0]LogPakFile: PakFile PathHashIndexSize=101
[2022.03.01-01.31.55:073][  0]LogPakFile: PakFile FullDirectoryIndexSize=154
[2022.03.01-01.31.55:073][  0]LogShaderLibrary: Display: ShaderCodeLibraryPakFileMountedCallback: PakFile 'C:/Program Files/Epic Games/UE_4.27/FeaturePacks/TP_SideScrollerBP.upack' (chunk index -1, root 'root:/') mounted
[2022.03.01-01.31.55:073][  0]LogShaderLibrary: Display: ShaderCodeLibraryPakFileMountedCallback: pending pak file info (ChunkID:-1 Root:root:/ File:C:/Program Files/Epic Games/UE_4.27/FeaturePacks/TP_SideScrollerBP.upack)
[2022.03.01-01.31.55:073][  0]LogPakFile: OnPakFileMounted2Time == 0.000020
[2022.03.01-01.31.55:073][  0]LogPakFile: PakFile PrimaryIndexSize=187
[2022.03.01-01.31.55:073][  0]LogPakFile: PakFile PathHashIndexSize=101
[2022.03.01-01.31.55:073][  0]LogPakFile: PakFile FullDirectoryIndexSize=148
[2022.03.01-01.31.55:073][  0]LogShaderLibrary: Display: ShaderCodeLibraryPakFileMountedCallback: PakFile 'C:/Program Files/Epic Games/UE_4.27/FeaturePacks/TP_ThirdPerson.upack' (chunk index -1, root 'root:/') mounted
[2022.03.01-01.31.55:073][  0]LogShaderLibrary: Display: ShaderCodeLibraryPakFileMountedCallback: pending pak file info (ChunkID:-1 Root:root:/ File:C:/Program Files/Epic Games/UE_4.27/FeaturePacks/TP_ThirdPerson.upack)
[2022.03.01-01.31.55:073][  0]LogPakFile: OnPakFileMounted2Time == 0.000020
[2022.03.01-01.31.55:074][  0]LogPakFile: PakFile PrimaryIndexSize=189
[2022.03.01-01.31.55:074][  0]LogPakFile: PakFile PathHashIndexSize=101
[2022.03.01-01.31.55:074][  0]LogPakFile: PakFile FullDirectoryIndexSize=152
[2022.03.01-01.31.55:074][  0]LogShaderLibrary: Display: ShaderCodeLibraryPakFileMountedCallback: PakFile 'C:/Program Files/Epic Games/UE_4.27/FeaturePacks/TP_ThirdPersonBP.upack' (chunk index -1, root 'root:/') mounted
[2022.03.01-01.31.55:074][  0]LogShaderLibrary: Display: ShaderCodeLibraryPakFileMountedCallback: pending pak file info (ChunkID:-1 Root:root:/ File:C:/Program Files/Epic Games/UE_4.27/FeaturePacks/TP_ThirdPersonBP.upack)
[2022.03.01-01.31.55:074][  0]LogPakFile: OnPakFileMounted2Time == 0.000021
[2022.03.01-01.31.55:074][  0]LogPakFile: PakFile PrimaryIndexSize=183
[2022.03.01-01.31.55:074][  0]LogPakFile: PakFile PathHashIndexSize=101
[2022.03.01-01.31.55:074][  0]LogPakFile: PakFile FullDirectoryIndexSize=140
[2022.03.01-01.31.55:074][  0]LogShaderLibrary: Display: ShaderCodeLibraryPakFileMountedCallback: PakFile 'C:/Program Files/Epic Games/UE_4.27/FeaturePacks/TP_TopDown.upack' (chunk index -1, root 'root:/') mounted
[2022.03.01-01.31.55:074][  0]LogShaderLibrary: Display: ShaderCodeLibraryPakFileMountedCallback: pending pak file info (ChunkID:-1 Root:root:/ File:C:/Program Files/Epic Games/UE_4.27/FeaturePacks/TP_TopDown.upack)
[2022.03.01-01.31.55:074][  0]LogPakFile: OnPakFileMounted2Time == 0.000026
[2022.03.01-01.31.55:074][  0]LogPakFile: PakFile PrimaryIndexSize=185
[2022.03.01-01.31.55:074][  0]LogPakFile: PakFile PathHashIndexSize=101
[2022.03.01-01.31.55:074][  0]LogPakFile: PakFile FullDirectoryIndexSize=144
[2022.03.01-01.31.55:074][  0]LogShaderLibrary: Display: ShaderCodeLibraryPakFileMountedCallback: PakFile 'C:/Program Files/Epic Games/UE_4.27/FeaturePacks/TP_TopDownBP.upack' (chunk index -1, root 'root:/') mounted
[2022.03.01-01.31.55:074][  0]LogShaderLibrary: Display: ShaderCodeLibraryPakFileMountedCallback: pending pak file info (ChunkID:-1 Root:root:/ File:C:/Program Files/Epic Games/UE_4.27/FeaturePacks/TP_TopDownBP.upack)
[2022.03.01-01.31.55:074][  0]LogPakFile: OnPakFileMounted2Time == 0.000021
[2022.03.01-01.31.55:075][  0]LogPakFile: PakFile PrimaryIndexSize=185
[2022.03.01-01.31.55:075][  0]LogPakFile: PakFile PathHashIndexSize=101
[2022.03.01-01.31.55:075][  0]LogPakFile: PakFile FullDirectoryIndexSize=144
[2022.03.01-01.31.55:075][  0]LogShaderLibrary: Display: ShaderCodeLibraryPakFileMountedCallback: PakFile 'C:/Program Files/Epic Games/UE_4.27/FeaturePacks/TP_TwinStick.upack' (chunk index -1, root 'root:/') mounted
[2022.03.01-01.31.55:075][  0]LogShaderLibrary: Display: ShaderCodeLibraryPakFileMountedCallback: pending pak file info (ChunkID:-1 Root:root:/ File:C:/Program Files/Epic Games/UE_4.27/FeaturePacks/TP_TwinStick.upack)
[2022.03.01-01.31.55:075][  0]LogPakFile: OnPakFileMounted2Time == 0.000021
[2022.03.01-01.31.55:075][  0]LogPakFile: PakFile PrimaryIndexSize=187
[2022.03.01-01.31.55:075][  0]LogPakFile: PakFile PathHashIndexSize=101
[2022.03.01-01.31.55:075][  0]LogPakFile: PakFile FullDirectoryIndexSize=148
[2022.03.01-01.31.55:075][  0]LogShaderLibrary: Display: ShaderCodeLibraryPakFileMountedCallback: PakFile 'C:/Program Files/Epic Games/UE_4.27/FeaturePacks/TP_TwinStickBP.upack' (chunk index -1, root 'root:/') mounted
[2022.03.01-01.31.55:075][  0]LogShaderLibrary: Display: ShaderCodeLibraryPakFileMountedCallback: pending pak file info (ChunkID:-1 Root:root:/ File:C:/Program Files/Epic Games/UE_4.27/FeaturePacks/TP_TwinStickBP.upack)
[2022.03.01-01.31.55:075][  0]LogPakFile: OnPakFileMounted2Time == 0.000020
[2022.03.01-01.31.55:075][  0]LogPakFile: PakFile PrimaryIndexSize=183
[2022.03.01-01.31.55:075][  0]LogPakFile: PakFile PathHashIndexSize=101
[2022.03.01-01.31.55:075][  0]LogPakFile: PakFile FullDirectoryIndexSize=140
[2022.03.01-01.31.55:075][  0]LogShaderLibrary: Display: ShaderCodeLibraryPakFileMountedCallback: PakFile 'C:/Program Files/Epic Games/UE_4.27/FeaturePacks/TP_Vehicle.upack' (chunk index -1, root 'root:/') mounted
[2022.03.01-01.31.55:075][  0]LogShaderLibrary: Display: ShaderCodeLibraryPakFileMountedCallback: pending pak file info (ChunkID:-1 Root:root:/ File:C:/Program Files/Epic Games/UE_4.27/FeaturePacks/TP_Vehicle.upack)
[2022.03.01-01.31.55:075][  0]LogPakFile: OnPakFileMounted2Time == 0.000020
[2022.03.01-01.31.55:076][  0]LogPakFile: PakFile PrimaryIndexSize=186
[2022.03.01-01.31.55:076][  0]LogPakFile: PakFile PathHashIndexSize=101
[2022.03.01-01.31.55:076][  0]LogPakFile: PakFile FullDirectoryIndexSize=146
[2022.03.01-01.31.55:076][  0]LogShaderLibrary: Display: ShaderCodeLibraryPakFileMountedCallback: PakFile 'C:/Program Files/Epic Games/UE_4.27/FeaturePacks/TP_VehicleAdv.upack' (chunk index -1, root 'root:/') mounted
[2022.03.01-01.31.55:076][  0]LogShaderLibrary: Display: ShaderCodeLibraryPakFileMountedCallback: pending pak file info (ChunkID:-1 Root:root:/ File:C:/Program Files/Epic Games/UE_4.27/FeaturePacks/TP_VehicleAdv.upack)
[2022.03.01-01.31.55:076][  0]LogPakFile: OnPakFileMounted2Time == 0.000021
[2022.03.01-01.31.55:076][  0]LogPakFile: PakFile PrimaryIndexSize=188
[2022.03.01-01.31.55:076][  0]LogPakFile: PakFile PathHashIndexSize=101
[2022.03.01-01.31.55:076][  0]LogPakFile: PakFile FullDirectoryIndexSize=150
[2022.03.01-01.31.55:076][  0]LogShaderLibrary: Display: ShaderCodeLibraryPakFileMountedCallback: PakFile 'C:/Program Files/Epic Games/UE_4.27/FeaturePacks/TP_VehicleAdvBP.upack' (chunk index -1, root 'root:/') mounted
[2022.03.01-01.31.55:076][  0]LogShaderLibrary: Display: ShaderCodeLibraryPakFileMountedCallback: pending pak file info (ChunkID:-1 Root:root:/ File:C:/Program Files/Epic Games/UE_4.27/FeaturePacks/TP_VehicleAdvBP.upack)
[2022.03.01-01.31.55:076][  0]LogPakFile: OnPakFileMounted2Time == 0.000020
[2022.03.01-01.31.55:076][  0]LogPakFile: PakFile PrimaryIndexSize=185
[2022.03.01-01.31.55:076][  0]LogPakFile: PakFile PathHashIndexSize=101
[2022.03.01-01.31.55:076][  0]LogPakFile: PakFile FullDirectoryIndexSize=144
[2022.03.01-01.31.55:076][  0]LogShaderLibrary: Display: ShaderCodeLibraryPakFileMountedCallback: PakFile 'C:/Program Files/Epic Games/UE_4.27/FeaturePacks/TP_VehicleBP.upack' (chunk index -1, root 'root:/') mounted
[2022.03.01-01.31.55:076][  0]LogShaderLibrary: Display: ShaderCodeLibraryPakFileMountedCallback: pending pak file info (ChunkID:-1 Root:root:/ File:C:/Program Files/Epic Games/UE_4.27/FeaturePacks/TP_VehicleBP.upack)
[2022.03.01-01.31.55:076][  0]LogPakFile: OnPakFileMounted2Time == 0.000021
[2022.03.01-01.31.55:077][  0]LogPakFile: PakFile PrimaryIndexSize=192
[2022.03.01-01.31.55:077][  0]LogPakFile: PakFile PathHashIndexSize=101
[2022.03.01-01.31.55:077][  0]LogPakFile: PakFile FullDirectoryIndexSize=158
[2022.03.01-01.31.55:077][  0]LogShaderLibrary: Display: ShaderCodeLibraryPakFileMountedCallback: PakFile 'C:/Program Files/Epic Games/UE_4.27/FeaturePacks/TP_VirtualRealityBP.upack' (chunk index -1, root 'root:/') mounted
[2022.03.01-01.31.55:077][  0]LogShaderLibrary: Display: ShaderCodeLibraryPakFileMountedCallback: pending pak file info (ChunkID:-1 Root:root:/ File:C:/Program Files/Epic Games/UE_4.27/FeaturePacks/TP_VirtualRealityBP.upack)
[2022.03.01-01.31.55:077][  0]LogPakFile: OnPakFileMounted2Time == 0.000021
[2022.03.01-01.31.55:105][  0]LogNativeClassHierarchy: Verbose: Native class hierarchy updated for 'AddContentDialog' in 0.0003 seconds. Added 0 classes and 0 folders.
[2022.03.01-01.31.55:106][  0]LogNativeClassHierarchy: Verbose: Native class hierarchy updated for 'SceneOutliner' in 0.0001 seconds. Added 2 classes and 0 folders.
[2022.03.01-01.31.55:145][  0]LogSlate: Took 0.000168 seconds to synchronously load lazily loaded font '../../../Engine/Content/Slate/Fonts/Roboto-Regular.ttf' (155K)
[2022.03.01-01.31.55:146][  0]LogSlate: Took 0.000091 seconds to synchronously load lazily loaded font '../../../Engine/Content/Editor/Slate/Fonts/FontAwesome.ttf' (139K)
[2022.03.01-01.31.55:147][  0]LogSlate: Took 0.000115 seconds to synchronously load lazily loaded font '../../../Engine/Content/Slate/Fonts/Roboto-Bold.ttf' (160K)
[2022.03.01-01.31.55:208][  0]LogRenderer: Reallocating scene render targets to support 1208x560 Format 10 NumSamples 1 (Frame:1).
[2022.03.01-01.31.55:334][  0]LogNativeClassHierarchy: Verbose: Native class hierarchy updated for 'HierarchicalLODOutliner' in 0.0003 seconds. Added 0 classes and 0 folders.
[2022.03.01-01.31.55:334][  0]LogLoad: (Engine Initialization) Total time: 5.37 seconds
[2022.03.01-01.31.55:334][  0]LogLoad: (Engine Initialization) Total Blueprint compile time: 0.00 seconds
[2022.03.01-01.31.55:382][  0]LogAssetRegistry: Asset discovery search completed in 3.2525 seconds
[2022.03.01-01.31.55:386][  0]LogCollectionManager: Fixed up redirectors for 0 collections in 0.000003 seconds (updated 0 objects)
[2022.03.01-01.31.55:387][  0]LogContentStreaming: Texture pool size now 1000 MB
[2022.03.01-01.31.55:412][  1]LogRenderer: Reallocating scene render targets to support 1208x576 Format 10 NumSamples 1 (Frame:3).
[2022.03.01-01.31.55:514][  4]LogSlate: Took 0.000153 seconds to synchronously load lazily loaded font '../../../Engine/Content/Slate/Fonts/Roboto-Light.ttf' (167K)
[2022.03.01-01.31.59:625][249]LogTemp: Repeating last play command: Selected Viewport
[2022.03.01-01.31.59:630][249]LogPlayLevel: PlayLevel: No blueprints needed recompiling
[2022.03.01-01.31.59:630][249]PIE: New page: PIE session: FirstPersonExampleMap (Feb 28, 2022, 3:31:59 PM)
[2022.03.01-01.31.59:631][249]LogOnline: OSS: Creating online subsystem instance for: NULL
[2022.03.01-01.31.59:633][249]LogOnline: OSS: TryLoadSubsystemAndSetDefault: Loaded subsystem for module [NULL]
[2022.03.01-01.31.59:633][249]LogPlayLevel: Creating play world package: /Game/FirstPersonBP/Maps/UEDPIE_0_FirstPersonExampleMap
[2022.03.01-01.31.59:646][249]LogPlayLevel: PIE: StaticDuplicateObject took: (0.013266s)
[2022.03.01-01.31.59:649][249]LogAIModule: Creating AISystem for world FirstPersonExampleMap
[2022.03.01-01.31.59:649][249]LogPlayLevel: PIE: World Init took: (0.002590s)
[2022.03.01-01.31.59:649][249]LogPlayLevel: PIE: Created PIE world by copying editor world from /Game/FirstPersonBP/Maps/FirstPersonExampleMap.FirstPersonExampleMap to /Game/FirstPersonBP/Maps/UEDPIE_0_FirstPersonExampleMap.FirstPersonExampleMap (0.016142s)
[2022.03.01-01.31.59:657][249]LogUObjectHash: Compacting FUObjectHashTables data took   0.88ms
[2022.03.01-01.31.59:658][249]LogAudio: Display: Creating Audio Device:                 Id: 2, Scope: Unique, Realtime: True
[2022.03.01-01.31.59:658][249]LogAudioMixer: Display: Audio Mixer Platform Settings:
[2022.03.01-01.31.59:658][249]LogAudioMixer: Display: 	Sample Rate:						  48000
[2022.03.01-01.31.59:658][249]LogAudioMixer: Display: 	Callback Buffer Frame Size Requested: 1024
[2022.03.01-01.31.59:658][249]LogAudioMixer: Display: 	Callback Buffer Frame Size To Use:	  1024
[2022.03.01-01.31.59:658][249]LogAudioMixer: Display: 	Number of buffers to queue:			  2
[2022.03.01-01.31.59:658][249]LogAudioMixer: Display: 	Max Channels (voices):				  32
[2022.03.01-01.31.59:658][249]LogAudioMixer: Display: 	Number of Async Source Workers:		  0
[2022.03.01-01.31.59:658][249]LogAudio: Display: AudioDevice MaxSources: 32
[2022.03.01-01.31.59:659][249]LogAudio: Display: Audio Spatialization Plugin: None (built-in).
[2022.03.01-01.31.59:659][249]LogAudio: Display: Audio Reverb Plugin: None (built-in).
[2022.03.01-01.31.59:659][249]LogAudio: Display: Audio Occlusion Plugin: None (built-in).
[2022.03.01-01.31.59:659][249]LogAudioMixer: Display: Initializing audio mixer.
[2022.03.01-01.31.59:661][249]LogAudioMixer: Display: 0: FrontLeft
[2022.03.01-01.31.59:661][249]LogAudioMixer: Display: 1: FrontRight
[2022.03.01-01.31.59:676][249]LogAudioMixer: Display: Using Audio Device Speakers (2- Razer BlackShark V2 Pro)
[2022.03.01-01.31.59:676][249]LogAudioMixer: Display: Initializing Sound Submixes...
[2022.03.01-01.31.59:676][249]LogAudioMixer: Display: Creating Master Submix 'MasterSubmixDefault'
[2022.03.01-01.31.59:676][249]LogAudioMixer: Display: Creating Master Submix 'MasterReverbSubmixDefault'
[2022.03.01-01.31.59:677][249]LogAudioMixer: Display: Creating Master Submix 'MasterEQSubmixDefault'
[2022.03.01-01.31.59:677][249]LogAudioMixer: FMixerPlatformXAudio2::StartAudioStream() called
[2022.03.01-01.31.59:677][249]LogAudioMixer: Display: Output buffers initialized: Frames=1024, Channels=2, Samples=2048
[2022.03.01-01.31.59:678][249]LogAudioMixer: Display: Starting AudioMixerPlatformInterface::RunInternal()
[2022.03.01-01.31.59:678][249]LogAudioMixer: Display: FMixerPlatformXAudio2::SubmitBuffer() called for the first time
[2022.03.01-01.31.59:678][249]LogInit: FAudioDevice initialized.
[2022.03.01-01.31.59:678][249]LogAudio: Display: Audio Device (ID: 2) registered with world 'FirstPersonExampleMap'.
[2022.03.01-01.31.59:684][249]LogLoad: Game class is 'GameModeBase'
[2022.03.01-01.31.59:687][249]LogWorld: Bringing World /Game/FirstPersonBP/Maps/UEDPIE_0_FirstPersonExampleMap.FirstPersonExampleMap up for play (max tick rate 60) at 2022.02.28-20.31.59
[2022.03.01-01.31.59:688][249]LogWorld: Bringing up level for play took: 0.003596
[2022.03.01-01.31.59:688][249]LogOnline: OSS: Creating online subsystem instance for: :Context_1
[2022.03.01-01.31.59:691][249]LogNativeClassHierarchy: Verbose: Native class hierarchy updated for 'MovieSceneCapture' in 0.0004 seconds. Added 20 classes and 0 folders.
[2022.03.01-01.31.59:693][249]PIE: Server logged in
[2022.03.01-01.31.59:694][249]PIE: Play in editor total start time 0.065 seconds.
[2022.03.01-01.33.20:817][112]LogSlate: Updating window title bar state: overlay mode, drag disabled, window buttons hidden, title bar hidden
[2022.03.01-01.33.20:817][112]LogWorld: BeginTearingDown for /Game/FirstPersonBP/Maps/UEDPIE_0_FirstPersonExampleMap
[2022.03.01-01.33.20:818][112]LogWorld: UWorld::CleanupWorld for FirstPersonExampleMap, bSessionEnded=true, bCleanupResources=true
[2022.03.01-01.33.20:818][112]LogSlate: InvalidateAllWidgets triggered.  All widgets were invalidated
[2022.03.01-01.33.20:825][112]LogPlayLevel: Display: Shutting down PIE online subsystems
[2022.03.01-01.33.20:826][112]LogSlate: InvalidateAllWidgets triggered.  All widgets were invalidated
[2022.03.01-01.33.20:831][112]LogSlate: Updating window title bar state: overlay mode, drag disabled, window buttons hidden, title bar hidden
[2022.03.01-01.33.20:831][112]LogAudioMixer: FMixerPlatformXAudio2::StopAudioStream() called
[2022.03.01-01.33.20:832][112]LogAudioMixer: FMixerPlatformXAudio2::StopAudioStream() called
[2022.03.01-01.33.20:836][112]LogUObjectHash: Compacting FUObjectHashTables data took   0.77ms
[2022.03.01-01.33.20:889][114]LogPlayLevel: Display: Destroying online subsystem :Context_1
[2022.03.01-01.33.21:795][168]LogSlate: Took 0.000127 seconds to synchronously load lazily loaded font '../../../Engine/Content/Slate/Fonts/Roboto-Light.ttf' (167K)
[2022.03.01-01.33.21:812][168]LogUObjectHash: Compacting FUObjectHashTables data took   0.74ms
[2022.03.01-01.33.21:833][168]LogSavePackage: Moving '../../../../../../Users/James/Documents/Unreal Projects/Safari_Snapshot/Saved/FirstPersonExampleMapECFD793D42AE733D51239D819F74666B.tmp' to '../../../../../../Users/James/Documents/Unreal Projects/Safari_Snapshot/Content/FirstPersonBP/Maps/FirstPersonExampleMap.umap'
[2022.03.01-01.33.22:521][168]LogSavePackage: Moving '../../../../../../Users/James/Documents/Unreal Projects/Safari_Snapshot/Saved/FirstPersonExampleMap_BuiltData236CA2C945BB3892B90C4F89FE740A66.tmp' to '../../../../../../Users/James/Documents/Unreal Projects/Safari_Snapshot/Content/FirstPersonBP/Maps/FirstPersonExampleMap_BuiltData.uasset'
[2022.03.01-01.33.22:547][168]AssetCheck: New page: Asset Save: multiple assets
[2022.03.01-01.33.22:547][168]LogContentValidation: Display: Validating MapBuildDataRegistry /Game/FirstPersonBP/Maps/FirstPersonExampleMap_BuiltData.FirstPersonExampleMap_BuiltData
[2022.03.01-01.33.22:547][168]LogContentValidation: Display: Validating World /Game/FirstPersonBP/Maps/FirstPersonExampleMap.FirstPersonExampleMap
