Log file open, 03/09/22 15:08:59
LogWindows: Failed to load 'aqProf.dll' (GetLastError=126)
LogWindows: File 'aqProf.dll' does not exist
LogWindows: Failed to load 'VtuneApi.dll' (GetLastError=126)
LogWindows: File 'VtuneApi.dll' does not exist
LogWindows: Failed to load 'VtuneApi32e.dll' (GetLastError=126)
LogWindows: File 'VtuneApi32e.dll' does not exist
LogConsoleResponse: Display: Failed to find resolution value strings in scalability ini. Falling back to default.
LogConsoleResponse: Display: Failed to find resolution value strings in scalability ini. Falling back to default.
LogInit: Display: Running engine for game: Safari_Snapshot
LogPlatformFile: Not using cached read wrapper
LogTaskGraph: Started task graph with 5 named threads and 23 total threads with 3 sets of task threads.
LogStats: Stats thread started at 0.309238
LogICUInternationalization: ICU TimeZone Detection - Raw Offset: -5:00, Platform Override: ''
LogInit: Display: Loading text-based GConfig....
LogPluginManager: Warning: Plugin 'MegascansPlugin' is not compatible with the current engine version (4.26.0)
Message dialog closed, result: No, title: 'MegascansPlugin' is Incompatible, text: The 'MegascansPlugin' plugin was designed for build 4.26.0. Attempt to load it anyway?
LogPluginManager: Display: Skipping load of 'MegascansPlugin'.
LogPluginManager: Mounting plugin MeshPainting
LogPluginManager: Mounting plugin XGEController
LogPluginManager: Mounting plugin AISupport
LogPluginManager: Mounting plugin Paper2D
LogPluginManager: Mounting plugin EnvironmentQueryEditor
LogPluginManager: Mounting plugin LightPropagationVolume
LogPluginManager: Mounting plugin LiveLink
LogPluginManager: Mounting plugin AssetManagerEditor
LogPluginManager: Mounting plugin CryptoKeys
LogPluginManager: Mounting plugin DataValidation
LogPluginManager: Mounting plugin CurveEditorTools
LogPluginManager: Mounting plugin GeometryMode
LogPluginManager: Mounting plugin FacialAnimation
LogPluginManager: Mounting plugin GameplayTagsEditor
LogPluginManager: Mounting plugin MaterialAnalyzer
LogPluginManager: Mounting plugin EditorScriptingUtilities
LogPluginManager: Mounting plugin PluginBrowser
LogPluginManager: Mounting plugin MobileLauncherProfileWizard
LogPluginManager: Mounting plugin OodleData
LogPluginManager: Mounting plugin OodleNetwork
LogPluginManager: Mounting plugin Niagara
LogPluginManager: Mounting plugin SpeedTreeImporter
LogPluginManager: Mounting plugin DatasmithContent
LogPluginManager: Mounting plugin VariantManagerContent
LogPluginManager: Mounting plugin AnimationSharing
LogPluginManager: Mounting plugin CLionSourceCodeAccess
LogPluginManager: Mounting plugin CodeLiteSourceCodeAccess
LogPluginManager: Mounting plugin GitSourceControl
LogPluginManager: Mounting plugin KDevelopSourceCodeAccess
LogPluginManager: Mounting plugin NullSourceCodeAccess
LogPluginManager: Mounting plugin PerforceSourceControl
LogPluginManager: Mounting plugin PixWinPlugin
LogPluginManager: Mounting plugin PlasticSourceControl
LogPluginManager: Mounting plugin MacGraphicsSwitching
LogPluginManager: Mounting plugin PluginUtils
LogPluginManager: Mounting plugin PropertyAccessNode
LogPluginManager: Mounting plugin TextureFormatOodle
LogPluginManager: Mounting plugin RiderSourceCodeAccess
LogPluginManager: Mounting plugin SubversionSourceControl
LogPluginManager: Mounting plugin UObjectPlugin
LogPluginManager: Mounting plugin VisualStudioCodeSourceCodeAccess
LogPluginManager: Mounting plugin VisualStudioSourceCodeAccess
LogPluginManager: Mounting plugin XCodeSourceCodeAccess
LogPluginManager: Mounting plugin MagicLeap
LogPluginManager: Mounting plugin LuminPlatformFeatures
LogPluginManager: Mounting plugin MagicLeapLightEstimation
LogPluginManager: Mounting plugin MagicLeapMedia
LogPluginManager: Mounting plugin MagicLeapPassableWorld
LogPluginManager: Mounting plugin MLSDK
LogPluginManager: Mounting plugin AndroidMedia
LogPluginManager: Mounting plugin AvfMedia
LogPluginManager: Mounting plugin MediaCompositing
LogPluginManager: Mounting plugin ImgMedia
LogPluginManager: Mounting plugin WebMMedia
LogPluginManager: Mounting plugin WmfMedia
LogPluginManager: Mounting plugin AlembicImporter
LogPluginManager: Mounting plugin AutomationUtils
LogPluginManager: Mounting plugin BackChannel
LogPluginManager: Mounting plugin ChaosCloth
LogPluginManager: Mounting plugin ChaosClothEditor
LogPluginManager: Mounting plugin ChaosEditor
LogPluginManager: Mounting plugin ChaosNiagara
LogPluginManager: Mounting plugin TcpMessaging
LogPluginManager: Mounting plugin ChaosSolverPlugin
LogPluginManager: Mounting plugin UdpMessaging
LogPluginManager: Mounting plugin CharacterAI
LogPluginManager: Mounting plugin GeometryCache
LogPluginManager: Mounting plugin GeometryCollectionPlugin
LogPluginManager: Mounting plugin GeometryProcessing
LogPluginManager: Mounting plugin ActorSequence
LogPluginManager: Mounting plugin Landmass
LogPluginManager: Mounting plugin LevelSequenceEditor
LogPluginManager: Mounting plugin MediaPlayerEditor
LogPluginManager: Mounting plugin MatineeToLevelSequence
LogPluginManager: Mounting plugin TemplateSequence
LogPluginManager: Mounting plugin MotoSynth
LogPluginManager: Mounting plugin OpenImageDenoise
LogPluginManager: Mounting plugin PlanarCut
LogPluginManager: Mounting plugin PlatformCrypto
LogPluginManager: Mounting plugin PythonScriptPlugin
LogPluginManager: Mounting plugin OnlineSubsystem
LogPluginManager: Mounting plugin SkeletalReduction
LogPluginManager: Mounting plugin OnlineSubsystemNull
LogPluginManager: Mounting plugin ProxyLODPlugin
LogPluginManager: Mounting plugin OnlineSubsystemUtils
LogPluginManager: Mounting plugin LauncherChunkInstaller
LogPluginManager: Mounting plugin ActorLayerUtilities
LogPluginManager: Mounting plugin AndroidDeviceProfileSelector
LogPluginManager: Mounting plugin AndroidMoviePlayer
LogPluginManager: Mounting plugin AndroidPermission
LogPluginManager: Mounting plugin AppleMoviePlayer
LogPluginManager: Mounting plugin AppleImageUtils
LogPluginManager: Mounting plugin ArchVisCharacter
LogPluginManager: Mounting plugin AssetTags
LogPluginManager: Mounting plugin AudioSynesthesia
LogPluginManager: Mounting plugin AudioCapture
LogPluginManager: Mounting plugin CustomMeshComponent
LogPluginManager: Mounting plugin CableComponent
LogPluginManager: Mounting plugin ChunkDownloader
LogPluginManager: Mounting plugin EditableMesh
LogPluginManager: Mounting plugin ExampleDeviceProfileSelector
LogPluginManager: Mounting plugin GoogleCloudMessaging
LogPluginManager: Mounting plugin GooglePAD
LogPluginManager: Mounting plugin ScreenshotTools
LogPluginManager: Mounting plugin LinuxDeviceProfileSelector
LogPluginManager: Mounting plugin IOSDeviceProfileSelector
LogPluginManager: Mounting plugin LocationServicesBPLibrary
LogPluginManager: Mounting plugin MobilePatchingUtils
LogPluginManager: Mounting plugin OpenXREyeTracker
LogPluginManager: Mounting plugin OpenXR
LogPluginManager: Mounting plugin OpenXRHandTracking
LogPluginManager: Mounting plugin PhysXVehicles
LogPluginManager: Mounting plugin Takes
LogPluginManager: Mounting plugin PostSplashScreen
LogPluginManager: Mounting plugin ProceduralMeshComponent
LogPluginManager: Mounting plugin RuntimePhysXCooking
LogPluginManager: Mounting plugin SoundFields
LogPluginManager: Mounting plugin SignificanceManager
LogPluginManager: Mounting plugin Synthesis
LogPluginManager: Mounting plugin WebMMoviePlayer
LogPluginManager: Mounting plugin WindowsMoviePlayer
LogPluginManager: Mounting plugin CameraShakePreviewer
LogPluginManager: Mounting plugin GameplayCameras
LogPluginManager: Mounting plugin PropertyAccessEditor
LogPluginManager: Mounting plugin ContentBrowserClassDataSource
LogPluginManager: Mounting plugin ContentBrowserAssetDataSource
LogPluginManager: Mounting plugin ContentBrowserFileDataSource
LogPluginManager: Mounting plugin OnlineSubsystemGooglePlay
LogPluginManager: Mounting plugin OnlineSubsystemIOS
LogPluginManager: Mounting plugin DatabaseSupport
LogPluginManager: Mounting plugin SQLiteCore
LogPluginManager: Mounting plugin SQLiteSupport
LogPluginManager: Mounting plugin OculusVR
LogPluginManager: Mounting plugin SteamVR
PixWinPlugin: PIX capture plugin failed to initialize! Check that the process is launched from PIX.
LogInit: Using libcurl 7.55.1-DEV
LogInit:  - built for x86_64-pc-win32
LogInit:  - supports SSL with OpenSSL/1.1.1
LogInit:  - supports HTTP deflate (compression) using libz 1.2.8
LogInit:  - other features:
LogInit:      CURL_VERSION_SSL
LogInit:      CURL_VERSION_LIBZ
LogInit:      CURL_VERSION_IPV6
LogInit:      CURL_VERSION_ASYNCHDNS
LogInit:      CURL_VERSION_LARGEFILE
LogInit:      CURL_VERSION_IDN
LogInit:  CurlRequestOptions (configurable via config and command line):
LogInit:  - bVerifyPeer = true  - Libcurl will verify peer certificate
LogInit:  - bUseHttpProxy = false  - Libcurl will NOT use HTTP proxy
LogInit:  - bDontReuseConnections = false  - Libcurl will reuse connections
LogInit:  - MaxHostConnections = 16  - Libcurl will limit the number of connections to a host
LogInit:  - LocalHostAddr = Default
LogInit:  - BufferSize = 65536
LogOnline: OSS: Creating online subsystem instance for: NULL
LogInit: WinSock: version 1.1 (2.2), MaxSocks=32767, MaxUdp=65467
LogOnline: OSS: TryLoadSubsystemAndSetDefault: Loaded subsystem for module [NULL]
LogOculusPluginWrapper: OculusPlugin initialized successfully
LogHMD: Failed initializing OVRPlugin 1.59.0
LogInit: Build: ++UE4+Release-4.27-CL-18319896
LogInit: Engine Version: 4.27.2-18319896+++UE4+Release-4.27
LogInit: Compatible Engine Version: 4.27.0-17155196+++UE4+Release-4.27
LogInit: Net CL: 17155196
LogInit: OS: Windows 10 (Release 2009) (), CPU: Intel(R) Core(TM) i5-1035G1 CPU @ 1.00GHz, GPU: Intel(R) UHD Graphics
LogInit: Compiled (64-bit): Nov 30 2021 07:12:08
LogInit: Compiled with Visual C++: 19.24.28315.00
LogInit: Build Configuration: Development
LogInit: Branch Name: ++UE4+Release-4.27
LogInit: Command Line: 
LogInit: Base Directory: C:/Program Files/Epic Games/UE_4.27/Engine/Binaries/Win64/
LogInit: Allocator: TBB
LogInit: Installed Engine Build: 1
LogDevObjectVersion: Number of dev versions registered: 29
LogDevObjectVersion:   Dev-Blueprints (B0D832E4-1F89-4F0D-ACCF-7EB736FD4AA2): 10
LogDevObjectVersion:   Dev-Build (E1C64328-A22C-4D53-A36C-8E866417BD8C): 0
LogDevObjectVersion:   Dev-Core (375EC13C-06E4-48FB-B500-84F0262A717E): 4
LogDevObjectVersion:   Dev-Editor (E4B068ED-F494-42E9-A231-DA0B2E46BB41): 40
LogDevObjectVersion:   Dev-Framework (CFFC743F-43B0-4480-9391-14DF171D2073): 37
LogDevObjectVersion:   Dev-Mobile (B02B49B5-BB20-44E9-A304-32B752E40360): 3
LogDevObjectVersion:   Dev-Networking (A4E4105C-59A1-49B5-A7C5-40C4547EDFEE): 0
LogDevObjectVersion:   Dev-Online (39C831C9-5AE6-47DC-9A44-9C173E1C8E7C): 0
LogDevObjectVersion:   Dev-Physics (78F01B33-EBEA-4F98-B9B4-84EACCB95AA2): 14
LogDevObjectVersion:   Dev-Platform (6631380F-2D4D-43E0-8009-CF276956A95A): 0
LogDevObjectVersion:   Dev-Rendering (12F88B9F-8875-4AFC-A67C-D90C383ABD29): 45
LogDevObjectVersion:   Dev-Sequencer (7B5AE74C-D270-4C10-A958-57980B212A5A): 13
LogDevObjectVersion:   Dev-VR (D7296918-1DD6-4BDD-9DE2-64A83CC13884): 3
LogDevObjectVersion:   Dev-LoadTimes (C2A15278-BFE7-4AFE-6C17-90FF531DF755): 1
LogDevObjectVersion:   Private-Geometry (6EACA3D4-40EC-4CC1-B786-8BED09428FC5): 3
LogDevObjectVersion:   Dev-AnimPhys (29E575DD-E0A3-4627-9D10-D276232CDCEA): 17
LogDevObjectVersion:   Dev-Anim (AF43A65D-7FD3-4947-9873-3E8ED9C1BB05): 15
LogDevObjectVersion:   Dev-ReflectionCapture (6B266CEC-1EC7-4B8F-A30B-E4D90942FC07): 1
LogDevObjectVersion:   Dev-Automation (0DF73D61-A23F-47EA-B727-89E90C41499A): 1
LogDevObjectVersion:   FortniteMain (601D1886-AC64-4F84-AA16-D3DE0DEAC7D6): 47
LogDevObjectVersion:   FortniteRelease (E7086368-6B23-4C58-8439-1B7016265E91): 1
LogDevObjectVersion:   Dev-Enterprise (9DFFBCD6-494F-0158-E221-12823C92A888): 10
LogDevObjectVersion:   Dev-Niagara (F2AED0AC-9AFE-416F-8664-AA7FFA26D6FC): 1
LogDevObjectVersion:   Dev-Destruction (174F1F0B-B4C6-45A5-B13F-2EE8D0FB917D): 10
LogDevObjectVersion:   Dev-Physics-Ext (35F94A83-E258-406C-A318-09F59610247C): 41
LogDevObjectVersion:   Dev-PhysicsMaterial-Chaos (B68FC16E-8B1B-42E2-B453-215C058844FE): 1
LogDevObjectVersion:   Dev-CineCamera (B2E18506-4273-CFC2-A54E-F4BB758BBA07): 1
LogDevObjectVersion:   Dev-VirtualProduction (64F58936-FD1B-42BA-BA96-7289D5D0FA4E): 1
LogDevObjectVersion:   Dev-MediaFramework (6F0ED827-A609-4895-9C91-998D90180EA4): 2
LogInit: Presizing for max 25165824 objects, including 0 objects not considered by GC, pre-allocating 0 bytes for permanent pool.
LogConfig: Applying CVar settings from Section [/Script/Engine.StreamingSettings] File [C:/Users/Lyle/Documents/Unreal Projects/Safari_Snapshot/Saved/Config/Windows/Engine.ini]
LogConfig: Setting CVar [[s.MinBulkDataSizeForAsyncLoading:131072]]
LogConfig: Setting CVar [[s.AsyncLoadingThreadEnabled:0]]
LogConfig: Setting CVar [[s.EventDrivenLoaderEnabled:1]]
LogConfig: Setting CVar [[s.WarnIfTimeLimitExceeded:0]]
LogConfig: Setting CVar [[s.TimeLimitExceededMultiplier:1.5]]
LogConfig: Setting CVar [[s.TimeLimitExceededMinTime:0.005]]
LogConfig: Setting CVar [[s.UseBackgroundLevelStreaming:1]]
LogConfig: Setting CVar [[s.PriorityAsyncLoadingExtraTime:15.0]]
LogConfig: Setting CVar [[s.LevelStreamingActorsUpdateTimeLimit:5.0]]
LogConfig: Setting CVar [[s.PriorityLevelStreamingActorsUpdateExtraTime:5.0]]
LogConfig: Setting CVar [[s.LevelStreamingComponentsRegistrationGranularity:10]]
LogConfig: Setting CVar [[s.UnregisterComponentsTimeLimit:1.0]]
LogConfig: Setting CVar [[s.LevelStreamingComponentsUnregistrationGranularity:5]]
LogConfig: Setting CVar [[s.FlushStreamingOnExit:1]]
LogInit: Object subsystem initialized
LogConfig: Setting CVar [[con.DebugEarlyDefault:1]]
LogConfig: Setting CVar [[r.setres:1280x720]]
[2022.03.09-20.09.02:345][  0]LogConfig: Setting CVar [[r.VSync:0]]
[2022.03.09-20.09.02:345][  0]LogConfig: Setting CVar [[r.RHICmdBypass:0]]
[2022.03.09-20.09.02:345][  0]LogConfig: Applying CVar settings from Section [/Script/Engine.RendererSettings] File [C:/Users/Lyle/Documents/Unreal Projects/Safari_Snapshot/Saved/Config/Windows/Engine.ini]
[2022.03.09-20.09.02:345][  0]LogConfig: Setting CVar [[r.GPUCrashDebugging:0]]
[2022.03.09-20.09.02:345][  0]LogConfig: Applying CVar settings from Section [/Script/Engine.RendererOverrideSettings] File [C:/Users/Lyle/Documents/Unreal Projects/Safari_Snapshot/Saved/Config/Windows/Engine.ini]
[2022.03.09-20.09.02:345][  0]LogConfig: Applying CVar settings from Section [/Script/Engine.StreamingSettings] File [C:/Users/Lyle/Documents/Unreal Projects/Safari_Snapshot/Saved/Config/Windows/Engine.ini]
[2022.03.09-20.09.02:345][  0]LogConfig: Setting CVar [[s.MinBulkDataSizeForAsyncLoading:131072]]
[2022.03.09-20.09.02:345][  0]LogConfig: Setting CVar [[s.AsyncLoadingThreadEnabled:0]]
[2022.03.09-20.09.02:345][  0]LogConfig: Setting CVar [[s.EventDrivenLoaderEnabled:1]]
[2022.03.09-20.09.02:345][  0]LogConfig: Setting CVar [[s.WarnIfTimeLimitExceeded:0]]
[2022.03.09-20.09.02:345][  0]LogConfig: Setting CVar [[s.TimeLimitExceededMultiplier:1.5]]
[2022.03.09-20.09.02:345][  0]LogConfig: Setting CVar [[s.TimeLimitExceededMinTime:0.005]]
[2022.03.09-20.09.02:345][  0]LogConfig: Setting CVar [[s.UseBackgroundLevelStreaming:1]]
[2022.03.09-20.09.02:345][  0]LogConfig: Setting CVar [[s.PriorityAsyncLoadingExtraTime:15.0]]
[2022.03.09-20.09.02:345][  0]LogConfig: Setting CVar [[s.LevelStreamingActorsUpdateTimeLimit:5.0]]
[2022.03.09-20.09.02:345][  0]LogConfig: Setting CVar [[s.PriorityLevelStreamingActorsUpdateExtraTime:5.0]]
[2022.03.09-20.09.02:345][  0]LogConfig: Setting CVar [[s.LevelStreamingComponentsRegistrationGranularity:10]]
[2022.03.09-20.09.02:345][  0]LogConfig: Setting CVar [[s.UnregisterComponentsTimeLimit:1.0]]
[2022.03.09-20.09.02:345][  0]LogConfig: Setting CVar [[s.LevelStreamingComponentsUnregistrationGranularity:5]]
[2022.03.09-20.09.02:345][  0]LogConfig: Setting CVar [[s.FlushStreamingOnExit:1]]
[2022.03.09-20.09.02:345][  0]LogConfig: Applying CVar settings from Section [/Script/Engine.GarbageCollectionSettings] File [C:/Users/Lyle/Documents/Unreal Projects/Safari_Snapshot/Saved/Config/Windows/Engine.ini]
[2022.03.09-20.09.02:345][  0]LogConfig: Setting CVar [[gc.MaxObjectsNotConsideredByGC:1]]
[2022.03.09-20.09.02:345][  0]LogConfig: Setting CVar [[gc.SizeOfPermanentObjectPool:0]]
[2022.03.09-20.09.02:345][  0]LogConfig: Setting CVar [[gc.FlushStreamingOnGC:0]]
[2022.03.09-20.09.02:345][  0]LogConfig: Setting CVar [[gc.NumRetriesBeforeForcingGC:10]]
[2022.03.09-20.09.02:345][  0]LogConfig: Setting CVar [[gc.AllowParallelGC:1]]
[2022.03.09-20.09.02:345][  0]LogConfig: Setting CVar [[gc.TimeBetweenPurgingPendingKillObjects:61.1]]
[2022.03.09-20.09.02:345][  0]LogConfig: Setting CVar [[gc.MaxObjectsInEditor:25165824]]
[2022.03.09-20.09.02:345][  0]LogConfig: Setting CVar [[gc.IncrementalBeginDestroyEnabled:1]]
[2022.03.09-20.09.02:345][  0]LogConfig: Setting CVar [[gc.CreateGCClusters:1]]
[2022.03.09-20.09.02:345][  0]LogConfig: Setting CVar [[gc.MinGCClusterSize:5]]
[2022.03.09-20.09.02:345][  0]LogConfig: Setting CVar [[gc.ActorClusteringEnabled:0]]
[2022.03.09-20.09.02:345][  0]LogConfig: Setting CVar [[gc.BlueprintClusteringEnabled:0]]
[2022.03.09-20.09.02:346][  0]LogConfig: Setting CVar [[gc.UseDisregardForGCOnDedicatedServers:0]]
[2022.03.09-20.09.02:346][  0]LogConfig: Setting CVar [[gc.MultithreadedDestructionEnabled:1]]
[2022.03.09-20.09.02:346][  0]LogConfig: Applying CVar settings from Section [/Script/Engine.NetworkSettings] File [C:/Users/Lyle/Documents/Unreal Projects/Safari_Snapshot/Saved/Config/Windows/Engine.ini]
[2022.03.09-20.09.02:346][  0]LogConfig: Applying CVar settings from Section [/Script/UnrealEd.CookerSettings] File [C:/Users/Lyle/Documents/Unreal Projects/Safari_Snapshot/Saved/Config/Windows/Engine.ini]
[2022.03.09-20.09.02:355][  0]LogConfig: Applying CVar settings from Section [ViewDistanceQuality@3] File [C:/Users/Lyle/Documents/Unreal Projects/Safari_Snapshot/Saved/Config/Windows/Scalability.ini]
[2022.03.09-20.09.02:355][  0]LogConfig: Setting CVar [[r.SkeletalMeshLODBias:0]]
[2022.03.09-20.09.02:355][  0]LogConfig: Setting CVar [[r.ViewDistanceScale:1.0]]
[2022.03.09-20.09.02:355][  0]LogConfig: Applying CVar settings from Section [AntiAliasingQuality@3] File [C:/Users/Lyle/Documents/Unreal Projects/Safari_Snapshot/Saved/Config/Windows/Scalability.ini]
[2022.03.09-20.09.02:356][  0]LogConfig: Setting CVar [[r.PostProcessAAQuality:4]]
[2022.03.09-20.09.02:356][  0]LogConfig: Applying CVar settings from Section [ShadowQuality@3] File [C:/Users/Lyle/Documents/Unreal Projects/Safari_Snapshot/Saved/Config/Windows/Scalability.ini]
[2022.03.09-20.09.02:356][  0]LogConfig: Setting CVar [[r.LightFunctionQuality:1]]
[2022.03.09-20.09.02:356][  0]LogConfig: Setting CVar [[r.ShadowQuality:5]]
[2022.03.09-20.09.02:356][  0]LogConfig: Setting CVar [[r.Shadow.CSM.MaxCascades:10]]
[2022.03.09-20.09.02:356][  0]LogConfig: Setting CVar [[r.Shadow.MaxResolution:2048]]
[2022.03.09-20.09.02:356][  0]LogConfig: Setting CVar [[r.Shadow.MaxCSMResolution:2048]]
[2022.03.09-20.09.02:356][  0]LogConfig: Setting CVar [[r.Shadow.RadiusThreshold:0.01]]
[2022.03.09-20.09.02:356][  0]LogConfig: Setting CVar [[r.Shadow.DistanceScale:1.0]]
[2022.03.09-20.09.02:356][  0]LogConfig: Setting CVar [[r.Shadow.CSM.TransitionScale:1.0]]
[2022.03.09-20.09.02:356][  0]LogConfig: Setting CVar [[r.Shadow.PreShadowResolutionFactor:1.0]]
[2022.03.09-20.09.02:356][  0]LogConfig: Setting CVar [[r.DistanceFieldShadowing:1]]
[2022.03.09-20.09.02:356][  0]LogConfig: Setting CVar [[r.DistanceFieldAO:1]]
[2022.03.09-20.09.02:356][  0]LogConfig: Setting CVar [[r.AOQuality:2]]
[2022.03.09-20.09.02:356][  0]LogConfig: Setting CVar [[r.VolumetricFog:1]]
[2022.03.09-20.09.02:356][  0]LogConfig: Setting CVar [[r.VolumetricFog.GridPixelSize:8]]
[2022.03.09-20.09.02:356][  0]LogConfig: Setting CVar [[r.VolumetricFog.GridSizeZ:128]]
[2022.03.09-20.09.02:356][  0]LogConfig: Setting CVar [[r.VolumetricFog.HistoryMissSupersampleCount:4]]
[2022.03.09-20.09.02:356][  0]LogConfig: Setting CVar [[r.LightMaxDrawDistanceScale:1]]
[2022.03.09-20.09.02:356][  0]LogConfig: Setting CVar [[r.CapsuleShadows:1]]
[2022.03.09-20.09.02:356][  0]LogConfig: Applying CVar settings from Section [PostProcessQuality@3] File [C:/Users/Lyle/Documents/Unreal Projects/Safari_Snapshot/Saved/Config/Windows/Scalability.ini]
[2022.03.09-20.09.02:356][  0]LogConfig: Setting CVar [[r.MotionBlurQuality:4]]
[2022.03.09-20.09.02:356][  0]LogConfig: Setting CVar [[r.AmbientOcclusionMipLevelFactor:0.4]]
[2022.03.09-20.09.02:356][  0]LogConfig: Setting CVar [[r.AmbientOcclusionMaxQuality:100]]
[2022.03.09-20.09.02:356][  0]LogConfig: Setting CVar [[r.AmbientOcclusionLevels:-1]]
[2022.03.09-20.09.02:356][  0]LogConfig: Setting CVar [[r.AmbientOcclusionRadiusScale:1.0]]
[2022.03.09-20.09.02:356][  0]LogConfig: Setting CVar [[r.DepthOfFieldQuality:2]]
[2022.03.09-20.09.02:356][  0]LogConfig: Setting CVar [[r.RenderTargetPoolMin:400]]
[2022.03.09-20.09.02:356][  0]LogConfig: Setting CVar [[r.LensFlareQuality:2]]
[2022.03.09-20.09.02:356][  0]LogConfig: Setting CVar [[r.SceneColorFringeQuality:1]]
[2022.03.09-20.09.02:356][  0]LogConfig: Setting CVar [[r.EyeAdaptationQuality:2]]
[2022.03.09-20.09.02:356][  0]LogConfig: Setting CVar [[r.BloomQuality:5]]
[2022.03.09-20.09.02:356][  0]LogConfig: Setting CVar [[r.FastBlurThreshold:100]]
[2022.03.09-20.09.02:356][  0]LogConfig: Setting CVar [[r.Upscale.Quality:3]]
[2022.03.09-20.09.02:356][  0]LogConfig: Setting CVar [[r.Tonemapper.GrainQuantization:1]]
[2022.03.09-20.09.02:356][  0]LogConfig: Setting CVar [[r.LightShaftQuality:1]]
[2022.03.09-20.09.02:356][  0]LogConfig: Setting CVar [[r.Filter.SizeScale:1]]
[2022.03.09-20.09.02:356][  0]LogConfig: Setting CVar [[r.Tonemapper.Quality:5]]
[2022.03.09-20.09.02:356][  0]LogConfig: Setting CVar [[r.DOF.Gather.AccumulatorQuality:1        ; higher gathering accumulator quality]]
[2022.03.09-20.09.02:356][  0]LogConfig: Setting CVar [[r.DOF.Gather.PostfilterMethod:1          ; Median3x3 postfilering method]]
[2022.03.09-20.09.02:356][  0]LogConfig: Setting CVar [[r.DOF.Gather.EnableBokehSettings:0       ; no bokeh simulation when gathering]]
[2022.03.09-20.09.02:357][  0]LogConfig: Setting CVar [[r.DOF.Gather.RingCount:4                 ; medium number of samples when gathering]]
[2022.03.09-20.09.02:357][  0]LogConfig: Setting CVar [[r.DOF.Scatter.ForegroundCompositing:1    ; additive foreground scattering]]
[2022.03.09-20.09.02:357][  0]LogConfig: Setting CVar [[r.DOF.Scatter.BackgroundCompositing:2    ; additive background scattering]]
[2022.03.09-20.09.02:357][  0]LogConfig: Setting CVar [[r.DOF.Scatter.EnableBokehSettings:1      ; bokeh simulation when scattering]]
[2022.03.09-20.09.02:357][  0]LogConfig: Setting CVar [[r.DOF.Scatter.MaxSpriteRatio:0.1         ; only a maximum of 10% of scattered bokeh]]
[2022.03.09-20.09.02:357][  0]LogConfig: Setting CVar [[r.DOF.Recombine.Quality:1                ; cheap slight out of focus]]
[2022.03.09-20.09.02:357][  0]LogConfig: Setting CVar [[r.DOF.Recombine.EnableBokehSettings:0    ; no bokeh simulation on slight out of focus]]
[2022.03.09-20.09.02:357][  0]LogConfig: Setting CVar [[r.DOF.TemporalAAQuality:1                ; more stable temporal accumulation]]
[2022.03.09-20.09.02:357][  0]LogConfig: Setting CVar [[r.DOF.Kernel.MaxForegroundRadius:0.025]]
[2022.03.09-20.09.02:357][  0]LogConfig: Setting CVar [[r.DOF.Kernel.MaxBackgroundRadius:0.025]]
[2022.03.09-20.09.02:357][  0]LogConfig: Applying CVar settings from Section [TextureQuality@3] File [C:/Users/Lyle/Documents/Unreal Projects/Safari_Snapshot/Saved/Config/Windows/Scalability.ini]
[2022.03.09-20.09.02:357][  0]LogConfig: Setting CVar [[r.Streaming.MipBias:0]]
[2022.03.09-20.09.02:357][  0]LogConfig: Setting CVar [[r.Streaming.AmortizeCPUToGPUCopy:0]]
[2022.03.09-20.09.02:357][  0]LogConfig: Setting CVar [[r.Streaming.MaxNumTexturesToStreamPerFrame:0]]
[2022.03.09-20.09.02:357][  0]LogConfig: Setting CVar [[r.Streaming.Boost:1]]
[2022.03.09-20.09.02:357][  0]LogConfig: Setting CVar [[r.MaxAnisotropy:8]]
[2022.03.09-20.09.02:357][  0]LogConfig: Setting CVar [[r.VT.MaxAnisotropy:8]]
[2022.03.09-20.09.02:357][  0]LogConfig: Setting CVar [[r.Streaming.LimitPoolSizeToVRAM:0]]
[2022.03.09-20.09.02:357][  0]LogConfig: Setting CVar [[r.Streaming.PoolSize:1000]]
[2022.03.09-20.09.02:357][  0]LogConfig: Setting CVar [[r.Streaming.MaxEffectiveScreenSize:0]]
[2022.03.09-20.09.02:357][  0]LogConfig: Applying CVar settings from Section [EffectsQuality@3] File [C:/Users/Lyle/Documents/Unreal Projects/Safari_Snapshot/Saved/Config/Windows/Scalability.ini]
[2022.03.09-20.09.02:357][  0]LogConfig: Setting CVar [[r.TranslucencyLightingVolumeDim:64]]
[2022.03.09-20.09.02:357][  0]LogConfig: Setting CVar [[r.RefractionQuality:2]]
[2022.03.09-20.09.02:357][  0]LogConfig: Setting CVar [[r.SSR.Quality:3]]
[2022.03.09-20.09.02:357][  0]LogConfig: Setting CVar [[r.SSR.HalfResSceneColor:0]]
[2022.03.09-20.09.02:357][  0]LogConfig: Setting CVar [[r.SceneColorFormat:4]]
[2022.03.09-20.09.02:357][  0]LogConfig: Setting CVar [[r.DetailMode:2]]
[2022.03.09-20.09.02:357][  0]LogConfig: Setting CVar [[r.TranslucencyVolumeBlur:1]]
[2022.03.09-20.09.02:357][  0]LogConfig: Setting CVar [[r.MaterialQualityLevel:1 ; High quality]]
[2022.03.09-20.09.02:357][  0]LogConfig: Setting CVar [[r.AnisotropicMaterials:1]]
[2022.03.09-20.09.02:357][  0]LogConfig: Setting CVar [[r.SSS.Scale:1]]
[2022.03.09-20.09.02:357][  0]LogConfig: Setting CVar [[r.SSS.SampleSet:2]]
[2022.03.09-20.09.02:357][  0]LogConfig: Setting CVar [[r.SSS.Quality:1]]
[2022.03.09-20.09.02:357][  0]LogConfig: Setting CVar [[r.SSS.HalfRes:0]]
[2022.03.09-20.09.02:357][  0]LogConfig: Setting CVar [[r.SSGI.Quality:3]]
[2022.03.09-20.09.02:357][  0]LogConfig: Setting CVar [[r.EmitterSpawnRateScale:1.0]]
[2022.03.09-20.09.02:357][  0]LogConfig: Setting CVar [[r.ParticleLightQuality:2]]
[2022.03.09-20.09.02:357][  0]LogConfig: Setting CVar [[r.SkyAtmosphere.AerialPerspectiveLUT.FastApplyOnOpaque:1 ; Always have FastSkyLUT 1 in this case to avoid wrong sky]]
[2022.03.09-20.09.02:357][  0]LogConfig: Setting CVar [[r.SkyAtmosphere.AerialPerspectiveLUT.SampleCountMaxPerSlice:4]]
[2022.03.09-20.09.02:357][  0]LogConfig: Setting CVar [[r.SkyAtmosphere.AerialPerspectiveLUT.DepthResolution:16.0]]
[2022.03.09-20.09.02:357][  0]LogConfig: Setting CVar [[r.SkyAtmosphere.FastSkyLUT:1]]
[2022.03.09-20.09.02:357][  0]LogConfig: Setting CVar [[r.SkyAtmosphere.FastSkyLUT.SampleCountMin:4.0]]
[2022.03.09-20.09.02:357][  0]LogConfig: Setting CVar [[r.SkyAtmosphere.FastSkyLUT.SampleCountMax:128.0]]
[2022.03.09-20.09.02:357][  0]LogConfig: Setting CVar [[r.SkyAtmosphere.SampleCountMin:4.0]]
[2022.03.09-20.09.02:357][  0]LogConfig: Setting CVar [[r.SkyAtmosphere.SampleCountMax:128.0]]
[2022.03.09-20.09.02:357][  0]LogConfig: Setting CVar [[r.SkyAtmosphere.TransmittanceLUT.UseSmallFormat:0]]
[2022.03.09-20.09.02:357][  0]LogConfig: Setting CVar [[r.SkyAtmosphere.TransmittanceLUT.SampleCount:10.0]]
[2022.03.09-20.09.02:358][  0]LogConfig: Setting CVar [[r.SkyAtmosphere.MultiScatteringLUT.SampleCount:15.0]]
[2022.03.09-20.09.02:358][  0]LogConfig: Setting CVar [[r.SkyLight.RealTimeReflectionCapture:1]]
[2022.03.09-20.09.02:358][  0]LogConfig: Applying CVar settings from Section [FoliageQuality@3] File [C:/Users/Lyle/Documents/Unreal Projects/Safari_Snapshot/Saved/Config/Windows/Scalability.ini]
[2022.03.09-20.09.02:358][  0]LogConfig: Setting CVar [[foliage.DensityScale:1.0]]
[2022.03.09-20.09.02:358][  0]LogConfig: Setting CVar [[grass.DensityScale:1.0]]
[2022.03.09-20.09.02:358][  0]LogConfig: Applying CVar settings from Section [ShadingQuality@3] File [C:/Users/Lyle/Documents/Unreal Projects/Safari_Snapshot/Saved/Config/Windows/Scalability.ini]
[2022.03.09-20.09.02:358][  0]LogConfig: Setting CVar [[r.HairStrands.SkyLighting.IntegrationType:2]]
[2022.03.09-20.09.02:358][  0]LogConfig: Setting CVar [[r.HairStrands.SkyAO.SampleCount:4]]
[2022.03.09-20.09.02:358][  0]LogConfig: Setting CVar [[r.HairStrands.Visibility.MSAA.SamplePerPixel:4]]
[2022.03.09-20.09.02:358][  0]LogInit: Selected Device Profile: [Windows]
[2022.03.09-20.09.02:358][  0]LogInit: Applying CVar settings loaded from the selected device profile: [Windows]
[2022.03.09-20.09.02:358][  0]LogHAL: Display: Platform has ~ 16 GB [16922103808 / 17179869184 / 16], which maps to Larger [LargestMinGB=32, LargerMinGB=12, DefaultMinGB=8, SmallerMinGB=6, SmallestMinGB=0)
[2022.03.09-20.09.02:358][  0]LogInit: Going up to parent DeviceProfile []
[2022.03.09-20.09.02:358][  0]LogConfig: Applying CVar settings from Section [ViewDistanceQuality@3] File [C:/Users/Lyle/Documents/Unreal Projects/Safari_Snapshot/Saved/Config/Windows/Scalability.ini]
[2022.03.09-20.09.02:358][  0]LogConfig: Setting CVar [[r.SkeletalMeshLODBias:0]]
[2022.03.09-20.09.02:358][  0]LogConfig: Setting CVar [[r.ViewDistanceScale:1.0]]
[2022.03.09-20.09.02:358][  0]LogConfig: Applying CVar settings from Section [AntiAliasingQuality@3] File [C:/Users/Lyle/Documents/Unreal Projects/Safari_Snapshot/Saved/Config/Windows/Scalability.ini]
[2022.03.09-20.09.02:358][  0]LogConfig: Setting CVar [[r.PostProcessAAQuality:4]]
[2022.03.09-20.09.02:358][  0]LogConfig: Applying CVar settings from Section [ShadowQuality@3] File [C:/Users/Lyle/Documents/Unreal Projects/Safari_Snapshot/Saved/Config/Windows/Scalability.ini]
[2022.03.09-20.09.02:358][  0]LogConfig: Setting CVar [[r.LightFunctionQuality:1]]
[2022.03.09-20.09.02:358][  0]LogConfig: Setting CVar [[r.ShadowQuality:5]]
[2022.03.09-20.09.02:358][  0]LogConfig: Setting CVar [[r.Shadow.CSM.MaxCascades:10]]
[2022.03.09-20.09.02:358][  0]LogConfig: Setting CVar [[r.Shadow.MaxResolution:2048]]
[2022.03.09-20.09.02:358][  0]LogConfig: Setting CVar [[r.Shadow.MaxCSMResolution:2048]]
[2022.03.09-20.09.02:358][  0]LogConfig: Setting CVar [[r.Shadow.RadiusThreshold:0.01]]
[2022.03.09-20.09.02:358][  0]LogConfig: Setting CVar [[r.Shadow.DistanceScale:1.0]]
[2022.03.09-20.09.02:358][  0]LogConfig: Setting CVar [[r.Shadow.CSM.TransitionScale:1.0]]
[2022.03.09-20.09.02:358][  0]LogConfig: Setting CVar [[r.Shadow.PreShadowResolutionFactor:1.0]]
[2022.03.09-20.09.02:358][  0]LogConfig: Setting CVar [[r.DistanceFieldShadowing:1]]
[2022.03.09-20.09.02:358][  0]LogConfig: Setting CVar [[r.DistanceFieldAO:1]]
[2022.03.09-20.09.02:358][  0]LogConfig: Setting CVar [[r.AOQuality:2]]
[2022.03.09-20.09.02:358][  0]LogConfig: Setting CVar [[r.VolumetricFog:1]]
[2022.03.09-20.09.02:358][  0]LogConfig: Setting CVar [[r.VolumetricFog.GridPixelSize:8]]
[2022.03.09-20.09.02:358][  0]LogConfig: Setting CVar [[r.VolumetricFog.GridSizeZ:128]]
[2022.03.09-20.09.02:358][  0]LogConfig: Setting CVar [[r.VolumetricFog.HistoryMissSupersampleCount:4]]
[2022.03.09-20.09.02:358][  0]LogConfig: Setting CVar [[r.LightMaxDrawDistanceScale:1]]
[2022.03.09-20.09.02:358][  0]LogConfig: Setting CVar [[r.CapsuleShadows:1]]
[2022.03.09-20.09.02:358][  0]LogConfig: Applying CVar settings from Section [PostProcessQuality@3] File [C:/Users/Lyle/Documents/Unreal Projects/Safari_Snapshot/Saved/Config/Windows/Scalability.ini]
[2022.03.09-20.09.02:358][  0]LogConfig: Setting CVar [[r.MotionBlurQuality:4]]
[2022.03.09-20.09.02:358][  0]LogConfig: Setting CVar [[r.AmbientOcclusionMipLevelFactor:0.4]]
[2022.03.09-20.09.02:358][  0]LogConfig: Setting CVar [[r.AmbientOcclusionMaxQuality:100]]
[2022.03.09-20.09.02:358][  0]LogConfig: Setting CVar [[r.AmbientOcclusionLevels:-1]]
[2022.03.09-20.09.02:358][  0]LogConfig: Setting CVar [[r.AmbientOcclusionRadiusScale:1.0]]
[2022.03.09-20.09.02:358][  0]LogConfig: Setting CVar [[r.DepthOfFieldQuality:2]]
[2022.03.09-20.09.02:358][  0]LogConfig: Setting CVar [[r.RenderTargetPoolMin:400]]
[2022.03.09-20.09.02:358][  0]LogConfig: Setting CVar [[r.LensFlareQuality:2]]
[2022.03.09-20.09.02:358][  0]LogConfig: Setting CVar [[r.SceneColorFringeQuality:1]]
[2022.03.09-20.09.02:358][  0]LogConfig: Setting CVar [[r.EyeAdaptationQuality:2]]
[2022.03.09-20.09.02:358][  0]LogConfig: Setting CVar [[r.BloomQuality:5]]
[2022.03.09-20.09.02:358][  0]LogConfig: Setting CVar [[r.FastBlurThreshold:100]]
[2022.03.09-20.09.02:358][  0]LogConfig: Setting CVar [[r.Upscale.Quality:3]]
[2022.03.09-20.09.02:358][  0]LogConfig: Setting CVar [[r.Tonemapper.GrainQuantization:1]]
[2022.03.09-20.09.02:358][  0]LogConfig: Setting CVar [[r.LightShaftQuality:1]]
[2022.03.09-20.09.02:358][  0]LogConfig: Setting CVar [[r.Filter.SizeScale:1]]
[2022.03.09-20.09.02:358][  0]LogConfig: Setting CVar [[r.Tonemapper.Quality:5]]
[2022.03.09-20.09.02:358][  0]LogConfig: Setting CVar [[r.DOF.Gather.AccumulatorQuality:1        ; higher gathering accumulator quality]]
[2022.03.09-20.09.02:359][  0]LogConfig: Setting CVar [[r.DOF.Gather.PostfilterMethod:1          ; Median3x3 postfilering method]]
[2022.03.09-20.09.02:359][  0]LogConfig: Setting CVar [[r.DOF.Gather.EnableBokehSettings:0       ; no bokeh simulation when gathering]]
[2022.03.09-20.09.02:359][  0]LogConfig: Setting CVar [[r.DOF.Gather.RingCount:4                 ; medium number of samples when gathering]]
[2022.03.09-20.09.02:359][  0]LogConfig: Setting CVar [[r.DOF.Scatter.ForegroundCompositing:1    ; additive foreground scattering]]
[2022.03.09-20.09.02:359][  0]LogConfig: Setting CVar [[r.DOF.Scatter.BackgroundCompositing:2    ; additive background scattering]]
[2022.03.09-20.09.02:359][  0]LogConfig: Setting CVar [[r.DOF.Scatter.EnableBokehSettings:1      ; bokeh simulation when scattering]]
[2022.03.09-20.09.02:359][  0]LogConfig: Setting CVar [[r.DOF.Scatter.MaxSpriteRatio:0.1         ; only a maximum of 10% of scattered bokeh]]
[2022.03.09-20.09.02:359][  0]LogConfig: Setting CVar [[r.DOF.Recombine.Quality:1                ; cheap slight out of focus]]
[2022.03.09-20.09.02:359][  0]LogConfig: Setting CVar [[r.DOF.Recombine.EnableBokehSettings:0    ; no bokeh simulation on slight out of focus]]
[2022.03.09-20.09.02:359][  0]LogConfig: Setting CVar [[r.DOF.TemporalAAQuality:1                ; more stable temporal accumulation]]
[2022.03.09-20.09.02:359][  0]LogConfig: Setting CVar [[r.DOF.Kernel.MaxForegroundRadius:0.025]]
[2022.03.09-20.09.02:359][  0]LogConfig: Setting CVar [[r.DOF.Kernel.MaxBackgroundRadius:0.025]]
[2022.03.09-20.09.02:359][  0]LogConfig: Applying CVar settings from Section [TextureQuality@3] File [C:/Users/Lyle/Documents/Unreal Projects/Safari_Snapshot/Saved/Config/Windows/Scalability.ini]
[2022.03.09-20.09.02:359][  0]LogConfig: Setting CVar [[r.Streaming.MipBias:0]]
[2022.03.09-20.09.02:359][  0]LogConfig: Setting CVar [[r.Streaming.AmortizeCPUToGPUCopy:0]]
[2022.03.09-20.09.02:359][  0]LogConfig: Setting CVar [[r.Streaming.MaxNumTexturesToStreamPerFrame:0]]
[2022.03.09-20.09.02:359][  0]LogConfig: Setting CVar [[r.Streaming.Boost:1]]
[2022.03.09-20.09.02:359][  0]LogConfig: Setting CVar [[r.MaxAnisotropy:8]]
[2022.03.09-20.09.02:359][  0]LogConfig: Setting CVar [[r.VT.MaxAnisotropy:8]]
[2022.03.09-20.09.02:359][  0]LogConfig: Setting CVar [[r.Streaming.LimitPoolSizeToVRAM:0]]
[2022.03.09-20.09.02:359][  0]LogConfig: Setting CVar [[r.Streaming.PoolSize:1000]]
[2022.03.09-20.09.02:359][  0]LogConfig: Setting CVar [[r.Streaming.MaxEffectiveScreenSize:0]]
[2022.03.09-20.09.02:359][  0]LogConfig: Applying CVar settings from Section [EffectsQuality@3] File [C:/Users/Lyle/Documents/Unreal Projects/Safari_Snapshot/Saved/Config/Windows/Scalability.ini]
[2022.03.09-20.09.02:359][  0]LogConfig: Setting CVar [[r.TranslucencyLightingVolumeDim:64]]
[2022.03.09-20.09.02:359][  0]LogConfig: Setting CVar [[r.RefractionQuality:2]]
[2022.03.09-20.09.02:359][  0]LogConfig: Setting CVar [[r.SSR.Quality:3]]
[2022.03.09-20.09.02:359][  0]LogConfig: Setting CVar [[r.SSR.HalfResSceneColor:0]]
[2022.03.09-20.09.02:359][  0]LogConfig: Setting CVar [[r.SceneColorFormat:4]]
[2022.03.09-20.09.02:359][  0]LogConfig: Setting CVar [[r.DetailMode:2]]
[2022.03.09-20.09.02:359][  0]LogConfig: Setting CVar [[r.TranslucencyVolumeBlur:1]]
[2022.03.09-20.09.02:359][  0]LogConfig: Setting CVar [[r.MaterialQualityLevel:1 ; High quality]]
[2022.03.09-20.09.02:359][  0]LogConfig: Setting CVar [[r.AnisotropicMaterials:1]]
[2022.03.09-20.09.02:359][  0]LogConfig: Setting CVar [[r.SSS.Scale:1]]
[2022.03.09-20.09.02:359][  0]LogConfig: Setting CVar [[r.SSS.SampleSet:2]]
[2022.03.09-20.09.02:359][  0]LogConfig: Setting CVar [[r.SSS.Quality:1]]
[2022.03.09-20.09.02:359][  0]LogConfig: Setting CVar [[r.SSS.HalfRes:0]]
[2022.03.09-20.09.02:359][  0]LogConfig: Setting CVar [[r.SSGI.Quality:3]]
[2022.03.09-20.09.02:359][  0]LogConfig: Setting CVar [[r.EmitterSpawnRateScale:1.0]]
[2022.03.09-20.09.02:359][  0]LogConfig: Setting CVar [[r.ParticleLightQuality:2]]
[2022.03.09-20.09.02:359][  0]LogConfig: Setting CVar [[r.SkyAtmosphere.AerialPerspectiveLUT.FastApplyOnOpaque:1 ; Always have FastSkyLUT 1 in this case to avoid wrong sky]]
[2022.03.09-20.09.02:359][  0]LogConfig: Setting CVar [[r.SkyAtmosphere.AerialPerspectiveLUT.SampleCountMaxPerSlice:4]]
[2022.03.09-20.09.02:359][  0]LogConfig: Setting CVar [[r.SkyAtmosphere.AerialPerspectiveLUT.DepthResolution:16.0]]
[2022.03.09-20.09.02:359][  0]LogConfig: Setting CVar [[r.SkyAtmosphere.FastSkyLUT:1]]
[2022.03.09-20.09.02:359][  0]LogConfig: Setting CVar [[r.SkyAtmosphere.FastSkyLUT.SampleCountMin:4.0]]
[2022.03.09-20.09.02:359][  0]LogConfig: Setting CVar [[r.SkyAtmosphere.FastSkyLUT.SampleCountMax:128.0]]
[2022.03.09-20.09.02:359][  0]LogConfig: Setting CVar [[r.SkyAtmosphere.SampleCountMin:4.0]]
[2022.03.09-20.09.02:359][  0]LogConfig: Setting CVar [[r.SkyAtmosphere.SampleCountMax:128.0]]
[2022.03.09-20.09.02:359][  0]LogConfig: Setting CVar [[r.SkyAtmosphere.TransmittanceLUT.UseSmallFormat:0]]
[2022.03.09-20.09.02:359][  0]LogConfig: Setting CVar [[r.SkyAtmosphere.TransmittanceLUT.SampleCount:10.0]]
[2022.03.09-20.09.02:359][  0]LogConfig: Setting CVar [[r.SkyAtmosphere.MultiScatteringLUT.SampleCount:15.0]]
[2022.03.09-20.09.02:359][  0]LogConfig: Setting CVar [[r.SkyLight.RealTimeReflectionCapture:1]]
[2022.03.09-20.09.02:359][  0]LogConfig: Applying CVar settings from Section [FoliageQuality@3] File [C:/Users/Lyle/Documents/Unreal Projects/Safari_Snapshot/Saved/Config/Windows/Scalability.ini]
[2022.03.09-20.09.02:359][  0]LogConfig: Setting CVar [[foliage.DensityScale:1.0]]
[2022.03.09-20.09.02:359][  0]LogConfig: Setting CVar [[grass.DensityScale:1.0]]
[2022.03.09-20.09.02:359][  0]LogConfig: Applying CVar settings from Section [ShadingQuality@3] File [C:/Users/Lyle/Documents/Unreal Projects/Safari_Snapshot/Saved/Config/Windows/Scalability.ini]
[2022.03.09-20.09.02:359][  0]LogConfig: Setting CVar [[r.HairStrands.SkyLighting.IntegrationType:2]]
[2022.03.09-20.09.02:359][  0]LogConfig: Setting CVar [[r.HairStrands.SkyAO.SampleCount:4]]
[2022.03.09-20.09.02:359][  0]LogConfig: Setting CVar [[r.HairStrands.Visibility.MSAA.SamplePerPixel:4]]
[2022.03.09-20.09.02:359][  0]LogConfig: Applying CVar settings from Section [Startup] File [../../../Engine/Config/ConsoleVariables.ini]
[2022.03.09-20.09.02:360][  0]LogConfig: Setting CVar [[net.UseAdaptiveNetUpdateFrequency:0]]
[2022.03.09-20.09.02:360][  0]LogConfig: Setting CVar [[p.chaos.AllowCreatePhysxBodies:1]]
[2022.03.09-20.09.02:360][  0]LogConfig: Setting CVar [[fx.SkipVectorVMBackendOptimizations:1]]
[2022.03.09-20.09.02:360][  0]LogConfig: Applying CVar settings from Section [ConsoleVariables] File [C:/Users/Lyle/Documents/Unreal Projects/Safari_Snapshot/Saved/Config/Windows/Engine.ini]
[2022.03.09-20.09.02:360][  0]LogConfig: Applying CVar settings from Section [ConsoleVariables] File [C:/Users/Lyle/Documents/Unreal Projects/Safari_Snapshot/Saved/Config/Windows/Editor.ini]
[2022.03.09-20.09.02:360][  0]LogInit: Computer: DESKTOP-1A4G9P9
[2022.03.09-20.09.02:360][  0]LogInit: User: Lyle
[2022.03.09-20.09.02:360][  0]LogInit: CPU Page size=4096, Cores=4
[2022.03.09-20.09.02:360][  0]LogInit: High frequency timer resolution =10.000000 MHz
[2022.03.09-20.09.02:360][  0]LogMemory: Memory total: Physical=15.8GB (16GB approx)
[2022.03.09-20.09.02:360][  0]LogMemory: Platform Memory Stats for Windows
[2022.03.09-20.09.02:360][  0]LogMemory: Process Physical Memory: 147.30 MB used, 147.30 MB peak
[2022.03.09-20.09.02:360][  0]LogMemory: Process Virtual Memory: 129.43 MB used, 129.43 MB peak
[2022.03.09-20.09.02:360][  0]LogMemory: Physical Memory: 12405.54 MB used,  3732.64 MB free, 16138.18 MB total
[2022.03.09-20.09.02:360][  0]LogMemory: Virtual Memory: 134189672.00 MB used,  28059.62 MB free, 134217728.00 MB total
[2022.03.09-20.09.02:367][  0]LogWindows: WindowsPlatformFeatures enabled
[2022.03.09-20.09.02:410][  0]LogInit: Physics initialised using underlying interface: PhysX
[2022.03.09-20.09.02:411][  0]LogInit: Using OS detected language (en-US).
[2022.03.09-20.09.02:411][  0]LogInit: Using OS detected locale (en-US).
[2022.03.09-20.09.02:415][  0]LogTextLocalizationManager: No specific localization for 'en-US' exists, so the 'en' localization will be used.
[2022.03.09-20.09.02:698][  0]LogInit: Setting process to per monitor DPI aware
[2022.03.09-20.09.02:716][  0]LogWindowsTextInputMethodSystem: Display: IME system deactivated.
[2022.03.09-20.09.02:745][  0]LogSlate: New Slate User Created.  User Index 0, Is Virtual User: 0
[2022.03.09-20.09.02:745][  0]LogSlate: Slate User Registered.  User Index 0, Is Virtual User: 0
[2022.03.09-20.09.02:987][  0]LogD3D11RHI: Loaded GFSDK_Aftermath_Lib.x64.dll
[2022.03.09-20.09.02:992][  0]LogHMD: Failed to initialize OpenVR with code 110
[2022.03.09-20.09.02:992][  0]LogD3D11RHI: D3D11 min allowed feature level: 11_0
[2022.03.09-20.09.02:992][  0]LogD3D11RHI: D3D11 max allowed feature level: 11_0
[2022.03.09-20.09.02:992][  0]LogD3D11RHI: D3D11 adapters:
[2022.03.09-20.09.03:208][  0]LogD3D11RHI:    0. 'Intel(R) UHD Graphics' (Feature Level 11_0)
[2022.03.09-20.09.03:208][  0]LogD3D11RHI:       128/0/8069 MB DedicatedVideo/DedicatedSystem/SharedSystem, Outputs:1, VendorId:0x8086
[2022.03.09-20.09.03:211][  0]LogD3D11RHI:    1. 'Microsoft Basic Render Driver' (Feature Level 11_0)
[2022.03.09-20.09.03:211][  0]LogD3D11RHI:       0/0/8069 MB DedicatedVideo/DedicatedSystem/SharedSystem, Outputs:0, VendorId:0x1414
[2022.03.09-20.09.03:211][  0]LogD3D11RHI: Chosen D3D11 Adapter:
[2022.03.09-20.09.03:211][  0]LogD3D11RHI:     Description : Intel(R) UHD Graphics
[2022.03.09-20.09.03:211][  0]LogD3D11RHI:     VendorId    : 8086
[2022.03.09-20.09.03:211][  0]LogD3D11RHI:     DeviceId    : 8a56
[2022.03.09-20.09.03:211][  0]LogD3D11RHI:     SubSysId    : 380d17aa
[2022.03.09-20.09.03:211][  0]LogD3D11RHI:     Revision    : 0007
[2022.03.09-20.09.03:211][  0]LogD3D11RHI:     DedicatedVideoMemory : 134217728 bytes
[2022.03.09-20.09.03:211][  0]LogD3D11RHI:     DedicatedSystemMemory : 0 bytes
[2022.03.09-20.09.03:211][  0]LogD3D11RHI:     SharedSystemMemory : 8461051904 bytes
[2022.03.09-20.09.03:211][  0]LogD3D11RHI:     AdapterLuid : 0 59831
[2022.03.09-20.09.03:229][  0]LogD3D11RHI: Creating new Direct3DDevice
[2022.03.09-20.09.03:229][  0]LogD3D11RHI:     GPU DeviceId: 0x8a56 (for the marketing name, search the web for "GPU Device Id")
[2022.03.09-20.09.03:229][  0]LogWindows: EnumDisplayDevices:
[2022.03.09-20.09.03:229][  0]LogWindows:    0. 'Intel(R) UHD Graphics' (P:1 D:1)
[2022.03.09-20.09.03:230][  0]LogWindows:    1. 'Intel(R) UHD Graphics' (P:0 D:0)
[2022.03.09-20.09.03:230][  0]LogWindows:    2. 'Intel(R) UHD Graphics' (P:0 D:0)
[2022.03.09-20.09.03:230][  0]LogWindows: DebugString: FoundDriverCount:3 
[2022.03.09-20.09.03:230][  0]LogD3D11RHI:     Adapter Name: Intel(R) UHD Graphics
[2022.03.09-20.09.03:230][  0]LogD3D11RHI:   Driver Version: 27.20.100.9664 (internal:27.20.100.9664, unified:27.20.100.9664)
[2022.03.09-20.09.03:230][  0]LogD3D11RHI:      Driver Date: 6-1-2021
[2022.03.09-20.09.03:230][  0]LogRHI: Texture pool is 1523 MB (70% of 2176 MB)
[2022.03.09-20.09.03:245][  0]LogD3D11RHI: Creating D3DDevice using adapter:
[2022.03.09-20.09.03:245][  0]LogD3D11RHI:     Description : Intel(R) UHD Graphics
[2022.03.09-20.09.03:245][  0]LogD3D11RHI:     VendorId    : 8086
[2022.03.09-20.09.03:245][  0]LogD3D11RHI:     DeviceId    : 8a56
[2022.03.09-20.09.03:245][  0]LogD3D11RHI:     SubSysId    : 380d17aa
[2022.03.09-20.09.03:245][  0]LogD3D11RHI:     Revision    : 0007
[2022.03.09-20.09.03:245][  0]LogD3D11RHI:     DedicatedVideoMemory : 134217728 bytes
[2022.03.09-20.09.03:245][  0]LogD3D11RHI:     DedicatedSystemMemory : 0 bytes
[2022.03.09-20.09.03:245][  0]LogD3D11RHI:     SharedSystemMemory : 8461051904 bytes
[2022.03.09-20.09.03:245][  0]LogD3D11RHI:     AdapterLuid : 0 59831
[2022.03.09-20.09.03:430][  0]LogD3D11RHI: RHI does not have support for 64 bit atomics
[2022.03.09-20.09.03:458][  0]LogD3D11RHI: Intel Extensions support version Full=16777216, Major=1, Minor=0, Revision=0
[2022.03.09-20.09.03:458][  0]LogD3D11RHI: Intel Extensions support version Full=16777217, Major=1, Minor=0, Revision=1
[2022.03.09-20.09.03:458][  0]LogD3D11RHI: Intel Extensions Framework enabled
[2022.03.09-20.09.03:459][  0]LogD3D11RHI: [IntelMetricsDiscovery] Started
[2022.03.09-20.09.03:459][  0]LogD3D11RHI: Async texture creation enabled
[2022.03.09-20.09.03:459][  0]LogD3D11RHI: Array index from any shader is supported
[2022.03.09-20.09.03:469][  0]LogD3D11RHI: GPU Timing Frequency: 19.200000 (Debug: 2 0)
[2022.03.09-20.09.03:955][  0]LogTargetPlatformManager: Display: Loaded TargetPlatform 'AllDesktop'
[2022.03.09-20.09.03:991][  0]LogTargetPlatformManager: Display: Loaded TargetPlatform 'Android'
[2022.03.09-20.09.03:991][  0]LogTargetPlatformManager: Display: Loaded TargetPlatform 'Android_ASTC'
[2022.03.09-20.09.03:991][  0]LogTargetPlatformManager: Display: Loaded TargetPlatform 'Android_DXT'
[2022.03.09-20.09.03:991][  0]LogTargetPlatformManager: Display: Loaded TargetPlatform 'Android_ETC2'
[2022.03.09-20.09.03:991][  0]LogTargetPlatformManager: Display: Loaded TargetPlatform 'AndroidClient'
[2022.03.09-20.09.03:991][  0]LogTargetPlatformManager: Display: Loaded TargetPlatform 'Android_ASTCClient'
[2022.03.09-20.09.03:991][  0]LogTargetPlatformManager: Display: Loaded TargetPlatform 'Android_DXTClient'
[2022.03.09-20.09.03:991][  0]LogTargetPlatformManager: Display: Loaded TargetPlatform 'Android_ETC2Client'
[2022.03.09-20.09.03:991][  0]LogTargetPlatformManager: Display: Loaded TargetPlatform 'Android_Multi'
[2022.03.09-20.09.03:991][  0]LogTargetPlatformManager: Display: Loaded TargetPlatform 'Android_MultiClient'
[2022.03.09-20.09.04:025][  0]LogTargetPlatformManager: Display: Loaded TargetPlatform 'IOSClient'
[2022.03.09-20.09.04:025][  0]LogTargetPlatformManager: Display: Loaded TargetPlatform 'IOS'
[2022.03.09-20.09.04:040][  0]LogTargetPlatformManager: Display: Loaded TargetPlatform 'Linux'
[2022.03.09-20.09.04:048][  0]LogTargetPlatformManager: Display: Loaded TargetPlatform 'LinuxNoEditor'
[2022.03.09-20.09.04:060][  0]LogTargetPlatformManager: Display: Loaded TargetPlatform 'LinuxClient'
[2022.03.09-20.09.04:073][  0]LogTargetPlatformManager: Display: Loaded TargetPlatform 'LinuxServer'
[2022.03.09-20.09.04:102][  0]LogTargetPlatformManager: Display: Loaded TargetPlatform 'LinuxAArch64NoEditor'
[2022.03.09-20.09.04:119][  0]LogTargetPlatformManager: Display: Loaded TargetPlatform 'LinuxAArch64Client'
[2022.03.09-20.09.04:134][  0]LogTargetPlatformManager: Display: Loaded TargetPlatform 'LinuxAArch64Server'
[2022.03.09-20.09.04:186][  0]LogTargetPlatformManager: Display: Loaded TargetPlatform 'Lumin'
[2022.03.09-20.09.04:187][  0]LogTargetPlatformManager: Display: Loaded TargetPlatform 'LuminClient'
[2022.03.09-20.09.04:201][  0]LogTargetPlatformManager: Display: Loaded TargetPlatform 'MacNoEditor'
[2022.03.09-20.09.04:210][  0]LogTargetPlatformManager: Display: Loaded TargetPlatform 'Mac'
[2022.03.09-20.09.04:216][  0]LogTargetPlatformManager: Display: Loaded TargetPlatform 'MacClient'
[2022.03.09-20.09.04:226][  0]LogTargetPlatformManager: Display: Loaded TargetPlatform 'MacServer'
[2022.03.09-20.09.04:243][  0]LogTargetPlatformManager: Display: Loaded TargetPlatform 'TVOSClient'
[2022.03.09-20.09.04:243][  0]LogTargetPlatformManager: Display: Loaded TargetPlatform 'TVOS'
[2022.03.09-20.09.04:258][  0]LogTargetPlatformManager: Display: Loaded TargetPlatform 'WindowsNoEditor'
[2022.03.09-20.09.04:264][  0]LogTargetPlatformManager: Display: Loaded TargetPlatform 'Windows'
[2022.03.09-20.09.04:273][  0]LogTargetPlatformManager: Display: Loaded TargetPlatform 'WindowsClient'
[2022.03.09-20.09.04:281][  0]LogTargetPlatformManager: Display: Loaded TargetPlatform 'WindowsServer'
[2022.03.09-20.09.04:281][  0]LogTargetPlatformManager: Display: Building Assets For Windows
[2022.03.09-20.09.04:302][  0]LogAudioDebug: Display: Lib vorbis DLL was dynamically loaded.
[2022.03.09-20.09.04:359][  0]LogTextureFormatOodle: Display: Oodle Texture 2.9.0 init RDO Off
[2022.03.09-20.09.04:422][  0]LogRendererCore: Ray tracing is disabled. Reason: r.RayTracing=0.
[2022.03.09-20.09.04:422][  0]LogShaderCompilers: Guid format shader working directory is -26 characters bigger than the processId version (../../../../../../Users/Lyle/Documents/Unreal Projects/Safari_Snapshot/Intermediate/Shaders/WorkingDirectory/70332/).
[2022.03.09-20.09.04:423][  0]LogShaderCompilers: Cleaned the shader compiler working directory 'C:/Users/Lyle/AppData/Local/Temp/UnrealShaderWorkingDir/48B050C74B05ED25F7721D86CAB2BFDA/'.
[2022.03.09-20.09.04:423][  0]LogXGEController: Cannot use XGE Controller as Incredibuild is not installed on this machine.
[2022.03.09-20.09.04:423][  0]LogShaderCompilers: Cannot use XGE Shader Compiler as Incredibuild is not installed on this machine.
[2022.03.09-20.09.04:423][  0]LogShaderCompilers: Display: Using Local Shader Compiler.
[2022.03.09-20.09.05:589][  0]LogDerivedDataCache: Display: Max Cache Size: 512 MB
[2022.03.09-20.09.05:685][  0]LogDerivedDataCache: Loaded boot cache 0.10s 94MB C:/Users/Lyle/AppData/Local/UnrealEngine/4.27/DerivedDataCache/Boot.ddc.
[2022.03.09-20.09.05:685][  0]LogDerivedDataCache: Display: Loaded Boot cache: C:/Users/Lyle/AppData/Local/UnrealEngine/4.27/DerivedDataCache/Boot.ddc
[2022.03.09-20.09.05:685][  0]LogDerivedDataCache: FDerivedDataBackendGraph:  Pak pak cache file ../../../../../../Users/Lyle/Documents/Unreal Projects/Safari_Snapshot/DerivedDataCache/DDC.ddp not found, will not use a pak cache.
[2022.03.09-20.09.05:685][  0]LogDerivedDataCache: Unable to find inner node Pak for hierarchical cache Hierarchy.
[2022.03.09-20.09.05:685][  0]LogDerivedDataCache: FDerivedDataBackendGraph:  CompressedPak pak cache file ../../../../../../Users/Lyle/Documents/Unreal Projects/Safari_Snapshot/DerivedDataCache/Compressed.ddp not found, will not use a pak cache.
[2022.03.09-20.09.05:685][  0]LogDerivedDataCache: Unable to find inner node CompressedPak for hierarchical cache Hierarchy.
[2022.03.09-20.09.05:712][  0]LogDerivedDataCache: Display: Pak cache opened for reading ../../../Engine/DerivedDataCache/Compressed.ddp.
[2022.03.09-20.09.05:712][  0]LogDerivedDataCache: FDerivedDataBackendGraph:  EnterprisePak pak cache file ../../../Enterprise/DerivedDataCache/Compressed.ddp not found, will not use a pak cache.
[2022.03.09-20.09.05:712][  0]LogDerivedDataCache: Unable to find inner node EnterprisePak for hierarchical cache Hierarchy.
[2022.03.09-20.09.05:732][  0]LogDerivedDataCache: Speed tests for C:/Users/Lyle/AppData/Local/UnrealEngine/Common/DerivedDataCache took 0.02 seconds
[2022.03.09-20.09.05:732][  0]LogDerivedDataCache: Display: Performance to C:/Users/Lyle/AppData/Local/UnrealEngine/Common/DerivedDataCache: Latency=0.03ms. RandomReadSpeed=502.15MBs, RandomWriteSpeed=55.18MBs. Assigned SpeedClass 'Local'
[2022.03.09-20.09.05:736][  0]LogDerivedDataCache: Using Local data cache path C:/Users/Lyle/AppData/Local/UnrealEngine/Common/DerivedDataCache: Writable
[2022.03.09-20.09.05:737][  0]LogDerivedDataCache: Shared data cache path not found in *engine.ini, will not use an Shared cache.
[2022.03.09-20.09.05:737][  0]LogDerivedDataCache: Unable to find inner node Shared for hierarchical cache Hierarchy.
[2022.03.09-20.09.05:804][  0]LogSlate: Using FreeType 2.10.0
[2022.03.09-20.09.05:804][  0]LogSlate: SlateFontServices - WITH_FREETYPE: 1, WITH_HARFBUZZ: 1
[2022.03.09-20.09.05:836][  0]LogAssetRegistry: FAssetRegistry took 0.0035 seconds to start up
[2022.03.09-20.09.06:329][  0]LogInit: Selected Device Profile: [Windows]
[2022.03.09-20.09.06:329][  0]LogInit: Active device profile: [0000012BD8D6CF00][0000012BD869E840 49] Windows
[2022.03.09-20.09.06:329][  0]LogInit: Profiles: [0000012BD8D6CF00][0000012BD869E840 49] Windows, [0000012BD8D2E400][0000012BD86A2980 49] WindowsNoEditor, [0000012BD8D6DF00][0000012BD86A6AC0 49] WindowsServer, [0000012BD8D2D600][0000012BD86AAC00 49] WindowsClient, [0000012BD8D6D000][0000012BD86AED40 49] IOS, [0000012BD8D2FA00][0000012BD86B6EC0 49] iPadAir, [0000012BD8D6F300][0000012BD86BB040 49] iPadAir2, [0000012BD8CCD300][0000012BD86C3300 49] IPadPro, [0000012BD8CCD400][0000012BD86BF340 49] iPadAir3, [0000012BD8D2CB00][0000012BD86C74C0 49] iPadAir4, [0000012BD8CCE100][0000012BD86CB640 49] iPadMini2, [0000012BD8D2F400][0000012BD86CF7C0 49] iPadMini3, [0000012BD8CCEC00][0000012BD86D3940 49] iPadMini4, [0000012BD8D2E700][0000012BD86D7AC0 49] iPadMini5, [0000012BD8D34E00][0000012BD86DE200 49] iPhone6, [0000012BD8D34F00][0000012BD86DA240 49] iPodTouch6, [0000012BD8D6E800][0000012BD86E6500 49] iPhone7, [0000012BD8D6E900][0000012BD86E2540 49] iPodTouch7, [0000012BD8CCCC00][0000012BD86EA6C0 49] iPhone5S, [0000012BD8D6D300][0000012BD86EE840 49] iPhone6Plus, [0000012BD8CCEA00][0000012BD86F29C0 49] iPhone6S, [0000012BD8D6ED00][0000012BD86F6B40 49] iPhone6SPlus, [0000012BD8D34100][0000012BD86B2C80 49] iPhone7Plus, [0000012BD8CCDD00][0000012BD86FADC0 49] iPhoneSE, [0000012BD8D34C00][0000012BD86FEF00 49] iPhone8, [0000012BD8CCC400][0000012BD8707080 49] iPhone8Plus, [0000012BD8D36A00][0000012BD870B200 49] iPhoneX, [0000012BD8CCFC00][0000012BD870F380 49] iPhoneXS, [0000012BD8D36900][0000012BD8713500 49] iPhoneXSMax, [0000012BD8CCCB00][0000012BD8717680 49] iPhoneXR, [0000012BD8D6F800][0000012BD871B800 49] iPhone11, [0000012BD8CCFD00][0000012BD871F980 49] iPhone11Pro, [0000012BD8D6DC00][0000012BD8723B00 49] iPhone11ProMax, [0000012BD8CCD100][0000012BD8726100 49] iPhoneSE2, [0000012BD8D6D200][0000012BD872A280 49] iPhone12Mini, [0000012BD8CCF100][0000012BD872E400 49] iPhone12, [0000012BD8D6C900][0000012BD8732580 49] iPhone12Pro, [0000012BD8CCCD00][0000012BD8736700 49] iPhone12ProMax, [0000012BD8D6FC00][0000012BD873A880 49] iPadPro105, [0000012BD8CCF700][0000012BD873EA00 49] iPadPro129, [0000012BD8D6F000][0000012BD8742B80 49] iPadPro97, [0000012BD8CCCF00][0000012BD8746D00 49] iPadPro2_129, [0000012BD8D6CC00][0000012BD8702E40 49] iPad5, [0000012BD8CCFB00][0000012BD874AF80 49] iPad6, [0000012BD8D6C400][0000012BD98710C0 49] iPad7, [0000012BD8CCFE00][0000012BD9879240 49] iPad8, [0000012BD8D6DB00][0000012BD987D3C0 49] iPadPro11, [0000012BD8CCE400][0000012BD9881540 49] iPadPro2_11, [0000012BD8D6C800][0000012BD98856C0 49] iPadPro3_129, [0000012BD8CCE800][0000012BD9889840 49] iPadPro4_129, [0000012BD8D6EF00][0000012BD988D9C0 49] AppleTV, [0000012BD8CCD200][0000012BD9891B40 49] AppleTV4K, [0000012BD8D6D700][0000012BD9894140 49] TVOS, [0000012BD8CCF600][0000012BD98982C0 49] Mac, [0000012BD8D6FA00][0000012BD989C440 49] MacClient, [0000012BD8CCE500][0000012BD98A05C0 49] MacNoEditor, [0000012BD8D6C500][0000012BD98A4740 49] MacServer, [0000012BD8CCE000][0000012BD98A88C0 49] Linux, [0000012BD8D6FB00][0000012BD98ACA40 49] LinuxAArch64, [0000012BD8CCC300][0000012BD98B0BC0 49] LinuxNoEditor, [0000012BD8D6F700][0000012BD98B4D40 49] LinuxAArch64NoEditor, [0000012BD8CCE600][0000012BD98B8EC0 49] LinuxClient, [0000012BD8D6E600][0000012BD9875000 49] LinuxAArch64Client, [0000012BD8CCDA00][0000012BD98BD140 49] LinuxServer, [0000012BD8D6C200][0000012BD98C1280 49] LinuxAArch64Server, [0000012BD8CCD600][0000012BD98C53C0 49] Android, [0000012BD8D6E100][0000012BD98CD540 49] Android_Low, [0000012BD8CCF800][0000012BD98D16C0 49] Android_Mid, [0000012BD8D6C600][0000012BD98D5840 49] Android_High, [0000012BD8CCE300][0000012BD98D99C0 49] Android_Default, [0000012BD8D6E300][0000012BD98DDB40 49] Android_Adreno4xx, [0000012BD8CCF000][0000012BD98E0140 49] Android_Adreno5xx_Low, [0000012BD8D6EA00][0000012BD98E42C0 49] Android_Adreno5xx, [0000012BD8CCC100][0000012BD98E8440 49] Android_Adreno6xx, [0000012BD8D6CB00][0000012BD98EC5C0 49] Android_Adreno6xx_Vulkan, [0000012BD8CCCA00][0000012BD98F0740 49] Android_Mali_T6xx, [0000012BD8D6C700][0000012BD98F48C0 49] Android_Mali_T7xx, [0000012BD8D2DA00][0000012BD4946A40 49] Android_Mali_T8xx, [0000012BD8D34300][0000012BD495CBC0 49] Android_Mali_G71, [0000012BD8D2C600][0000012BD4960D40 49] Android_Mali_G72, [0000012BD8D35200][0000012BD4964EC0 49] Android_Mali_G72_Vulkan, [0000012BD8D2FE00][0000012BD4969040 49] Android_Mali_G76, [0000012BD8D34700][0000012BD98C9180 49] Android_Mali_G76_Vulkan, [0000012BD8D2FD00][0000012BD496D2C0 49] Android_Mali_G77, [0000012BD8D37B00][0000012BD4971400 49] Android_Mali_G77_Vulkan, [0000012BD8D2DB00][0000012BD4975540 49] Android_Mali_G78, [0000012BD8D37100][0000012BD497D6C0 49] Android_Mali_G78_Vulkan, [0000012BD8D2F900][0000012BD4981840 49] Android_Mali_G710, [0000012BD8D36C00][0000012BD49859C0 49] Android_Mali_G710_Vulkan, [0000012BD8D2F600][0000012BD4989B40 49] Android_Vulkan_SM5, [0000012BD8D37800][0000012BD498C140 49] Android_PowerVR_G6xxx, [0000012BD8D2D900][0000012BD49902C0 49] Android_PowerVR_GT7xxx, [0000012BD8D35D00][0000012BD4994440 49] Android_PowerVR_GE8xxx, [0000012BD8D2ED00][0000012BD49985C0 49] Android_PowerVR_GM9xxx, [0000012BD8D34800][0000012BD499C740 49] Android_PowerVR_GM9xxx_Vulkan, [0000012BD8D2DC00][0000012BD49A08C0 49] Android_TegraK1, [0000012BD8D35000][0000012BD49A4A40 49] Android_Unknown_Vulkan, [0000012BD8D2E300][0000012BD49A8BC0 49] Lumin, [0000012BD8D37E00][0000012BD49ACD40 49] Lumin_Desktop, [0000012BD8D2EB00][0000012BD49B0EC0 49] HoloLens, 
[2022.03.09-20.09.06:610][  0]LogMeshReduction: Using QuadricMeshReduction for automatic static mesh reduction
[2022.03.09-20.09.06:610][  0]LogMeshReduction: Using SimplygonMeshReduction for automatic skeletal mesh reduction
[2022.03.09-20.09.06:610][  0]LogMeshReduction: Using ProxyLODMeshReduction for automatic mesh merging
[2022.03.09-20.09.06:610][  0]LogMeshReduction: No distributed automatic mesh merging module available
[2022.03.09-20.09.06:610][  0]LogMeshMerging: No distributed automatic mesh merging module available
[2022.03.09-20.09.06:638][  0]LogNetVersion: Safari_Snapshot 1.0.0, NetCL: 17155196, EngineNetVer: 17, GameNetVer: 0 (Checksum: 911964087)
[2022.03.09-20.09.07:391][  0]LogTexture: Default maximum texture size for cubemaps generated from long-lat sources has been changed from 512 to unlimited. In order to preserve old behaiour for '/Engine/MapTemplates/Sky/DaylightAmbientCubemap.DaylightAmbientCubemap', its maximum texture size has been explicitly set to 512.
[2022.03.09-20.09.07:484][  0]LogHMD: PokeAHoleMaterial loaded successfully
[2022.03.09-20.09.07:495][  0]LogUObjectArray: 17178 objects as part of root set at end of initial load.
[2022.03.09-20.09.07:495][  0]LogUObjectAllocator: 4302048 out of 0 bytes used by permanent object pool.
[2022.03.09-20.09.07:495][  0]LogUObjectArray: CloseDisregardForGC: 0/0 objects in disregard for GC pool
[2022.03.09-20.09.08:057][  0]LogNiagaraDebuggerClient: Niagara Debugger Client Initialized | Session: 7C8F36CA417DE802F36D88B48C273127 | Instance: 0633961546045392D065D59979C3F5CC (DESKTOP-1A4G9P9-70332).
[2022.03.09-20.09.08:333][  0]LogTcpMessaging: Initializing TcpMessaging bridge
[2022.03.09-20.09.08:342][  0]LogUdpMessaging: Initializing bridge on interface 0.0.0.0:0 to multicast group 230.0.0.1:6666.
[2022.03.09-20.09.08:375][  0]LogPython: Using Python 3.7.7
[2022.03.09-20.09.10:162][  0]SourceControl: Source control is disabled
[2022.03.09-20.09.10:163][  0]SourceControl: Source control is disabled
[2022.03.09-20.09.10:170][  0]SourceControl: Source control is disabled
[2022.03.09-20.09.10:177][  0]SourceControl: Source control is disabled
[2022.03.09-20.09.10:192][  0]SourceControl: Source control is disabled
[2022.03.09-20.09.10:206][  0]LogUProjectInfo: Found projects:
[2022.03.09-20.09.10:603][  0]LogOpenImageDenoise: OIDN starting up
[2022.03.09-20.09.10:630][  0]LogAndroidPermission: UAndroidPermissionCallbackProxy::GetInstance
[2022.03.09-20.09.10:687][  0]LogAudioCaptureCore: Display: No Audio Capture implementations found. Audio input will be silent.
[2022.03.09-20.09.10:688][  0]LogAudioCaptureCore: Display: No Audio Capture implementations found. Audio input will be silent.
[2022.03.09-20.09.10:969][  0]LogCollectionManager: Loaded 0 collections in 0.002924 seconds
[2022.03.09-20.09.11:039][  0]LogFileCache: Scanning file cache for directory 'C:/Users/Lyle/Documents/Unreal Projects/Safari_Snapshot/Saved/Collections/' took 0.00s
[2022.03.09-20.09.11:039][  0]LogFileCache: Scanning file cache for directory 'C:/Users/Lyle/Documents/Unreal Projects/Safari_Snapshot/Content/Developers/Lyle/Collections/' took 0.00s
[2022.03.09-20.09.11:039][  0]LogFileCache: Scanning file cache for directory 'C:/Users/Lyle/Documents/Unreal Projects/Safari_Snapshot/Content/Collections/' took 0.00s
[2022.03.09-20.09.11:039][  0]LogOcInput: OculusInput pre-init called
[2022.03.09-20.09.11:546][  0]LogEngine: Initializing Engine...
[2022.03.09-20.09.11:551][  0]LogHMD: Failed to enumerate extensions. Please check that you have a valid OpenXR runtime installed.
[2022.03.09-20.09.11:551][  0]LogHMD: Failed to initialize OpenVR with code 110
[2022.03.09-20.09.11:551][  0]LogMagicLeap: Warning: VR disabled because ZI is not enabled.  To enable, in the editor, Edit -> Project Settings -> Plugins -> Magic Leap Plugin -> Enable Zero Iteration
[2022.03.09-20.09.11:555][  0]LogStats: UGameplayTagsManager::InitializeManager -  0.001 s
[2022.03.09-20.09.11:881][  0]LogInit: Initializing FReadOnlyCVARCache
[2022.03.09-20.09.11:898][  0]LogAIModule: Creating AISystem for world Untitled
[2022.03.09-20.09.11:899][  0]LogAudio: Display: Initializing Audio Device Manager...
[2022.03.09-20.09.11:907][  0]LogAudio: Display: Loading Default Audio Settings Objects...
[2022.03.09-20.09.11:908][  0]LogAudio: Display: No default SoundConcurrencyObject specified (or failed to load).
[2022.03.09-20.09.11:909][  0]LogAudio: Display: Audio Device Manager Initialized
[2022.03.09-20.09.11:909][  0]LogAudio: Display: Creating Audio Device:                 Id: 1, Scope: Shared, Realtime: True
[2022.03.09-20.09.11:909][  0]LogAudioMixer: Display: Audio Mixer Platform Settings:
[2022.03.09-20.09.11:909][  0]LogAudioMixer: Display: 	Sample Rate:						  48000
[2022.03.09-20.09.11:909][  0]LogAudioMixer: Display: 	Callback Buffer Frame Size Requested: 1024
[2022.03.09-20.09.11:909][  0]LogAudioMixer: Display: 	Callback Buffer Frame Size To Use:	  1024
[2022.03.09-20.09.11:909][  0]LogAudioMixer: Display: 	Number of buffers to queue:			  2
[2022.03.09-20.09.11:909][  0]LogAudioMixer: Display: 	Max Channels (voices):				  32
[2022.03.09-20.09.11:909][  0]LogAudioMixer: Display: 	Number of Async Source Workers:		  0
[2022.03.09-20.09.11:909][  0]LogAudio: Display: AudioDevice MaxSources: 32
[2022.03.09-20.09.11:910][  0]LogAudio: Display: Audio Spatialization Plugin: None (built-in).
[2022.03.09-20.09.11:910][  0]LogAudio: Display: Audio Reverb Plugin: None (built-in).
[2022.03.09-20.09.11:910][  0]LogAudio: Display: Audio Occlusion Plugin: None (built-in).
[2022.03.09-20.09.11:910][  0]LogAudioMixer: Display: Initializing audio mixer.
[2022.03.09-20.09.11:939][  0]LogAudioMixer: Display: 0: FrontLeft
[2022.03.09-20.09.11:939][  0]LogAudioMixer: Display: 1: FrontRight
[2022.03.09-20.09.11:988][  0]LogAudioMixer: Display: Using Audio Device Speakers (Realtek(R) Audio)
[2022.03.09-20.09.11:998][  0]LogAudioMixer: Display: Initializing Sound Submixes...
[2022.03.09-20.09.12:003][  0]LogAudioMixer: Display: Creating Master Submix 'MasterSubmixDefault'
[2022.03.09-20.09.12:004][  0]LogAudioMixer: Display: Creating Master Submix 'MasterReverbSubmixDefault'
[2022.03.09-20.09.12:006][  0]LogAudioMixer: Display: Creating Master Submix 'MasterEQSubmixDefault'
[2022.03.09-20.09.12:006][  0]LogAudioMixer: FMixerPlatformXAudio2::StartAudioStream() called
[2022.03.09-20.09.12:006][  0]LogAudioMixer: Display: Output buffers initialized: Frames=1024, Channels=2, Samples=2048
[2022.03.09-20.09.12:009][  0]LogAudioMixer: Display: Starting AudioMixerPlatformInterface::RunInternal()
[2022.03.09-20.09.12:009][  0]LogAudioMixer: Display: FMixerPlatformXAudio2::SubmitBuffer() called for the first time
[2022.03.09-20.09.12:009][  0]LogInit: FAudioDevice initialized.
[2022.03.09-20.09.12:010][  0]LogAudio: Display: Audio Device (ID: 1) registered with world 'Untitled'.
[2022.03.09-20.09.12:010][  0]LogNetVersion: Set ProjectVersion to 1.0.0.0. Version Checksum will be recalculated on next use.
[2022.03.09-20.09.12:105][  0]LogDerivedDataCache: Saved boot cache 0.10s 94MB C:/Users/Lyle/AppData/Local/UnrealEngine/4.27/DerivedDataCache/Boot.ddc.
[2022.03.09-20.09.12:105][  0]LogInit: Texture streaming: Enabled
[2022.03.09-20.09.12:133][  0]LogAnalytics: Display: [UEEditor.Rocket.Release] APIServer = https://datarouter.ol.epicgames.com/. AppVersion = 4.27.2-18319896+++UE4+Release-4.27
[2022.03.09-20.09.12:143][  0]LogEngineSessionManager: EngineSessionManager initialized
[2022.03.09-20.09.12:143][  0]LogEditorSessionSummary: Verbose: Initializing EditorSessionSummaryWriter for editor session tracking
[2022.03.09-20.09.12:153][  0]LogEditorSessionSummary: EditorSessionSummaryWriter initialized
[2022.03.09-20.09.12:227][  0]LogInit: Transaction tracking system initialized
[2022.03.09-20.09.12:285][  0]BlueprintLog: New page: Editor Load
[2022.03.09-20.09.12:419][  0]LocalizationService: Localization service is disabled
[2022.03.09-20.09.12:475][  0]TimingProfiler: Initialize
[2022.03.09-20.09.12:475][  0]TimingProfiler: OnSessionChanged
[2022.03.09-20.09.12:475][  0]LoadingProfiler: Initialize
[2022.03.09-20.09.12:476][  0]LoadingProfiler: OnSessionChanged
[2022.03.09-20.09.12:476][  0]NetworkingProfiler: Initialize
[2022.03.09-20.09.12:476][  0]NetworkingProfiler: OnSessionChanged
[2022.03.09-20.09.12:476][  0]MemoryProfiler: Initialize
[2022.03.09-20.09.12:476][  0]MemoryProfiler: OnSessionChanged
[2022.03.09-20.09.12:867][  0]LogCook: Display: CookSettings for Memory: MemoryMaxUsedVirtual 0MiB, MemoryMaxUsedPhysical 16384MiB, MemoryMinFreeVirtual 0MiB, MemoryMinFreePhysical 1024MiB
[2022.03.09-20.09.12:867][  0]LogCook: Display: Mobile HDR setting 1
[2022.03.09-20.09.13:349][  0]LogFileCache: Scanning file cache for directory 'C:/Users/Lyle/Documents/Unreal Projects/Safari_Snapshot/Content/' took 0.03s
[2022.03.09-20.09.13:790][  0]LogInit: Display: Engine is initialized. Leaving FEngineLoop::Init()
[2022.03.09-20.09.13:802][  0]SourceControl: Source control is disabled
[2022.03.09-20.09.13:803][  0]LogUnrealEdMisc: Loading editor; pre map load, took 15.382
[2022.03.09-20.09.13:803][  0]Cmd: MAP LOAD FILE="../../../../../../Users/Lyle/Documents/Unreal Projects/Safari_Snapshot/Content/FirstPersonBP/Maps/FirstPersonExampleMap.umap" TEMPLATE=0 SHOWPROGRESS=1 FEATURELEVEL=3
[2022.03.09-20.09.13:804][  0]LightingResults: New page: Lighting Build
[2022.03.09-20.09.13:807][  0]LogWorld: UWorld::CleanupWorld for Untitled, bSessionEnded=true, bCleanupResources=true
[2022.03.09-20.09.13:808][  0]LogSlate: InvalidateAllWidgets triggered.  All widgets were invalidated
[2022.03.09-20.09.13:808][  0]MapCheck: New page: Map Check
[2022.03.09-20.09.13:808][  0]LightingResults: New page: Lighting Build
[2022.03.09-20.09.14:573][  0]LogAudio: Display: Audio Device unregistered from world 'None'.
[2022.03.09-20.09.14:582][  0]LogUObjectHash: Compacting FUObjectHashTables data took   2.17ms
[2022.03.09-20.09.16:290][  0]LogSkeletalMesh: Display: [AssetLog] C:\Users\Lyle\Documents\Unreal Projects\Safari_Snapshot\Content\Vehicle\Sedan\Sedan_SkelMesh.uasset: Find and fix some bad tangent! please re-import this skeletal mesh asset to fix the issue. The shading of the skeletal mesh will be bad and faceted.
[2022.03.09-20.09.16:443][  0]LogAnimationCompression: Building Anim DDC data for AnimSequence /Game/AfricanAnimalsPack/Zebra/Animations/ANIM_Zebra_IdleEat.ANIM_Zebra_IdleEat
[2022.03.09-20.09.16:444][  0]LogAudio: Display: Audio Device (ID: 1) registered with world 'FirstPersonExampleMap'.
[2022.03.09-20.09.16:447][  0]LogAIModule: Creating AISystem for world FirstPersonExampleMap
[2022.03.09-20.09.16:484][  0]LogEditorServer: Finished looking for orphan Actors (0.000 secs)
[2022.03.09-20.09.17:741][  0]LogUObjectHash: Compacting FUObjectHashTables data took   2.60ms
[2022.03.09-20.09.17:741][  0]Cmd: MAP CHECKDEP NOCLEARLOG
[2022.03.09-20.09.17:742][  0]MapCheck: Map check complete: 0 Error(s), 0 Warning(s), took 0.337ms to complete.
[2022.03.09-20.09.17:742][  0]LogFileHelpers: Loading map 'FirstPersonExampleMap' took 3.939
[2022.03.09-20.09.17:746][  0]LogUnrealEdMisc: Total Editor Startup Time, took 19.325
[2022.03.09-20.09.17:933][  0]LogSlate: Updating window title bar state: overlay mode, drag disabled, window buttons hidden, title bar hidden
[2022.03.09-20.09.17:951][  0]LogSlate: Updating window title bar state: overlay mode, drag disabled, window buttons hidden, title bar hidden
[2022.03.09-20.09.17:970][  0]LogSlate: Updating window title bar state: overlay mode, drag disabled, window buttons hidden, title bar hidden
[2022.03.09-20.09.17:990][  0]LogSlate: Updating window title bar state: overlay mode, drag disabled, window buttons hidden, title bar hidden
[2022.03.09-20.09.18:031][  0]LogNativeClassHierarchy: Verbose: Native class hierarchy populated in 0.0251 seconds. Added 3830 classes and 934 folders.
[2022.03.09-20.09.18:037][  0]LogNativeClassHierarchy: Verbose: Native class hierarchy updated for 'WidgetCarousel' in 0.0006 seconds. Added 0 classes and 0 folders.
[2022.03.09-20.09.18:040][  0]LogPakFile: PakFile PrimaryIndexSize=187
[2022.03.09-20.09.18:040][  0]LogPakFile: PakFile PathHashIndexSize=101
[2022.03.09-20.09.18:041][  0]LogPakFile: PakFile FullDirectoryIndexSize=148
[2022.03.09-20.09.18:041][  0]LogShaderLibrary: Display: ShaderCodeLibraryPakFileMountedCallback: PakFile 'C:/Program Files/Epic Games/UE_4.27/FeaturePacks/FP_FirstPerson.upack' (chunk index -1, root 'root:/') mounted
[2022.03.09-20.09.18:041][  0]LogShaderLibrary: Display: ShaderCodeLibraryPakFileMountedCallback: pending pak file info (ChunkID:-1 Root:root:/ File:C:/Program Files/Epic Games/UE_4.27/FeaturePacks/FP_FirstPerson.upack)
[2022.03.09-20.09.18:041][  0]LogPakFile: OnPakFileMounted2Time == 0.000123
[2022.03.09-20.09.18:042][  0]LogPakFile: PakFile PrimaryIndexSize=189
[2022.03.09-20.09.18:042][  0]LogPakFile: PakFile PathHashIndexSize=101
[2022.03.09-20.09.18:043][  0]LogPakFile: PakFile FullDirectoryIndexSize=152
[2022.03.09-20.09.18:043][  0]LogShaderLibrary: Display: ShaderCodeLibraryPakFileMountedCallback: PakFile 'C:/Program Files/Epic Games/UE_4.27/FeaturePacks/FP_FirstPersonBP.upack' (chunk index -1, root 'root:/') mounted
[2022.03.09-20.09.18:043][  0]LogShaderLibrary: Display: ShaderCodeLibraryPakFileMountedCallback: pending pak file info (ChunkID:-1 Root:root:/ File:C:/Program Files/Epic Games/UE_4.27/FeaturePacks/FP_FirstPersonBP.upack)
[2022.03.09-20.09.18:043][  0]LogPakFile: OnPakFileMounted2Time == 0.000111
[2022.03.09-20.09.18:044][  0]LogPakFile: PakFile PrimaryIndexSize=191
[2022.03.09-20.09.18:044][  0]LogPakFile: PakFile PathHashIndexSize=101
[2022.03.09-20.09.18:044][  0]LogPakFile: PakFile FullDirectoryIndexSize=160
[2022.03.09-20.09.18:044][  0]LogShaderLibrary: Display: ShaderCodeLibraryPakFileMountedCallback: PakFile 'C:/Program Files/Epic Games/UE_4.27/FeaturePacks/MobileStarterContent.upack' (chunk index -1, root 'root:/') mounted
[2022.03.09-20.09.18:045][  0]LogShaderLibrary: Display: ShaderCodeLibraryPakFileMountedCallback: pending pak file info (ChunkID:-1 Root:root:/ File:C:/Program Files/Epic Games/UE_4.27/FeaturePacks/MobileStarterContent.upack)
[2022.03.09-20.09.18:045][  0]LogPakFile: OnPakFileMounted2Time == 0.000111
[2022.03.09-20.09.18:046][  0]LogPakFile: PakFile PrimaryIndexSize=185
[2022.03.09-20.09.18:046][  0]LogPakFile: PakFile PathHashIndexSize=101
[2022.03.09-20.09.18:046][  0]LogPakFile: PakFile FullDirectoryIndexSize=148
[2022.03.09-20.09.18:046][  0]LogShaderLibrary: Display: ShaderCodeLibraryPakFileMountedCallback: PakFile 'C:/Program Files/Epic Games/UE_4.27/FeaturePacks/StarterContent.upack' (chunk index -1, root 'root:/') mounted
[2022.03.09-20.09.18:046][  0]LogShaderLibrary: Display: ShaderCodeLibraryPakFileMountedCallback: pending pak file info (ChunkID:-1 Root:root:/ File:C:/Program Files/Epic Games/UE_4.27/FeaturePacks/StarterContent.upack)
[2022.03.09-20.09.18:046][  0]LogPakFile: OnPakFileMounted2Time == 0.000096
[2022.03.09-20.09.18:048][  0]LogPakFile: PakFile PrimaryIndexSize=190
[2022.03.09-20.09.18:048][  0]LogPakFile: PakFile PathHashIndexSize=101
[2022.03.09-20.09.18:048][  0]LogPakFile: PakFile FullDirectoryIndexSize=154
[2022.03.09-20.09.18:048][  0]LogShaderLibrary: Display: ShaderCodeLibraryPakFileMountedCallback: PakFile 'C:/Program Files/Epic Games/UE_4.27/FeaturePacks/TP_2DSideScroller.upack' (chunk index -1, root 'root:/') mounted
[2022.03.09-20.09.18:048][  0]LogShaderLibrary: Display: ShaderCodeLibraryPakFileMountedCallback: pending pak file info (ChunkID:-1 Root:root:/ File:C:/Program Files/Epic Games/UE_4.27/FeaturePacks/TP_2DSideScroller.upack)
[2022.03.09-20.09.18:048][  0]LogPakFile: OnPakFileMounted2Time == 0.000092
[2022.03.09-20.09.18:050][  0]LogPakFile: PakFile PrimaryIndexSize=192
[2022.03.09-20.09.18:050][  0]LogPakFile: PakFile PathHashIndexSize=101
[2022.03.09-20.09.18:050][  0]LogPakFile: PakFile FullDirectoryIndexSize=158
[2022.03.09-20.09.18:050][  0]LogShaderLibrary: Display: ShaderCodeLibraryPakFileMountedCallback: PakFile 'C:/Program Files/Epic Games/UE_4.27/FeaturePacks/TP_2DSideScrollerBP.upack' (chunk index -1, root 'root:/') mounted
[2022.03.09-20.09.18:050][  0]LogShaderLibrary: Display: ShaderCodeLibraryPakFileMountedCallback: pending pak file info (ChunkID:-1 Root:root:/ File:C:/Program Files/Epic Games/UE_4.27/FeaturePacks/TP_2DSideScrollerBP.upack)
[2022.03.09-20.09.18:050][  0]LogPakFile: OnPakFileMounted2Time == 0.000099
[2022.03.09-20.09.18:052][  0]LogPakFile: PakFile PrimaryIndexSize=182
[2022.03.09-20.09.18:052][  0]LogPakFile: PakFile PathHashIndexSize=101
[2022.03.09-20.09.18:052][  0]LogPakFile: PakFile FullDirectoryIndexSize=138
[2022.03.09-20.09.18:052][  0]LogShaderLibrary: Display: ShaderCodeLibraryPakFileMountedCallback: PakFile 'C:/Program Files/Epic Games/UE_4.27/FeaturePacks/TP_Flying.upack' (chunk index -1, root 'root:/') mounted
[2022.03.09-20.09.18:052][  0]LogShaderLibrary: Display: ShaderCodeLibraryPakFileMountedCallback: pending pak file info (ChunkID:-1 Root:root:/ File:C:/Program Files/Epic Games/UE_4.27/FeaturePacks/TP_Flying.upack)
[2022.03.09-20.09.18:052][  0]LogPakFile: OnPakFileMounted2Time == 0.000101
[2022.03.09-20.09.18:054][  0]LogPakFile: PakFile PrimaryIndexSize=184
[2022.03.09-20.09.18:054][  0]LogPakFile: PakFile PathHashIndexSize=101
[2022.03.09-20.09.18:054][  0]LogPakFile: PakFile FullDirectoryIndexSize=142
[2022.03.09-20.09.18:054][  0]LogShaderLibrary: Display: ShaderCodeLibraryPakFileMountedCallback: PakFile 'C:/Program Files/Epic Games/UE_4.27/FeaturePacks/TP_FlyingBP.upack' (chunk index -1, root 'root:/') mounted
[2022.03.09-20.09.18:054][  0]LogShaderLibrary: Display: ShaderCodeLibraryPakFileMountedCallback: pending pak file info (ChunkID:-1 Root:root:/ File:C:/Program Files/Epic Games/UE_4.27/FeaturePacks/TP_FlyingBP.upack)
[2022.03.09-20.09.18:054][  0]LogPakFile: OnPakFileMounted2Time == 0.000108
[2022.03.09-20.09.18:056][  0]LogPakFile: PakFile PrimaryIndexSize=188
[2022.03.09-20.09.18:056][  0]LogPakFile: PakFile PathHashIndexSize=101
[2022.03.09-20.09.18:056][  0]LogPakFile: PakFile FullDirectoryIndexSize=150
[2022.03.09-20.09.18:056][  0]LogShaderLibrary: Display: ShaderCodeLibraryPakFileMountedCallback: PakFile 'C:/Program Files/Epic Games/UE_4.27/FeaturePacks/TP_HandheldARBP.upack' (chunk index -1, root 'root:/') mounted
[2022.03.09-20.09.18:056][  0]LogShaderLibrary: Display: ShaderCodeLibraryPakFileMountedCallback: pending pak file info (ChunkID:-1 Root:root:/ File:C:/Program Files/Epic Games/UE_4.27/FeaturePacks/TP_HandheldARBP.upack)
[2022.03.09-20.09.18:056][  0]LogPakFile: OnPakFileMounted2Time == 0.000102
[2022.03.09-20.09.18:058][  0]LogPakFile: PakFile PrimaryIndexSize=182
[2022.03.09-20.09.18:058][  0]LogPakFile: PakFile PathHashIndexSize=101
[2022.03.09-20.09.18:058][  0]LogPakFile: PakFile FullDirectoryIndexSize=138
[2022.03.09-20.09.18:058][  0]LogShaderLibrary: Display: ShaderCodeLibraryPakFileMountedCallback: PakFile 'C:/Program Files/Epic Games/UE_4.27/FeaturePacks/TP_Puzzle.upack' (chunk index -1, root 'root:/') mounted
[2022.03.09-20.09.18:058][  0]LogShaderLibrary: Display: ShaderCodeLibraryPakFileMountedCallback: pending pak file info (ChunkID:-1 Root:root:/ File:C:/Program Files/Epic Games/UE_4.27/FeaturePacks/TP_Puzzle.upack)
[2022.03.09-20.09.18:058][  0]LogPakFile: OnPakFileMounted2Time == 0.000097
[2022.03.09-20.09.18:060][  0]LogPakFile: PakFile PrimaryIndexSize=184
[2022.03.09-20.09.18:060][  0]LogPakFile: PakFile PathHashIndexSize=101
[2022.03.09-20.09.18:060][  0]LogPakFile: PakFile FullDirectoryIndexSize=142
[2022.03.09-20.09.18:060][  0]LogShaderLibrary: Display: ShaderCodeLibraryPakFileMountedCallback: PakFile 'C:/Program Files/Epic Games/UE_4.27/FeaturePacks/TP_PuzzleBP.upack' (chunk index -1, root 'root:/') mounted
[2022.03.09-20.09.18:060][  0]LogShaderLibrary: Display: ShaderCodeLibraryPakFileMountedCallback: pending pak file info (ChunkID:-1 Root:root:/ File:C:/Program Files/Epic Games/UE_4.27/FeaturePacks/TP_PuzzleBP.upack)
[2022.03.09-20.09.18:060][  0]LogPakFile: OnPakFileMounted2Time == 0.000087
[2022.03.09-20.09.18:061][  0]LogPakFile: PakFile PrimaryIndexSize=183
[2022.03.09-20.09.18:061][  0]LogPakFile: PakFile PathHashIndexSize=101
[2022.03.09-20.09.18:061][  0]LogPakFile: PakFile FullDirectoryIndexSize=140
[2022.03.09-20.09.18:061][  0]LogShaderLibrary: Display: ShaderCodeLibraryPakFileMountedCallback: PakFile 'C:/Program Files/Epic Games/UE_4.27/FeaturePacks/TP_Rolling.upack' (chunk index -1, root 'root:/') mounted
[2022.03.09-20.09.18:061][  0]LogShaderLibrary: Display: ShaderCodeLibraryPakFileMountedCallback: pending pak file info (ChunkID:-1 Root:root:/ File:C:/Program Files/Epic Games/UE_4.27/FeaturePacks/TP_Rolling.upack)
[2022.03.09-20.09.18:061][  0]LogPakFile: OnPakFileMounted2Time == 0.000092
[2022.03.09-20.09.18:063][  0]LogPakFile: PakFile PrimaryIndexSize=185
[2022.03.09-20.09.18:063][  0]LogPakFile: PakFile PathHashIndexSize=101
[2022.03.09-20.09.18:063][  0]LogPakFile: PakFile FullDirectoryIndexSize=144
[2022.03.09-20.09.18:063][  0]LogShaderLibrary: Display: ShaderCodeLibraryPakFileMountedCallback: PakFile 'C:/Program Files/Epic Games/UE_4.27/FeaturePacks/TP_RollingBP.upack' (chunk index -1, root 'root:/') mounted
[2022.03.09-20.09.18:063][  0]LogShaderLibrary: Display: ShaderCodeLibraryPakFileMountedCallback: pending pak file info (ChunkID:-1 Root:root:/ File:C:/Program Files/Epic Games/UE_4.27/FeaturePacks/TP_RollingBP.upack)
[2022.03.09-20.09.18:063][  0]LogPakFile: OnPakFileMounted2Time == 0.000089
[2022.03.09-20.09.18:064][  0]LogPakFile: PakFile PrimaryIndexSize=188
[2022.03.09-20.09.18:064][  0]LogPakFile: PakFile PathHashIndexSize=101
[2022.03.09-20.09.18:064][  0]LogPakFile: PakFile FullDirectoryIndexSize=150
[2022.03.09-20.09.18:065][  0]LogShaderLibrary: Display: ShaderCodeLibraryPakFileMountedCallback: PakFile 'C:/Program Files/Epic Games/UE_4.27/FeaturePacks/TP_SideScroller.upack' (chunk index -1, root 'root:/') mounted
[2022.03.09-20.09.18:065][  0]LogShaderLibrary: Display: ShaderCodeLibraryPakFileMountedCallback: pending pak file info (ChunkID:-1 Root:root:/ File:C:/Program Files/Epic Games/UE_4.27/FeaturePacks/TP_SideScroller.upack)
[2022.03.09-20.09.18:065][  0]LogPakFile: OnPakFileMounted2Time == 0.000092
[2022.03.09-20.09.18:066][  0]LogPakFile: PakFile PrimaryIndexSize=190
[2022.03.09-20.09.18:066][  0]LogPakFile: PakFile PathHashIndexSize=101
[2022.03.09-20.09.18:066][  0]LogPakFile: PakFile FullDirectoryIndexSize=154
[2022.03.09-20.09.18:066][  0]LogShaderLibrary: Display: ShaderCodeLibraryPakFileMountedCallback: PakFile 'C:/Program Files/Epic Games/UE_4.27/FeaturePacks/TP_SideScrollerBP.upack' (chunk index -1, root 'root:/') mounted
[2022.03.09-20.09.18:066][  0]LogShaderLibrary: Display: ShaderCodeLibraryPakFileMountedCallback: pending pak file info (ChunkID:-1 Root:root:/ File:C:/Program Files/Epic Games/UE_4.27/FeaturePacks/TP_SideScrollerBP.upack)
[2022.03.09-20.09.18:066][  0]LogPakFile: OnPakFileMounted2Time == 0.000108
[2022.03.09-20.09.18:068][  0]LogPakFile: PakFile PrimaryIndexSize=187
[2022.03.09-20.09.18:068][  0]LogPakFile: PakFile PathHashIndexSize=101
[2022.03.09-20.09.18:068][  0]LogPakFile: PakFile FullDirectoryIndexSize=148
[2022.03.09-20.09.18:068][  0]LogShaderLibrary: Display: ShaderCodeLibraryPakFileMountedCallback: PakFile 'C:/Program Files/Epic Games/UE_4.27/FeaturePacks/TP_ThirdPerson.upack' (chunk index -1, root 'root:/') mounted
[2022.03.09-20.09.18:068][  0]LogShaderLibrary: Display: ShaderCodeLibraryPakFileMountedCallback: pending pak file info (ChunkID:-1 Root:root:/ File:C:/Program Files/Epic Games/UE_4.27/FeaturePacks/TP_ThirdPerson.upack)
[2022.03.09-20.09.18:068][  0]LogPakFile: OnPakFileMounted2Time == 0.000100
[2022.03.09-20.09.18:070][  0]LogPakFile: PakFile PrimaryIndexSize=189
[2022.03.09-20.09.18:070][  0]LogPakFile: PakFile PathHashIndexSize=101
[2022.03.09-20.09.18:070][  0]LogPakFile: PakFile FullDirectoryIndexSize=152
[2022.03.09-20.09.18:070][  0]LogShaderLibrary: Display: ShaderCodeLibraryPakFileMountedCallback: PakFile 'C:/Program Files/Epic Games/UE_4.27/FeaturePacks/TP_ThirdPersonBP.upack' (chunk index -1, root 'root:/') mounted
[2022.03.09-20.09.18:070][  0]LogShaderLibrary: Display: ShaderCodeLibraryPakFileMountedCallback: pending pak file info (ChunkID:-1 Root:root:/ File:C:/Program Files/Epic Games/UE_4.27/FeaturePacks/TP_ThirdPersonBP.upack)
[2022.03.09-20.09.18:070][  0]LogPakFile: OnPakFileMounted2Time == 0.000104
[2022.03.09-20.09.18:071][  0]LogPakFile: PakFile PrimaryIndexSize=183
[2022.03.09-20.09.18:071][  0]LogPakFile: PakFile PathHashIndexSize=101
[2022.03.09-20.09.18:072][  0]LogPakFile: PakFile FullDirectoryIndexSize=140
[2022.03.09-20.09.18:072][  0]LogShaderLibrary: Display: ShaderCodeLibraryPakFileMountedCallback: PakFile 'C:/Program Files/Epic Games/UE_4.27/FeaturePacks/TP_TopDown.upack' (chunk index -1, root 'root:/') mounted
[2022.03.09-20.09.18:072][  0]LogShaderLibrary: Display: ShaderCodeLibraryPakFileMountedCallback: pending pak file info (ChunkID:-1 Root:root:/ File:C:/Program Files/Epic Games/UE_4.27/FeaturePacks/TP_TopDown.upack)
[2022.03.09-20.09.18:072][  0]LogPakFile: OnPakFileMounted2Time == 0.000103
[2022.03.09-20.09.18:073][  0]LogPakFile: PakFile PrimaryIndexSize=185
[2022.03.09-20.09.18:073][  0]LogPakFile: PakFile PathHashIndexSize=101
[2022.03.09-20.09.18:073][  0]LogPakFile: PakFile FullDirectoryIndexSize=144
[2022.03.09-20.09.18:073][  0]LogShaderLibrary: Display: ShaderCodeLibraryPakFileMountedCallback: PakFile 'C:/Program Files/Epic Games/UE_4.27/FeaturePacks/TP_TopDownBP.upack' (chunk index -1, root 'root:/') mounted
[2022.03.09-20.09.18:073][  0]LogShaderLibrary: Display: ShaderCodeLibraryPakFileMountedCallback: pending pak file info (ChunkID:-1 Root:root:/ File:C:/Program Files/Epic Games/UE_4.27/FeaturePacks/TP_TopDownBP.upack)
[2022.03.09-20.09.18:073][  0]LogPakFile: OnPakFileMounted2Time == 0.000090
[2022.03.09-20.09.18:075][  0]LogPakFile: PakFile PrimaryIndexSize=185
[2022.03.09-20.09.18:075][  0]LogPakFile: PakFile PathHashIndexSize=101
[2022.03.09-20.09.18:075][  0]LogPakFile: PakFile FullDirectoryIndexSize=144
[2022.03.09-20.09.18:075][  0]LogShaderLibrary: Display: ShaderCodeLibraryPakFileMountedCallback: PakFile 'C:/Program Files/Epic Games/UE_4.27/FeaturePacks/TP_TwinStick.upack' (chunk index -1, root 'root:/') mounted
[2022.03.09-20.09.18:075][  0]LogShaderLibrary: Display: ShaderCodeLibraryPakFileMountedCallback: pending pak file info (ChunkID:-1 Root:root:/ File:C:/Program Files/Epic Games/UE_4.27/FeaturePacks/TP_TwinStick.upack)
[2022.03.09-20.09.18:075][  0]LogPakFile: OnPakFileMounted2Time == 0.000089
[2022.03.09-20.09.18:077][  0]LogPakFile: PakFile PrimaryIndexSize=187
[2022.03.09-20.09.18:077][  0]LogPakFile: PakFile PathHashIndexSize=101
[2022.03.09-20.09.18:077][  0]LogPakFile: PakFile FullDirectoryIndexSize=148
[2022.03.09-20.09.18:077][  0]LogShaderLibrary: Display: ShaderCodeLibraryPakFileMountedCallback: PakFile 'C:/Program Files/Epic Games/UE_4.27/FeaturePacks/TP_TwinStickBP.upack' (chunk index -1, root 'root:/') mounted
[2022.03.09-20.09.18:077][  0]LogShaderLibrary: Display: ShaderCodeLibraryPakFileMountedCallback: pending pak file info (ChunkID:-1 Root:root:/ File:C:/Program Files/Epic Games/UE_4.27/FeaturePacks/TP_TwinStickBP.upack)
[2022.03.09-20.09.18:077][  0]LogPakFile: OnPakFileMounted2Time == 0.000130
[2022.03.09-20.09.18:079][  0]LogPakFile: PakFile PrimaryIndexSize=183
[2022.03.09-20.09.18:079][  0]LogPakFile: PakFile PathHashIndexSize=101
[2022.03.09-20.09.18:079][  0]LogPakFile: PakFile FullDirectoryIndexSize=140
[2022.03.09-20.09.18:079][  0]LogShaderLibrary: Display: ShaderCodeLibraryPakFileMountedCallback: PakFile 'C:/Program Files/Epic Games/UE_4.27/FeaturePacks/TP_Vehicle.upack' (chunk index -1, root 'root:/') mounted
[2022.03.09-20.09.18:079][  0]LogShaderLibrary: Display: ShaderCodeLibraryPakFileMountedCallback: pending pak file info (ChunkID:-1 Root:root:/ File:C:/Program Files/Epic Games/UE_4.27/FeaturePacks/TP_Vehicle.upack)
[2022.03.09-20.09.18:079][  0]LogPakFile: OnPakFileMounted2Time == 0.000105
[2022.03.09-20.09.18:080][  0]LogPakFile: PakFile PrimaryIndexSize=186
[2022.03.09-20.09.18:080][  0]LogPakFile: PakFile PathHashIndexSize=101
[2022.03.09-20.09.18:080][  0]LogPakFile: PakFile FullDirectoryIndexSize=146
[2022.03.09-20.09.18:080][  0]LogShaderLibrary: Display: ShaderCodeLibraryPakFileMountedCallback: PakFile 'C:/Program Files/Epic Games/UE_4.27/FeaturePacks/TP_VehicleAdv.upack' (chunk index -1, root 'root:/') mounted
[2022.03.09-20.09.18:081][  0]LogShaderLibrary: Display: ShaderCodeLibraryPakFileMountedCallback: pending pak file info (ChunkID:-1 Root:root:/ File:C:/Program Files/Epic Games/UE_4.27/FeaturePacks/TP_VehicleAdv.upack)
[2022.03.09-20.09.18:081][  0]LogPakFile: OnPakFileMounted2Time == 0.000167
[2022.03.09-20.09.18:082][  0]LogPakFile: PakFile PrimaryIndexSize=188
[2022.03.09-20.09.18:082][  0]LogPakFile: PakFile PathHashIndexSize=101
[2022.03.09-20.09.18:082][  0]LogPakFile: PakFile FullDirectoryIndexSize=150
[2022.03.09-20.09.18:082][  0]LogShaderLibrary: Display: ShaderCodeLibraryPakFileMountedCallback: PakFile 'C:/Program Files/Epic Games/UE_4.27/FeaturePacks/TP_VehicleAdvBP.upack' (chunk index -1, root 'root:/') mounted
[2022.03.09-20.09.18:083][  0]LogShaderLibrary: Display: ShaderCodeLibraryPakFileMountedCallback: pending pak file info (ChunkID:-1 Root:root:/ File:C:/Program Files/Epic Games/UE_4.27/FeaturePacks/TP_VehicleAdvBP.upack)
[2022.03.09-20.09.18:083][  0]LogPakFile: OnPakFileMounted2Time == 0.000138
[2022.03.09-20.09.18:084][  0]LogPakFile: PakFile PrimaryIndexSize=185
[2022.03.09-20.09.18:084][  0]LogPakFile: PakFile PathHashIndexSize=101
[2022.03.09-20.09.18:084][  0]LogPakFile: PakFile FullDirectoryIndexSize=144
[2022.03.09-20.09.18:084][  0]LogShaderLibrary: Display: ShaderCodeLibraryPakFileMountedCallback: PakFile 'C:/Program Files/Epic Games/UE_4.27/FeaturePacks/TP_VehicleBP.upack' (chunk index -1, root 'root:/') mounted
[2022.03.09-20.09.18:084][  0]LogShaderLibrary: Display: ShaderCodeLibraryPakFileMountedCallback: pending pak file info (ChunkID:-1 Root:root:/ File:C:/Program Files/Epic Games/UE_4.27/FeaturePacks/TP_VehicleBP.upack)
[2022.03.09-20.09.18:084][  0]LogPakFile: OnPakFileMounted2Time == 0.000090
[2022.03.09-20.09.18:086][  0]LogPakFile: PakFile PrimaryIndexSize=192
[2022.03.09-20.09.18:086][  0]LogPakFile: PakFile PathHashIndexSize=101
[2022.03.09-20.09.18:086][  0]LogPakFile: PakFile FullDirectoryIndexSize=158
[2022.03.09-20.09.18:086][  0]LogShaderLibrary: Display: ShaderCodeLibraryPakFileMountedCallback: PakFile 'C:/Program Files/Epic Games/UE_4.27/FeaturePacks/TP_VirtualRealityBP.upack' (chunk index -1, root 'root:/') mounted
[2022.03.09-20.09.18:086][  0]LogShaderLibrary: Display: ShaderCodeLibraryPakFileMountedCallback: pending pak file info (ChunkID:-1 Root:root:/ File:C:/Program Files/Epic Games/UE_4.27/FeaturePacks/TP_VirtualRealityBP.upack)
[2022.03.09-20.09.18:086][  0]LogPakFile: OnPakFileMounted2Time == 0.000094
[2022.03.09-20.09.18:198][  0]LogNativeClassHierarchy: Verbose: Native class hierarchy updated for 'AddContentDialog' in 0.0007 seconds. Added 0 classes and 0 folders.
[2022.03.09-20.09.18:201][  0]LogNativeClassHierarchy: Verbose: Native class hierarchy updated for 'SceneOutliner' in 0.0005 seconds. Added 2 classes and 0 folders.
[2022.03.09-20.09.18:226][  0]LogNativeClassHierarchy: Verbose: Native class hierarchy updated for 'WorldBrowser' in 0.0006 seconds. Added 2 classes and 3 folders.
[2022.03.09-20.09.18:516][  0]LogSlate: Took 0.000542 seconds to synchronously load lazily loaded font '../../../Engine/Content/Slate/Fonts/Roboto-Regular.ttf' (155K)
[2022.03.09-20.09.18:520][  0]LogSlate: Took 0.000846 seconds to synchronously load lazily loaded font '../../../Engine/Content/Editor/Slate/Fonts/FontAwesome.ttf' (139K)
[2022.03.09-20.09.18:523][  0]LogSlate: Took 0.000446 seconds to synchronously load lazily loaded font '../../../Engine/Content/Slate/Fonts/Roboto-Bold.ttf' (160K)
[2022.03.09-20.09.18:757][  0]LogRenderer: Reallocating scene render targets to support 804x336 Format 10 NumSamples 1 (Frame:1).
[2022.03.09-20.09.19:070][  0]LogNativeClassHierarchy: Verbose: Native class hierarchy updated for 'HierarchicalLODOutliner' in 0.0005 seconds. Added 0 classes and 0 folders.
[2022.03.09-20.09.19:070][  0]LogLoad: (Engine Initialization) Total time: 20.65 seconds
[2022.03.09-20.09.19:070][  0]LogLoad: (Engine Initialization) Total Blueprint compile time: 0.00 seconds
[2022.03.09-20.09.19:448][  0]LogContentStreaming: Texture pool size now 1000 MB
[2022.03.09-20.09.19:470][  1]LogFileCache: Retrieving MD5 hashes for directory 'C:/Users/Lyle/Documents/Unreal Projects/Safari_Snapshot/Content/' took 0.08s
[2022.03.09-20.09.19:594][  2]LogSlate: Took 0.000369 seconds to synchronously load lazily loaded font '../../../Engine/Content/Slate/Fonts/Roboto-Light.ttf' (167K)
[2022.03.09-20.09.23:505][113]LogAssetRegistry: Asset discovery search completed in 17.6704 seconds
[2022.03.09-20.09.23:531][113]LogCollectionManager: Fixed up redirectors for 0 collections in 0.000009 seconds (updated 0 objects)
[2022.03.09-20.11.07:904][577]LogSlate: Took 0.000339 seconds to synchronously load lazily loaded font '../../../Engine/Content/Slate/Fonts/Roboto-Light.ttf' (167K)
[2022.03.09-20.11.07:926][577]LogAssetEditorSubsystem: Opening Asset editor for Blueprint /Game/FirstPersonBP/Blueprints/FirstPersonCharacter.FirstPersonCharacter
[2022.03.09-20.11.08:278][577]LogNativeClassHierarchy: Verbose: Native class hierarchy updated for 'BlueprintGraph' in 0.0009 seconds. Added 126 classes and 0 folders.
[2022.03.09-20.11.09:502][577]LogSlate: Took 0.000230 seconds to synchronously load lazily loaded font '../../../Engine/Content/Slate/Fonts/Roboto-BoldCondensed.ttf' (158K)
[2022.03.09-20.11.09:887][578]LogSlate: Took 0.022811 seconds to synchronously load lazily loaded font '../../../Engine/Content/Slate/Fonts/Roboto-Italic.ttf' (157K)
[2022.03.09-20.12.36:624][767]LogSlate: Window 'FirstPersonCharacter' being destroyed
[2022.03.09-20.22.57:596][910]LogSlate: Window 'Color Picker' being destroyed
[2022.03.09-20.23.37:978][285]LogUObjectHash: Compacting FUObjectHashTables data took   3.53ms
[2022.03.09-20.23.38:031][285]LogSavePackage: Moving '../../../../../../Users/Lyle/Documents/Unreal Projects/Safari_Snapshot/Saved/FirstPersonExampleMap_Auto12093276A4E347C5EF479E3979E50F58F.tmp' to '../../../../../../Users/Lyle/Documents/Unreal Projects/Safari_Snapshot/Saved/Autosaves/Game/FirstPersonBP/Maps/FirstPersonExampleMap_Auto1.umap'
[2022.03.09-20.23.38:035][285]LogFileHelpers: Editor autosave (incl. external actors) for '/Game/FirstPersonBP/Maps/FirstPersonExampleMap' took 0.097
[2022.03.09-20.23.38:035][285]LogFileHelpers: Editor autosave (incl. sublevels & external actors) for all levels took 0.097
[2022.03.09-20.23.38:036][285]OBJ SavePackage: Generating thumbnails for [2] asset(s) in package [/Game/FirstPersonBP/Blueprints/FirstPersonCharacter] ([2] browsable assets)...
[2022.03.09-20.23.38:078][285]OBJ SavePackage:     Rendered thumbnail for [Blueprint /Game/FirstPersonBP/Blueprints/FirstPersonCharacter.FirstPersonCharacter]
[2022.03.09-20.23.38:079][285]OBJ SavePackage: Finished generating thumbnails for package [/Game/FirstPersonBP/Blueprints/FirstPersonCharacter]
[2022.03.09-20.23.38:220][285]LogSavePackage: Moving '../../../../../../Users/Lyle/Documents/Unreal Projects/Safari_Snapshot/Saved/FirstPersonCharacter_Auto1865E59164CD4FCEA1E31D79589CE8E28.tmp' to '../../../../../../Users/Lyle/Documents/Unreal Projects/Safari_Snapshot/Saved/Autosaves/Game/FirstPersonBP/Blueprints/FirstPersonCharacter_Auto1.uasset'
[2022.03.09-20.23.38:221][285]LogFileHelpers: Auto-saving content packages took 0.185
[2022.03.09-20.30.02:426][197]LogSlate: Window 'Color Picker' being destroyed
[2022.03.09-20.30.55:700][577]LogEditorTransaction: Warning: Canceling transaction partially is unsupported. Canceling Edit Comment Color entirely.
[2022.03.09-20.30.55:731][577]LogSlate: Window 'Color Picker' being destroyed
[2022.03.09-20.31.55:731][551]LogEditorTransaction: Warning: Canceling transaction partially is unsupported. Canceling Edit Comment Color entirely.
[2022.03.09-20.31.55:757][551]LogSlate: Window 'Color Picker' being destroyed
[2022.03.09-20.33.04:149][629]LogEditorTransaction: Warning: Canceling transaction partially is unsupported. Canceling Edit Comment Color entirely.
[2022.03.09-20.33.04:197][629]LogSlate: Window 'Color Picker' being destroyed
[2022.03.09-20.33.17:869][584]LogUObjectHash: Compacting FUObjectHashTables data took   4.02ms
[2022.03.09-20.33.17:934][584]LogUObjectHash: Compacting FUObjectHashTables data took   0.72ms
[2022.03.09-20.33.17:973][584]LogSavePackage: Moving '../../../../../../Users/Lyle/Documents/Unreal Projects/Safari_Snapshot/Saved/FirstPersonExampleMap67189EEF4F4209DBCC332D8129A6CAF3.tmp' to '../../../../../../Users/Lyle/Documents/Unreal Projects/Safari_Snapshot/Content/FirstPersonBP/Maps/FirstPersonExampleMap.umap'
[2022.03.09-20.33.17:996][584]LogFileHelpers: Saving map 'FirstPersonExampleMap' took 0.093
[2022.03.09-20.33.18:211][584]LogSavePackage: Moving '../../../../../../Users/Lyle/Documents/Unreal Projects/Safari_Snapshot/Saved/FirstPersonCharacter272344F743104B6427ECE29A2F12A2F9.tmp' to '../../../../../../Users/Lyle/Documents/Unreal Projects/Safari_Snapshot/Content/FirstPersonBP/Blueprints/FirstPersonCharacter.uasset'
[2022.03.09-20.33.18:232][584]AssetCheck: New page: Asset Save: multiple assets
[2022.03.09-20.33.18:232][584]LogContentValidation: Display: Validating Blueprint /Game/FirstPersonBP/Blueprints/FirstPersonCharacter.FirstPersonCharacter
[2022.03.09-20.33.18:239][584]LogContentValidation: Display: Validating World /Game/FirstPersonBP/Maps/FirstPersonExampleMap.FirstPersonExampleMap
[2022.03.09-20.33.18:624][607]BlueprintLog: New page: Compile FirstPersonCharacter
[2022.03.09-20.33.18:760][607]LogUObjectHash: Compacting FUObjectHashTables data took   3.34ms
[2022.03.09-20.33.19:197][607]LogSlate: Took 0.012524 seconds to synchronously load lazily loaded font '../../../Engine/Content/Slate/Fonts/DroidSansMono.ttf' (77K)
[2022.03.09-20.33.20:087][673]LogUObjectHash: Compacting FUObjectHashTables data took   3.49ms
[2022.03.09-20.33.20:149][673]LogUObjectHash: Compacting FUObjectHashTables data took   0.76ms
[2022.03.09-20.33.20:183][673]LogSavePackage: Moving '../../../../../../Users/Lyle/Documents/Unreal Projects/Safari_Snapshot/Saved/FirstPersonExampleMap46E65BE743AC82589DAD5AA12B871C1C.tmp' to '../../../../../../Users/Lyle/Documents/Unreal Projects/Safari_Snapshot/Content/FirstPersonBP/Maps/FirstPersonExampleMap.umap'
[2022.03.09-20.33.20:204][673]LogFileHelpers: Saving map 'FirstPersonExampleMap' took 0.083
[2022.03.09-20.33.20:224][673]AssetCheck: New page: Asset Save: FirstPersonExampleMap
[2022.03.09-20.33.20:224][673]LogContentValidation: Display: Validating World /Game/FirstPersonBP/Maps/FirstPersonExampleMap.FirstPersonExampleMap
